{"components/user-form.js":{"path":"components/user-form.js","b":{"0":[16,16]},"statementMap":{"0":{"start":{"line":7,"column":4},"end":{"line":7,"column":9}},"1":{"start":{"line":13,"column":22},"end":{"line":13,"column":40}},"2":{"start":{"line":15,"column":8},"end":{"line":15,"column":64}},"3":{"start":{"line":20,"column":12},"end":{"line":20,"column":44}}},"s":{"0":5,"1":32,"2":32,"3":0},"fnMap":{"0":{"loc":{"start":{"line":12,"column":47},"end":{"line":16,"column":5}},"decl":{"start":{"line":12,"column":35},"end":{"line":12,"column":36}},"line":12,"name":"(anonymous_0)"}},"f":{"0":32},"branchMap":{"0":{"loc":{"start":{"line":15,"column":15},"end":{"line":15,"column":63}},"line":15,"locations":[{"start":{"line":15,"column":29},"end":{"line":15,"column":40}},{"start":{"line":15,"column":43},"end":{"line":15,"column":63}}],"type":"cond-expr"}},"_coverageSchema":"332fd63041d2c1bcb487cc26dd0d5f7d97098a6c","hash":"3cac735f762b5f81d7011a88e54e2c57ec29b66f"},"forms/transfer.js":{"path":"forms/transfer.js","b":{},"statementMap":{"0":{"start":{"line":10,"column":4},"end":{"line":10,"column":9}},"1":{"start":{"line":18,"column":8},"end":{"line":18,"column":34}},"2":{"start":{"line":19,"column":22},"end":{"line":19,"column":40}},"3":{"start":{"line":21,"column":8},"end":{"line":21,"column":76}},"4":{"start":{"line":22,"column":8},"end":{"line":22,"column":49}},"5":{"start":{"line":23,"column":8},"end":{"line":23,"column":71}},"6":{"start":{"line":27,"column":8},"end":{"line":27,"column":43}}},"s":{"0":5,"1":0,"2":0,"3":0,"4":0,"5":0,"6":0},"fnMap":{},"f":{},"branchMap":{},"_coverageSchema":"332fd63041d2c1bcb487cc26dd0d5f7d97098a6c","hash":"98fd03d22cbbd171efaac0f9d80e05d983e3f523"},"models/transaction.js":{"path":"models/transaction.js","b":{"0":[3,0],"1":[3,0]},"statementMap":{"0":{"start":{"line":11,"column":4},"end":{"line":11,"column":9}},"1":{"start":{"line":24,"column":12},"end":{"line":24,"column":50}},"2":{"start":{"line":29,"column":21},"end":{"line":29,"column":38}},"3":{"start":{"line":31,"column":8},"end":{"line":33,"column":9}},"4":{"start":{"line":32,"column":12},"end":{"line":32,"column":40}},"5":{"start":{"line":35,"column":8},"end":{"line":35,"column":20}}},"s":{"0":5,"1":3,"2":3,"3":3,"4":3,"5":0},"fnMap":{"0":{"loc":{"start":{"line":28,"column":40},"end":{"line":36,"column":5}},"decl":{"start":{"line":28,"column":28},"end":{"line":28,"column":29}},"line":28,"name":"(anonymous_0)"}},"f":{"0":3},"branchMap":{"0":{"loc":{"start":{"line":24,"column":19},"end":{"line":24,"column":49}},"line":24,"locations":[{"start":{"line":24,"column":19},"end":{"line":24,"column":36}},{"start":{"line":24,"column":40},"end":{"line":24,"column":49}}],"type":"binary-expr"},"1":{"loc":{"start":{"line":31,"column":8},"end":{"line":33,"column":9}},"line":31,"locations":[{"start":{"line":31,"column":8},"end":{"line":33,"column":9}},{"start":{"line":31,"column":8},"end":{"line":33,"column":9}}],"type":"if"}},"_coverageSchema":"332fd63041d2c1bcb487cc26dd0d5f7d97098a6c","hash":"309c62cdf1c8c031cbbebe936bf27dbca3cfd5f6"},"router.js":{"path":"router.js","b":{},"statementMap":{"0":{"start":{"line":6,"column":15},"end":{"line":9,"column":2}},"1":{"start":{"line":11,"column":0},"end":{"line":27,"column":3}},"2":{"start":{"line":15,"column":4},"end":{"line":15,"column":52}},"3":{"start":{"line":16,"column":4},"end":{"line":25,"column":7}},"4":{"start":{"line":19,"column":8},"end":{"line":22,"column":11}},"5":{"start":{"line":20,"column":12},"end":{"line":20,"column":30}},"6":{"start":{"line":21,"column":12},"end":{"line":21,"column":61}},"7":{"start":{"line":23,"column":8},"end":{"line":23,"column":27}},"8":{"start":{"line":24,"column":8},"end":{"line":24,"column":34}},"9":{"start":{"line":26,"column":4},"end":{"line":26,"column":22}}},"s":{"0":5,"1":5,"2":5,"3":5,"4":5,"5":5,"6":5,"7":5,"8":5,"9":5},"fnMap":{"0":{"loc":{"start":{"line":11,"column":23},"end":{"line":27,"column":1}},"decl":{"start":{"line":11,"column":11},"end":{"line":11,"column":12}},"line":11,"name":"(anonymous_0)"},"1":{"loc":{"start":{"line":18,"column":19},"end":{"line":25,"column":5}},"decl":{"start":{"line":18,"column":7},"end":{"line":18,"column":8}},"line":18,"name":"(anonymous_1)"},"2":{"loc":{"start":{"line":19,"column":47},"end":{"line":22,"column":9}},"decl":{"start":{"line":19,"column":35},"end":{"line":19,"column":36}},"line":19,"name":"(anonymous_2)"}},"f":{"0":5,"1":5,"2":5},"branchMap":{},"_coverageSchema":"332fd63041d2c1bcb487cc26dd0d5f7d97098a6c","hash":"cf855e0e9c8691afd61cb2fe2f8e91ef0aac53a6"},"models/sync-job.js":{"path":"models/sync-job.js","b":{},"statementMap":{"0":{"start":{"line":9,"column":12},"end":{"line":9,"column":30}}},"s":{"0":20},"fnMap":{},"f":{},"branchMap":{},"_coverageSchema":"332fd63041d2c1bcb487cc26dd0d5f7d97098a6c","hash":"53349c46b9d305c65518ca1bc65c0143aa342080"},"components/side-menu-toggle-custom.js":{"path":"components/side-menu-toggle-custom.js","b":{},"statementMap":{},"s":{},"fnMap":{},"f":{},"branchMap":{},"_coverageSchema":"332fd63041d2c1bcb487cc26dd0d5f7d97098a6c","hash":"ed625b55a88c691189ad8a3a36af5ec01d41bee5"},"utils/left-pad.js":{"path":"utils/left-pad.js","b":{},"statementMap":{"0":{"start":{"line":2,"column":4},"end":{"line":2,"column":65}}},"s":{"0":10},"fnMap":{"0":{"loc":{"start":{"line":1,"column":45},"end":{"line":3,"column":1}},"decl":{"start":{"line":1,"column":24},"end":{"line":1,"column":31}},"line":1,"name":"leftPad"}},"f":{"0":10},"branchMap":{},"_coverageSchema":"332fd63041d2c1bcb487cc26dd0d5f7d97098a6c","hash":"1e592a11644d4cafa3a3353867b6f0950aed9a8e"},"services/user-context.js":{"path":"services/user-context.js","b":{"0":[9,0]},"statementMap":{"0":{"start":{"line":8,"column":4},"end":{"line":8,"column":9}},"1":{"start":{"line":15,"column":8},"end":{"line":15,"column":83}},"2":{"start":{"line":19,"column":23},"end":{"line":19,"column":98}},"3":{"start":{"line":20,"column":21},"end":{"line":20,"column":61}},"4":{"start":{"line":22,"column":8},"end":{"line":24,"column":9}},"5":{"start":{"line":23,"column":12},"end":{"line":23,"column":43}},"6":{"start":{"line":26,"column":8},"end":{"line":26,"column":20}},"7":{"start":{"line":30,"column":8},"end":{"line":30,"column":53}},"8":{"start":{"line":31,"column":8},"end":{"line":31,"column":39}}},"s":{"0":5,"1":8,"2":9,"3":9,"4":9,"5":9,"6":9,"7":0,"8":0},"fnMap":{},"f":{},"branchMap":{"0":{"loc":{"start":{"line":22,"column":8},"end":{"line":24,"column":9}},"line":22,"locations":[{"start":{"line":22,"column":8},"end":{"line":24,"column":9}},{"start":{"line":22,"column":8},"end":{"line":24,"column":9}}],"type":"if"}},"_coverageSchema":"332fd63041d2c1bcb487cc26dd0d5f7d97098a6c","hash":"311c5388903a5d7f7797ca1b7de7c346d5dded36"},"models/user.js":{"path":"models/user.js","b":{},"statementMap":{"0":{"start":{"line":10,"column":4},"end":{"line":10,"column":9}},"1":{"start":{"line":16,"column":29},"end":{"line":16,"column":60}},"2":{"start":{"line":17,"column":33},"end":{"line":17,"column":69}},"3":{"start":{"line":18,"column":33},"end":{"line":18,"column":96}},"4":{"start":{"line":18,"column":58},"end":{"line":18,"column":95}},"5":{"start":{"line":19,"column":26},"end":{"line":22,"column":9}},"6":{"start":{"line":20,"column":24},"end":{"line":20,"column":58}},"7":{"start":{"line":23,"column":26},"end":{"line":26,"column":9}},"8":{"start":{"line":24,"column":24},"end":{"line":24,"column":92}},"9":{"start":{"line":28,"column":8},"end":{"line":28,"column":50}}},"s":{"0":5,"1":22,"2":22,"3":22,"4":2,"5":22,"6":1,"7":22,"8":2,"9":22},"fnMap":{"0":{"loc":{"start":{"line":15,"column":59},"end":{"line":29,"column":5}},"decl":{"start":{"line":15,"column":47},"end":{"line":15,"column":48}},"line":15,"name":"(anonymous_0)"},"1":{"loc":{"start":{"line":18,"column":58},"end":{"line":18,"column":95}},"decl":{"start":{"line":18,"column":53},"end":{"line":18,"column":54}},"line":18,"name":"(anonymous_1)"},"2":{"loc":{"start":{"line":20,"column":24},"end":{"line":20,"column":58}},"decl":{"start":{"line":20,"column":12},"end":{"line":20,"column":13}},"line":20,"name":"(anonymous_2)"},"3":{"loc":{"start":{"line":24,"column":24},"end":{"line":24,"column":92}},"decl":{"start":{"line":24,"column":12},"end":{"line":24,"column":13}},"line":24,"name":"(anonymous_3)"}},"f":{"0":22,"1":2,"2":1,"3":2},"branchMap":{},"_coverageSchema":"332fd63041d2c1bcb487cc26dd0d5f7d97098a6c","hash":"412c5b778c0fa6b9780ced152d361ee8f765b448"},"adapters/online/application.js":{"path":"adapters/online/application.js","b":{},"statementMap":{},"s":{},"fnMap":{},"f":{},"branchMap":{},"_coverageSchema":"332fd63041d2c1bcb487cc26dd0d5f7d97098a6c","hash":"6846daca556efebd65dde4948c73c485fa801e64"},"services/online-store.js":{"path":"services/online-store.js","b":{},"statementMap":{"0":{"start":{"line":4,"column":18},"end":{"line":4,"column":20}},"1":{"start":{"line":5,"column":21},"end":{"line":5,"column":26}},"2":{"start":{"line":9,"column":8},"end":{"line":9,"column":36}},"3":{"start":{"line":13,"column":8},"end":{"line":13,"column":34}},"4":{"start":{"line":14,"column":8},"end":{"line":14,"column":33}},"5":{"start":{"line":18,"column":8},"end":{"line":18,"column":50}},"6":{"start":{"line":22,"column":8},"end":{"line":22,"column":50}}},"s":{"0":5,"1":5,"2":5,"3":5,"4":5,"5":5,"6":61},"fnMap":{"0":{"loc":{"start":{"line":8,"column":43},"end":{"line":10,"column":5}},"decl":{"start":{"line":8,"column":31},"end":{"line":8,"column":32}},"line":8,"name":"(anonymous_0)"}},"f":{"0":5},"branchMap":{},"_coverageSchema":"332fd63041d2c1bcb487cc26dd0d5f7d97098a6c","hash":"9251d513a170f8ac2342280b26d5c3affa69c1c1"},"initializers/forms.js":{"path":"initializers/forms.js","b":{},"statementMap":{"0":{"start":{"line":7,"column":4},"end":{"line":7,"column":75}},"1":{"start":{"line":8,"column":4},"end":{"line":8,"column":73}},"2":{"start":{"line":9,"column":4},"end":{"line":9,"column":79}},"3":{"start":{"line":10,"column":4},"end":{"line":10,"column":81}},"4":{"start":{"line":13,"column":4},"end":{"line":13,"column":71}}},"s":{"0":5,"1":5,"2":5,"3":5,"4":5},"fnMap":{"0":{"loc":{"start":{"line":6,"column":40},"end":{"line":14,"column":1}},"decl":{"start":{"line":6,"column":16},"end":{"line":6,"column":26}},"line":6,"name":"initialize"}},"f":{"0":5},"branchMap":{},"_coverageSchema":"332fd63041d2c1bcb487cc26dd0d5f7d97098a6c","hash":"3954599bd8815a03ef5bcba326f09285a0016d5d"},"components/switch-user-dropdown.js":{"path":"components/switch-user-dropdown.js","b":{},"statementMap":{"0":{"start":{"line":7,"column":4},"end":{"line":7,"column":9}},"1":{"start":{"line":14,"column":22},"end":{"line":14,"column":40}},"2":{"start":{"line":15,"column":28},"end":{"line":15,"column":49}},"3":{"start":{"line":17,"column":8},"end":{"line":17,"column":60}},"4":{"start":{"line":22,"column":12},"end":{"line":22,"column":44}}},"s":{"0":5,"1":30,"2":30,"3":30,"4":0},"fnMap":{"0":{"loc":{"start":{"line":13,"column":58},"end":{"line":18,"column":5}},"decl":{"start":{"line":13,"column":46},"end":{"line":13,"column":47}},"line":13,"name":"(anonymous_0)"}},"f":{"0":30},"branchMap":{},"_coverageSchema":"332fd63041d2c1bcb487cc26dd0d5f7d97098a6c","hash":"533d211b34ee05a0c8810f5a39095d8f1a009eac"},"helpers/is-included.js":{"path":"helpers/is-included.js","b":{"0":[0,8]},"statementMap":{"0":{"start":{"line":3,"column":19},"end":{"line":3,"column":24}},"1":{"start":{"line":6,"column":4},"end":{"line":8,"column":5}},"2":{"start":{"line":7,"column":8},"end":{"line":7,"column":21}},"3":{"start":{"line":10,"column":4},"end":{"line":10,"column":32}}},"s":{"0":4,"1":8,"2":0,"3":8},"fnMap":{"0":{"loc":{"start":{"line":5,"column":42},"end":{"line":11,"column":1}},"decl":{"start":{"line":5,"column":16},"end":{"line":5,"column":26}},"line":5,"name":"isIncluded"}},"f":{"0":8},"branchMap":{"0":{"loc":{"start":{"line":6,"column":4},"end":{"line":8,"column":5}},"line":6,"locations":[{"start":{"line":6,"column":4},"end":{"line":8,"column":5}},{"start":{"line":6,"column":4},"end":{"line":8,"column":5}}],"type":"if"}},"_coverageSchema":"332fd63041d2c1bcb487cc26dd0d5f7d97098a6c","hash":"c42a8f7bbbfbb2a18c83b602bdd697abb6fd9a7c"},"mixins/remember-scroll.js":{"path":"mixins/remember-scroll.js","b":{"0":[0,76]},"statementMap":{"0":{"start":{"line":9,"column":4},"end":{"line":9,"column":9}},"1":{"start":{"line":15,"column":8},"end":{"line":15,"column":34}},"2":{"start":{"line":16,"column":27},"end":{"line":16,"column":50}},"3":{"start":{"line":18,"column":8},"end":{"line":24,"column":9}},"4":{"start":{"line":19,"column":12},"end":{"line":21,"column":15}},"5":{"start":{"line":20,"column":16},"end":{"line":20,"column":61}},"6":{"start":{"line":23,"column":12},"end":{"line":23,"column":48}},"7":{"start":{"line":28,"column":8},"end":{"line":28,"column":34}},"8":{"start":{"line":29,"column":8},"end":{"line":29,"column":68}}},"s":{"0":5,"1":76,"2":76,"3":76,"4":0,"5":0,"6":76,"7":58,"8":58},"fnMap":{"0":{"loc":{"start":{"line":19,"column":23},"end":{"line":21,"column":13}},"decl":{"start":{"line":19,"column":17},"end":{"line":19,"column":18}},"line":19,"name":"(anonymous_0)"}},"f":{"0":0},"branchMap":{"0":{"loc":{"start":{"line":18,"column":8},"end":{"line":24,"column":9}},"line":18,"locations":[{"start":{"line":18,"column":8},"end":{"line":24,"column":9}},{"start":{"line":18,"column":8},"end":{"line":24,"column":9}}],"type":"if"}},"_coverageSchema":"332fd63041d2c1bcb487cc26dd0d5f7d97098a6c","hash":"50f806968ae47e174361d6ceb4b6797c7b143a35"},"components/quick-add-form.js":{"path":"components/quick-add-form.js","b":{"0":[0,39],"1":[39,31],"2":[0,2],"3":[0,2],"4":[0,2]},"statementMap":{"0":{"start":{"line":11,"column":4},"end":{"line":11,"column":9}},"1":{"start":{"line":13,"column":20},"end":{"line":32,"column":2}},"2":{"start":{"line":47,"column":22},"end":{"line":47,"column":40}},"3":{"start":{"line":48,"column":35},"end":{"line":48,"column":66}},"4":{"start":{"line":49,"column":33},"end":{"line":49,"column":69}},"5":{"start":{"line":50,"column":22},"end":{"line":50,"column":40}},"6":{"start":{"line":51,"column":27},"end":{"line":51,"column":52}},"7":{"start":{"line":53,"column":8},"end":{"line":55,"column":9}},"8":{"start":{"line":54,"column":12},"end":{"line":54,"column":35}},"9":{"start":{"line":57,"column":8},"end":{"line":62,"column":11}},"10":{"start":{"line":67,"column":8},"end":{"line":69,"column":16}},"11":{"start":{"line":68,"column":12},"end":{"line":68,"column":49}},"12":{"start":{"line":74,"column":34},"end":{"line":74,"column":60}},"13":{"start":{"line":75,"column":37},"end":{"line":75,"column":61}},"14":{"start":{"line":76,"column":26},"end":{"line":76,"column":44}},"15":{"start":{"line":78,"column":12},"end":{"line":78,"column":38}},"16":{"start":{"line":78,"column":31},"end":{"line":78,"column":38}},"17":{"start":{"line":79,"column":12},"end":{"line":79,"column":52}},"18":{"start":{"line":79,"column":45},"end":{"line":79,"column":52}},"19":{"start":{"line":81,"column":12},"end":{"line":81,"column":36}},"20":{"start":{"line":85,"column":37},"end":{"line":85,"column":66}},"21":{"start":{"line":86,"column":37},"end":{"line":86,"column":61}},"22":{"start":{"line":88,"column":12},"end":{"line":88,"column":63}},"23":{"start":{"line":88,"column":56},"end":{"line":88,"column":63}},"24":{"start":{"line":90,"column":12},"end":{"line":90,"column":47}}},"s":{"0":4,"1":4,"2":39,"3":39,"4":39,"5":39,"6":39,"7":39,"8":0,"9":39,"10":5,"11":5,"12":2,"13":2,"14":2,"15":2,"16":0,"17":2,"18":0,"19":2,"20":2,"21":2,"22":2,"23":0,"24":2},"fnMap":{"0":{"loc":{"start":{"line":46,"column":60},"end":{"line":63,"column":5}},"decl":{"start":{"line":46,"column":48},"end":{"line":46,"column":49}},"line":46,"name":"(anonymous_0)"},"1":{"loc":{"start":{"line":67,"column":25},"end":{"line":69,"column":9}},"decl":{"start":{"line":67,"column":19},"end":{"line":67,"column":20}},"line":67,"name":"(anonymous_1)"}},"f":{"0":39,"1":5},"branchMap":{"0":{"loc":{"start":{"line":53,"column":8},"end":{"line":55,"column":9}},"line":53,"locations":[{"start":{"line":53,"column":8},"end":{"line":55,"column":9}},{"start":{"line":53,"column":8},"end":{"line":55,"column":9}}],"type":"if"},"1":{"loc":{"start":{"line":53,"column":12},"end":{"line":53,"column":63}},"line":53,"locations":[{"start":{"line":53,"column":12},"end":{"line":53,"column":28}},{"start":{"line":53,"column":32},"end":{"line":53,"column":63}}],"type":"binary-expr"},"2":{"loc":{"start":{"line":78,"column":12},"end":{"line":78,"column":38}},"line":78,"locations":[{"start":{"line":78,"column":12},"end":{"line":78,"column":38}},{"start":{"line":78,"column":12},"end":{"line":78,"column":38}}],"type":"if"},"3":{"loc":{"start":{"line":79,"column":12},"end":{"line":79,"column":52}},"line":79,"locations":[{"start":{"line":79,"column":12},"end":{"line":79,"column":52}},{"start":{"line":79,"column":12},"end":{"line":79,"column":52}}],"type":"if"},"4":{"loc":{"start":{"line":88,"column":12},"end":{"line":88,"column":63}},"line":88,"locations":[{"start":{"line":88,"column":12},"end":{"line":88,"column":63}},{"start":{"line":88,"column":12},"end":{"line":88,"column":63}}],"type":"if"}},"_coverageSchema":"332fd63041d2c1bcb487cc26dd0d5f7d97098a6c","hash":"4954cbc854a988322e8fb673a3e1691944eafe9e"},"services/syncer.js":{"path":"services/syncer.js","b":{"0":[5,0],"1":[0,1],"2":[0,1],"3":[0,0],"4":[0,0],"5":[0,0],"6":[0,0],"7":[0,0]},"statementMap":{"0":{"start":{"line":18,"column":4},"end":{"line":18,"column":9}},"1":{"start":{"line":35,"column":25},"end":{"line":35,"column":46}},"2":{"start":{"line":37,"column":8},"end":{"line":41,"column":9}},"3":{"start":{"line":38,"column":12},"end":{"line":38,"column":30}},"4":{"start":{"line":40,"column":12},"end":{"line":40,"column":39}},"5":{"start":{"line":45,"column":8},"end":{"line":45,"column":34}},"6":{"start":{"line":46,"column":8},"end":{"line":46,"column":60}},"7":{"start":{"line":50,"column":8},"end":{"line":50,"column":51}},"8":{"start":{"line":51,"column":8},"end":{"line":51,"column":37}},"9":{"start":{"line":52,"column":8},"end":{"line":52,"column":36}},"10":{"start":{"line":53,"column":8},"end":{"line":60,"column":15}},"11":{"start":{"line":57,"column":16},"end":{"line":57,"column":62}},"12":{"start":{"line":58,"column":16},"end":{"line":58,"column":46}},"13":{"start":{"line":59,"column":16},"end":{"line":59,"column":46}},"14":{"start":{"line":64,"column":8},"end":{"line":64,"column":93}},"15":{"start":{"line":66,"column":8},"end":{"line":66,"column":66}},"16":{"start":{"line":70,"column":8},"end":{"line":74,"column":11}},"17":{"start":{"line":71,"column":12},"end":{"line":71,"column":50}},"18":{"start":{"line":72,"column":12},"end":{"line":72,"column":48}},"19":{"start":{"line":73,"column":12},"end":{"line":73,"column":39}},"20":{"start":{"line":78,"column":8},"end":{"line":78,"column":45}},"21":{"start":{"line":79,"column":8},"end":{"line":79,"column":35}},"22":{"start":{"line":81,"column":8},"end":{"line":84,"column":66}},"23":{"start":{"line":83,"column":28},"end":{"line":83,"column":73}},"24":{"start":{"line":84,"column":37},"end":{"line":84,"column":64}},"25":{"start":{"line":88,"column":8},"end":{"line":88,"column":46}},"26":{"start":{"line":92,"column":8},"end":{"line":92,"column":48}},"27":{"start":{"line":94,"column":8},"end":{"line":98,"column":56}},"28":{"start":{"line":96,"column":28},"end":{"line":96,"column":62}},"29":{"start":{"line":97,"column":28},"end":{"line":97,"column":76}},"30":{"start":{"line":98,"column":32},"end":{"line":98,"column":54}},"31":{"start":{"line":102,"column":34},"end":{"line":102,"column":80}},"32":{"start":{"line":104,"column":8},"end":{"line":106,"column":9}},"33":{"start":{"line":105,"column":12},"end":{"line":105,"column":29}},"34":{"start":{"line":108,"column":8},"end":{"line":108,"column":36}},"35":{"start":{"line":110,"column":8},"end":{"line":112,"column":71}},"36":{"start":{"line":116,"column":8},"end":{"line":121,"column":15}},"37":{"start":{"line":119,"column":16},"end":{"line":119,"column":51}},"38":{"start":{"line":120,"column":16},"end":{"line":120,"column":52}},"39":{"start":{"line":125,"column":8},"end":{"line":127,"column":28}},"40":{"start":{"line":126,"column":12},"end":{"line":126,"column":52}},"41":{"start":{"line":131,"column":29},"end":{"line":131,"column":70}},"42":{"start":{"line":133,"column":8},"end":{"line":133,"column":56}},"43":{"start":{"line":134,"column":8},"end":{"line":134,"column":88}},"44":{"start":{"line":135,"column":8},"end":{"line":135,"column":45}},"45":{"start":{"line":136,"column":8},"end":{"line":136,"column":36}},"46":{"start":{"line":137,"column":8},"end":{"line":144,"column":11}},"47":{"start":{"line":146,"column":8},"end":{"line":146,"column":61}},"48":{"start":{"line":146,"column":46},"end":{"line":146,"column":59}},"49":{"start":{"line":150,"column":27},"end":{"line":150,"column":54}},"50":{"start":{"line":152,"column":8},"end":{"line":152,"column":45}},"51":{"start":{"line":156,"column":22},"end":{"line":156,"column":40}},"52":{"start":{"line":157,"column":25},"end":{"line":157,"column":48}},"53":{"start":{"line":158,"column":27},"end":{"line":158,"column":66}},"54":{"start":{"line":159,"column":27},"end":{"line":159,"column":78}},"55":{"start":{"line":161,"column":8},"end":{"line":161,"column":63}},"56":{"start":{"line":165,"column":22},"end":{"line":165,"column":70}},"57":{"start":{"line":167,"column":8},"end":{"line":170,"column":9}},"58":{"start":{"line":168,"column":12},"end":{"line":168,"column":57}},"59":{"start":{"line":169,"column":12},"end":{"line":169,"column":40}},"60":{"start":{"line":175,"column":31},"end":{"line":175,"column":58}},"61":{"start":{"line":176,"column":24},"end":{"line":176,"column":46}},"62":{"start":{"line":177,"column":24},"end":{"line":177,"column":28}},"63":{"start":{"line":179,"column":8},"end":{"line":206,"column":9}},"64":{"start":{"line":180,"column":24},"end":{"line":180,"column":41}},"65":{"start":{"line":182,"column":12},"end":{"line":203,"column":15}},"66":{"start":{"line":183,"column":16},"end":{"line":202,"column":19}},"67":{"start":{"line":185,"column":20},"end":{"line":188,"column":21}},"68":{"start":{"line":186,"column":24},"end":{"line":186,"column":42}},"69":{"start":{"line":187,"column":24},"end":{"line":187,"column":31}},"70":{"start":{"line":189,"column":20},"end":{"line":191,"column":21}},"71":{"start":{"line":190,"column":24},"end":{"line":190,"column":31}},"72":{"start":{"line":193,"column":42},"end":{"line":193,"column":54}},"73":{"start":{"line":197,"column":20},"end":{"line":201,"column":23}},"74":{"start":{"line":198,"column":24},"end":{"line":200,"column":65}},"75":{"start":{"line":204,"column":12},"end":{"line":204,"column":42}},"76":{"start":{"line":205,"column":12},"end":{"line":205,"column":56}},"77":{"start":{"line":210,"column":8},"end":{"line":210,"column":93}},"78":{"start":{"line":214,"column":31},"end":{"line":214,"column":58}},"79":{"start":{"line":215,"column":20},"end":{"line":215,"column":43}},"80":{"start":{"line":217,"column":8},"end":{"line":220,"column":9}},"81":{"start":{"line":218,"column":12},"end":{"line":218,"column":29}},"82":{"start":{"line":219,"column":12},"end":{"line":219,"column":43}}},"s":{"0":5,"1":5,"2":5,"3":5,"4":0,"5":5,"6":5,"7":5,"8":5,"9":5,"10":5,"11":4,"12":4,"13":4,"14":0,"15":0,"16":0,"17":0,"18":0,"19":0,"20":5,"21":5,"22":5,"23":5,"24":5,"25":4,"26":4,"27":4,"28":4,"29":4,"30":4,"31":1,"32":1,"33":0,"34":1,"35":1,"36":0,"37":0,"38":0,"39":0,"40":0,"41":0,"42":0,"43":0,"44":0,"45":0,"46":0,"47":0,"48":0,"49":0,"50":0,"51":0,"52":0,"53":0,"54":0,"55":0,"56":1,"57":1,"58":0,"59":0,"60":0,"61":0,"62":0,"63":0,"64":0,"65":0,"66":0,"67":0,"68":0,"69":0,"70":0,"71":0,"72":0,"73":0,"74":0,"75":0,"76":0,"77":5,"78":0,"79":0,"80":0,"81":0,"82":0},"fnMap":{"0":{"loc":{"start":{"line":34,"column":72},"end":{"line":42,"column":5}},"decl":{"start":{"line":34,"column":60},"end":{"line":34,"column":61}},"line":34,"name":"(anonymous_0)"},"1":{"loc":{"start":{"line":56,"column":27},"end":{"line":60,"column":13}},"decl":{"start":{"line":56,"column":21},"end":{"line":56,"column":22}},"line":56,"name":"(anonymous_1)"},"2":{"loc":{"start":{"line":70,"column":95},"end":{"line":74,"column":9}},"decl":{"start":{"line":70,"column":78},"end":{"line":70,"column":79}},"line":70,"name":"(anonymous_2)"},"3":{"loc":{"start":{"line":83,"column":28},"end":{"line":83,"column":73}},"decl":{"start":{"line":83,"column":18},"end":{"line":83,"column":19}},"line":83,"name":"(anonymous_3)"},"4":{"loc":{"start":{"line":84,"column":37},"end":{"line":84,"column":64}},"decl":{"start":{"line":84,"column":18},"end":{"line":84,"column":19}},"line":84,"name":"(anonymous_4)"},"5":{"loc":{"start":{"line":96,"column":28},"end":{"line":96,"column":62}},"decl":{"start":{"line":96,"column":18},"end":{"line":96,"column":19}},"line":96,"name":"(anonymous_5)"},"6":{"loc":{"start":{"line":97,"column":28},"end":{"line":97,"column":76}},"decl":{"start":{"line":97,"column":18},"end":{"line":97,"column":19}},"line":97,"name":"(anonymous_6)"},"7":{"loc":{"start":{"line":98,"column":32},"end":{"line":98,"column":54}},"decl":{"start":{"line":98,"column":18},"end":{"line":98,"column":19}},"line":98,"name":"(anonymous_7)"},"8":{"loc":{"start":{"line":118,"column":35},"end":{"line":121,"column":13}},"decl":{"start":{"line":118,"column":18},"end":{"line":118,"column":19}},"line":118,"name":"(anonymous_8)"},"9":{"loc":{"start":{"line":125,"column":56},"end":{"line":127,"column":9}},"decl":{"start":{"line":125,"column":50},"end":{"line":125,"column":51}},"line":125,"name":"(anonymous_9)"},"10":{"loc":{"start":{"line":127,"column":23},"end":{"line":127,"column":26}},"decl":{"start":{"line":127,"column":17},"end":{"line":127,"column":18}},"line":127,"name":"(anonymous_10)"},"11":{"loc":{"start":{"line":146,"column":46},"end":{"line":146,"column":59}},"decl":{"start":{"line":146,"column":40},"end":{"line":146,"column":41}},"line":146,"name":"(anonymous_11)"},"12":{"loc":{"start":{"line":182,"column":56},"end":{"line":203,"column":13}},"decl":{"start":{"line":182,"column":42},"end":{"line":182,"column":43}},"line":182,"name":"(anonymous_12)"},"13":{"loc":{"start":{"line":183,"column":26},"end":{"line":202,"column":17}},"decl":{"start":{"line":183,"column":20},"end":{"line":183,"column":21}},"line":183,"name":"(anonymous_13)"},"14":{"loc":{"start":{"line":197,"column":50},"end":{"line":201,"column":21}},"decl":{"start":{"line":197,"column":44},"end":{"line":197,"column":45}},"line":197,"name":"(anonymous_14)"}},"f":{"0":5,"1":4,"2":0,"3":5,"4":5,"5":4,"6":4,"7":4,"8":0,"9":0,"10":0,"11":0,"12":0,"13":0,"14":0},"branchMap":{"0":{"loc":{"start":{"line":37,"column":8},"end":{"line":41,"column":9}},"line":37,"locations":[{"start":{"line":37,"column":8},"end":{"line":41,"column":9}},{"start":{"line":37,"column":8},"end":{"line":41,"column":9}}],"type":"if"},"1":{"loc":{"start":{"line":104,"column":8},"end":{"line":106,"column":9}},"line":104,"locations":[{"start":{"line":104,"column":8},"end":{"line":106,"column":9}},{"start":{"line":104,"column":8},"end":{"line":106,"column":9}}],"type":"if"},"2":{"loc":{"start":{"line":167,"column":8},"end":{"line":170,"column":9}},"line":167,"locations":[{"start":{"line":167,"column":8},"end":{"line":170,"column":9}},{"start":{"line":167,"column":8},"end":{"line":170,"column":9}}],"type":"if"},"3":{"loc":{"start":{"line":179,"column":8},"end":{"line":206,"column":9}},"line":179,"locations":[{"start":{"line":179,"column":8},"end":{"line":206,"column":9}},{"start":{"line":179,"column":8},"end":{"line":206,"column":9}}],"type":"if"},"4":{"loc":{"start":{"line":185,"column":20},"end":{"line":188,"column":21}},"line":185,"locations":[{"start":{"line":185,"column":20},"end":{"line":188,"column":21}},{"start":{"line":185,"column":20},"end":{"line":188,"column":21}}],"type":"if"},"5":{"loc":{"start":{"line":189,"column":20},"end":{"line":191,"column":21}},"line":189,"locations":[{"start":{"line":189,"column":20},"end":{"line":191,"column":21}},{"start":{"line":189,"column":20},"end":{"line":191,"column":21}}],"type":"if"},"6":{"loc":{"start":{"line":189,"column":24},"end":{"line":189,"column":85}},"line":189,"locations":[{"start":{"line":189,"column":24},"end":{"line":189,"column":46}},{"start":{"line":189,"column":50},"end":{"line":189,"column":85}}],"type":"binary-expr"},"7":{"loc":{"start":{"line":217,"column":8},"end":{"line":220,"column":9}},"line":217,"locations":[{"start":{"line":217,"column":8},"end":{"line":220,"column":9}},{"start":{"line":217,"column":8},"end":{"line":220,"column":9}}],"type":"if"}},"_coverageSchema":"332fd63041d2c1bcb487cc26dd0d5f7d97098a6c","hash":"9f254be4b6414ed20546d7b349bf647126166959"},"components/my-checkbox-list.js":{"path":"components/my-checkbox-list.js","b":{"0":[0,4],"1":[0,0]},"statementMap":{"0":{"start":{"line":8,"column":4},"end":{"line":8,"column":9}},"1":{"start":{"line":18,"column":8},"end":{"line":18,"column":34}},"2":{"start":{"line":19,"column":8},"end":{"line":21,"column":9}},"3":{"start":{"line":20,"column":12},"end":{"line":20,"column":37}},"4":{"start":{"line":26,"column":27},"end":{"line":26,"column":42}},"5":{"start":{"line":27,"column":28},"end":{"line":27,"column":48}},"6":{"start":{"line":29,"column":30},"end":{"line":29,"column":32}},"7":{"start":{"line":31,"column":12},"end":{"line":35,"column":15}},"8":{"start":{"line":32,"column":16},"end":{"line":34,"column":17}},"9":{"start":{"line":33,"column":20},"end":{"line":33,"column":66}},"10":{"start":{"line":37,"column":12},"end":{"line":37,"column":46}}},"s":{"0":4,"1":4,"2":4,"3":0,"4":0,"5":0,"6":0,"7":0,"8":0,"9":0,"10":0},"fnMap":{"0":{"loc":{"start":{"line":31,"column":42},"end":{"line":35,"column":13}},"decl":{"start":{"line":31,"column":24},"end":{"line":31,"column":25}},"line":31,"name":"(anonymous_0)"}},"f":{"0":0},"branchMap":{"0":{"loc":{"start":{"line":19,"column":8},"end":{"line":21,"column":9}},"line":19,"locations":[{"start":{"line":19,"column":8},"end":{"line":21,"column":9}},{"start":{"line":19,"column":8},"end":{"line":21,"column":9}}],"type":"if"},"1":{"loc":{"start":{"line":32,"column":16},"end":{"line":34,"column":17}},"line":32,"locations":[{"start":{"line":32,"column":16},"end":{"line":34,"column":17}},{"start":{"line":32,"column":16},"end":{"line":34,"column":17}}],"type":"if"}},"_coverageSchema":"332fd63041d2c1bcb487cc26dd0d5f7d97098a6c","hash":"3ed618cf5f0aebb99c862b84d16dc07aae97a1d0"},"components/event-form.js":{"path":"components/event-form.js","b":{"0":[11,5]},"statementMap":{"0":{"start":{"line":8,"column":4},"end":{"line":8,"column":9}},"1":{"start":{"line":17,"column":8},"end":{"line":19,"column":9}},"2":{"start":{"line":18,"column":12},"end":{"line":18,"column":42}},"3":{"start":{"line":24,"column":26},"end":{"line":24,"column":44}},"4":{"start":{"line":26,"column":12},"end":{"line":26,"column":28}},"5":{"start":{"line":30,"column":12},"end":{"line":30,"column":68}}},"s":{"0":5,"1":16,"2":11,"3":0,"4":0,"5":0},"fnMap":{},"f":{},"branchMap":{"0":{"loc":{"start":{"line":17,"column":8},"end":{"line":19,"column":9}},"line":17,"locations":[{"start":{"line":17,"column":8},"end":{"line":19,"column":9}},{"start":{"line":17,"column":8},"end":{"line":19,"column":9}}],"type":"if"}},"_coverageSchema":"332fd63041d2c1bcb487cc26dd0d5f7d97098a6c","hash":"68e2a0d6686b73cab42ee06d1d158dd1b04f99dd"},"components/my-select.js":{"path":"components/my-select.js","b":{"0":[0,20],"1":[8,20],"2":[8,0],"3":[8,0]},"statementMap":{"0":{"start":{"line":10,"column":4},"end":{"line":10,"column":9}},"1":{"start":{"line":21,"column":8},"end":{"line":21,"column":34}},"2":{"start":{"line":22,"column":8},"end":{"line":24,"column":9}},"3":{"start":{"line":23,"column":12},"end":{"line":23,"column":37}},"4":{"start":{"line":28,"column":24},"end":{"line":28,"column":44}},"5":{"start":{"line":29,"column":22},"end":{"line":29,"column":40}},"6":{"start":{"line":31,"column":8},"end":{"line":36,"column":9}},"7":{"start":{"line":32,"column":24},"end":{"line":32,"column":52}},"8":{"start":{"line":33,"column":29},"end":{"line":33,"column":55}},"9":{"start":{"line":35,"column":12},"end":{"line":35,"column":44}},"10":{"start":{"line":41,"column":29},"end":{"line":41,"column":48}},"11":{"start":{"line":42,"column":34},"end":{"line":42,"column":56}},"12":{"start":{"line":43,"column":28},"end":{"line":43,"column":48}},"13":{"start":{"line":46,"column":30},"end":{"line":46,"column":51}},"14":{"start":{"line":47,"column":33},"end":{"line":47,"column":78}},"15":{"start":{"line":49,"column":29},"end":{"line":49,"column":59}},"16":{"start":{"line":51,"column":12},"end":{"line":51,"column":44}},"17":{"start":{"line":52,"column":12},"end":{"line":56,"column":13}},"18":{"start":{"line":53,"column":16},"end":{"line":53,"column":80}},"19":{"start":{"line":55,"column":16},"end":{"line":55,"column":41}}},"s":{"0":5,"1":20,"2":20,"3":0,"4":28,"5":28,"6":28,"7":8,"8":8,"9":8,"10":8,"11":8,"12":8,"13":8,"14":8,"15":8,"16":8,"17":8,"18":8,"19":0},"fnMap":{"0":{"loc":{"start":{"line":27,"column":62},"end":{"line":37,"column":5}},"decl":{"start":{"line":27,"column":50},"end":{"line":27,"column":51}},"line":27,"name":"(anonymous_0)"}},"f":{"0":28},"branchMap":{"0":{"loc":{"start":{"line":22,"column":8},"end":{"line":24,"column":9}},"line":22,"locations":[{"start":{"line":22,"column":8},"end":{"line":24,"column":9}},{"start":{"line":22,"column":8},"end":{"line":24,"column":9}}],"type":"if"},"1":{"loc":{"start":{"line":31,"column":8},"end":{"line":36,"column":9}},"line":31,"locations":[{"start":{"line":31,"column":8},"end":{"line":36,"column":9}},{"start":{"line":31,"column":8},"end":{"line":36,"column":9}}],"type":"if"},"2":{"loc":{"start":{"line":47,"column":33},"end":{"line":47,"column":78}},"line":47,"locations":[{"start":{"line":47,"column":45},"end":{"line":47,"column":62}},{"start":{"line":47,"column":65},"end":{"line":47,"column":78}}],"type":"cond-expr"},"3":{"loc":{"start":{"line":52,"column":12},"end":{"line":56,"column":13}},"line":52,"locations":[{"start":{"line":52,"column":12},"end":{"line":56,"column":13}},{"start":{"line":52,"column":12},"end":{"line":56,"column":13}}],"type":"if"}},"_coverageSchema":"332fd63041d2c1bcb487cc26dd0d5f7d97098a6c","hash":"d28901b3a12490e2358347acec2988292d08bb76"},"initializers/user-context.js":{"path":"initializers/user-context.js","b":{},"statementMap":{"0":{"start":{"line":4,"column":4},"end":{"line":4,"column":62}},"1":{"start":{"line":7,"column":4},"end":{"line":7,"column":76}}},"s":{"0":5,"1":5},"fnMap":{"0":{"loc":{"start":{"line":3,"column":40},"end":{"line":8,"column":1}},"decl":{"start":{"line":3,"column":16},"end":{"line":3,"column":26}},"line":3,"name":"initialize"}},"f":{"0":5},"branchMap":{},"_coverageSchema":"332fd63041d2c1bcb487cc26dd0d5f7d97098a6c","hash":"060a70a3198e01219382ce9c065a690179ffe423"},"utils/is-mobile.js":{"path":"utils/is-mobile.js","b":{},"statementMap":{"0":{"start":{"line":2,"column":24},"end":{"line":2,"column":88}},"1":{"start":{"line":4,"column":4},"end":{"line":4,"column":49}}},"s":{"0":13,"1":13},"fnMap":{"0":{"loc":{"start":{"line":1,"column":35},"end":{"line":5,"column":1}},"decl":{"start":{"line":1,"column":24},"end":{"line":1,"column":32}},"line":1,"name":"isMobile"}},"f":{"0":13},"branchMap":{},"_coverageSchema":"332fd63041d2c1bcb487cc26dd0d5f7d97098a6c","hash":"ac530a962e95f1ca64b8455d4fa078cd07d38320"},"services/connection.js":{"path":"services/connection.js","b":{"0":[5,0]},"statementMap":{"0":{"start":{"line":8,"column":4},"end":{"line":8,"column":9}},"1":{"start":{"line":16,"column":8},"end":{"line":16,"column":34}},"2":{"start":{"line":17,"column":8},"end":{"line":17,"column":75}},"3":{"start":{"line":18,"column":8},"end":{"line":21,"column":10}},"4":{"start":{"line":19,"column":12},"end":{"line":19,"column":47}},"5":{"start":{"line":20,"column":12},"end":{"line":20,"column":42}},"6":{"start":{"line":22,"column":8},"end":{"line":25,"column":10}},"7":{"start":{"line":23,"column":12},"end":{"line":23,"column":46}},"8":{"start":{"line":24,"column":12},"end":{"line":24,"column":41}},"9":{"start":{"line":27,"column":8},"end":{"line":27,"column":67}},"10":{"start":{"line":28,"column":8},"end":{"line":28,"column":65}},"11":{"start":{"line":32,"column":8},"end":{"line":32,"column":70}},"12":{"start":{"line":33,"column":8},"end":{"line":33,"column":68}},"13":{"start":{"line":34,"column":8},"end":{"line":34,"column":34}}},"s":{"0":5,"1":5,"2":5,"3":5,"4":0,"5":0,"6":5,"7":0,"8":0,"9":5,"10":5,"11":0,"12":0,"13":0},"fnMap":{"0":{"loc":{"start":{"line":18,"column":39},"end":{"line":21,"column":9}},"decl":{"start":{"line":18,"column":33},"end":{"line":18,"column":34}},"line":18,"name":"(anonymous_0)"},"1":{"loc":{"start":{"line":22,"column":38},"end":{"line":25,"column":9}},"decl":{"start":{"line":22,"column":32},"end":{"line":22,"column":33}},"line":22,"name":"(anonymous_1)"}},"f":{"0":0,"1":0},"branchMap":{"0":{"loc":{"start":{"line":17,"column":27},"end":{"line":17,"column":73}},"line":17,"locations":[{"start":{"line":17,"column":53},"end":{"line":17,"column":61}},{"start":{"line":17,"column":64},"end":{"line":17,"column":73}}],"type":"cond-expr"}},"_coverageSchema":"332fd63041d2c1bcb487cc26dd0d5f7d97098a6c","hash":"50e4a26ad14efe074abffb890a80278731f3b29a"},"helpers/any.js":{"path":"helpers/any.js","b":{"0":[26,26]},"statementMap":{"0":{"start":{"line":9,"column":4},"end":{"line":9,"column":9}},"1":{"start":{"line":13,"column":8},"end":{"line":13,"column":34}},"2":{"start":{"line":15,"column":8},"end":{"line":15,"column":58}},"3":{"start":{"line":19,"column":8},"end":{"line":19,"column":25}}},"s":{"0":5,"1":26,"2":26,"3":26},"fnMap":{"0":{"loc":{"start":{"line":18,"column":60},"end":{"line":20,"column":5}},"decl":{"start":{"line":18,"column":48},"end":{"line":18,"column":49}},"line":18,"name":"(anonymous_0)"}},"f":{"0":26},"branchMap":{"0":{"loc":{"start":{"line":15,"column":15},"end":{"line":15,"column":57}},"line":15,"locations":[{"start":{"line":15,"column":15},"end":{"line":15,"column":29}},{"start":{"line":15,"column":33},"end":{"line":15,"column":57}}],"type":"binary-expr"}},"_coverageSchema":"332fd63041d2c1bcb487cc26dd0d5f7d97098a6c","hash":"a8f09959798eabeeb5b44daa1384756124aa0853"},"instance-initializers/syncer.js":{"path":"instance-initializers/syncer.js","b":{},"statementMap":{"0":{"start":{"line":3,"column":18},"end":{"line":3,"column":23}},"1":{"start":{"line":6,"column":4},"end":{"line":6,"column":31}},"2":{"start":{"line":7,"column":4},"end":{"line":7,"column":49}}},"s":{"0":5,"1":5,"2":5},"fnMap":{"0":{"loc":{"start":{"line":5,"column":48},"end":{"line":8,"column":1}},"decl":{"start":{"line":5,"column":16},"end":{"line":5,"column":26}},"line":5,"name":"initialize"}},"f":{"0":5},"branchMap":{},"_coverageSchema":"332fd63041d2c1bcb487cc26dd0d5f7d97098a6c","hash":"20034a7fe90bafac33a33b93b6de282c2fda0194"},"components/modal-dialog.js":{"path":"components/modal-dialog.js","b":{"0":[12,1],"1":[13,12]},"statementMap":{"0":{"start":{"line":8,"column":4},"end":{"line":8,"column":9}},"1":{"start":{"line":14,"column":8},"end":{"line":14,"column":34}},"2":{"start":{"line":15,"column":8},"end":{"line":19,"column":11}},"3":{"start":{"line":16,"column":12},"end":{"line":18,"column":15}},"4":{"start":{"line":17,"column":16},"end":{"line":17,"column":53}},"5":{"start":{"line":20,"column":8},"end":{"line":20,"column":55}},"6":{"start":{"line":24,"column":8},"end":{"line":24,"column":22}},"7":{"start":{"line":28,"column":23},"end":{"line":28,"column":39}},"8":{"start":{"line":30,"column":8},"end":{"line":32,"column":9}},"9":{"start":{"line":31,"column":12},"end":{"line":31,"column":43}}},"s":{"0":5,"1":9,"2":9,"3":9,"4":9,"5":9,"6":9,"7":13,"8":13,"9":12},"fnMap":{"0":{"loc":{"start":{"line":15,"column":61},"end":{"line":19,"column":9}},"decl":{"start":{"line":15,"column":55},"end":{"line":15,"column":56}},"line":15,"name":"(anonymous_0)"},"1":{"loc":{"start":{"line":16,"column":22},"end":{"line":18,"column":13}},"decl":{"start":{"line":16,"column":16},"end":{"line":16,"column":17}},"line":16,"name":"(anonymous_1)"}},"f":{"0":9,"1":9},"branchMap":{"0":{"loc":{"start":{"line":30,"column":8},"end":{"line":32,"column":9}},"line":30,"locations":[{"start":{"line":30,"column":8},"end":{"line":32,"column":9}},{"start":{"line":30,"column":8},"end":{"line":32,"column":9}}],"type":"if"},"1":{"loc":{"start":{"line":30,"column":12},"end":{"line":30,"column":34}},"line":30,"locations":[{"start":{"line":30,"column":12},"end":{"line":30,"column":18}},{"start":{"line":30,"column":22},"end":{"line":30,"column":34}}],"type":"binary-expr"}},"_coverageSchema":"332fd63041d2c1bcb487cc26dd0d5f7d97098a6c","hash":"e7da9d62220d9c4844731688121d2b738370e46f"},"services/form-factory.js":{"path":"services/form-factory.js","b":{"0":[0,52]},"statementMap":{"0":{"start":{"line":7,"column":4},"end":{"line":7,"column":9}},"1":{"start":{"line":11,"column":28},"end":{"line":11,"column":66}},"2":{"start":{"line":13,"column":8},"end":{"line":15,"column":9}},"3":{"start":{"line":14,"column":12},"end":{"line":14,"column":94}},"4":{"start":{"line":17,"column":8},"end":{"line":17,"column":80}}},"s":{"0":5,"1":52,"2":52,"3":0,"4":52},"fnMap":{},"f":{},"branchMap":{"0":{"loc":{"start":{"line":13,"column":8},"end":{"line":15,"column":9}},"line":13,"locations":[{"start":{"line":13,"column":8},"end":{"line":15,"column":9}},{"start":{"line":13,"column":8},"end":{"line":15,"column":9}}],"type":"if"}},"_coverageSchema":"332fd63041d2c1bcb487cc26dd0d5f7d97098a6c","hash":"c72ceffcdc5a486ce7648573e4c46499ddcc028c"},"adapters/offline/transaction.js":{"path":"adapters/offline/transaction.js","b":{},"statementMap":{"0":{"start":{"line":7,"column":4},"end":{"line":7,"column":9}},"1":{"start":{"line":13,"column":8},"end":{"line":13,"column":25}},"2":{"start":{"line":17,"column":8},"end":{"line":17,"column":25}}},"s":{"0":3,"1":0,"2":3},"fnMap":{},"f":{},"branchMap":{},"_coverageSchema":"332fd63041d2c1bcb487cc26dd0d5f7d97098a6c","hash":"52a25acda19cc9dec328487ba28142a0e18ea59b"},"initializers/offline-support.js":{"path":"initializers/offline-support.js","b":{"0":[0,5],"1":[0,0],"2":[0,0]},"statementMap":{"0":{"start":{"line":4,"column":37},"end":{"line":4,"column":42}},"1":{"start":{"line":9,"column":23},"end":{"line":9,"column":73}},"2":{"start":{"line":11,"column":8},"end":{"line":39,"column":9}},"3":{"start":{"line":12,"column":12},"end":{"line":38,"column":15}},"4":{"start":{"line":13,"column":33},"end":{"line":13,"column":54}},"5":{"start":{"line":14,"column":16},"end":{"line":14,"column":66}},"6":{"start":{"line":16,"column":16},"end":{"line":35,"column":18}},"7":{"start":{"line":17,"column":20},"end":{"line":17,"column":76}},"8":{"start":{"line":19,"column":20},"end":{"line":34,"column":22}},"9":{"start":{"line":20,"column":24},"end":{"line":33,"column":25}},"10":{"start":{"line":21,"column":28},"end":{"line":21,"column":63}},"11":{"start":{"line":23,"column":28},"end":{"line":30,"column":29}},"12":{"start":{"line":24,"column":32},"end":{"line":27,"column":34}},"13":{"start":{"line":29,"column":32},"end":{"line":29,"column":77}},"14":{"start":{"line":32,"column":28},"end":{"line":32,"column":76}},"15":{"start":{"line":37,"column":16},"end":{"line":37,"column":27}}},"s":{"0":5,"1":5,"2":5,"3":0,"4":0,"5":0,"6":0,"7":0,"8":0,"9":0,"10":0,"11":0,"12":0,"13":0,"14":0,"15":0},"fnMap":{"0":{"loc":{"start":{"line":12,"column":98},"end":{"line":36,"column":13}},"decl":{"start":{"line":12,"column":80},"end":{"line":12,"column":81}},"line":12,"name":"(anonymous_0)"},"1":{"loc":{"start":{"line":16,"column":57},"end":{"line":35,"column":17}},"decl":{"start":{"line":16,"column":45},"end":{"line":16,"column":46}},"line":16,"name":"(anonymous_1)"},"2":{"loc":{"start":{"line":19,"column":72},"end":{"line":34,"column":21}},"decl":{"start":{"line":19,"column":60},"end":{"line":19,"column":61}},"line":19,"name":"(anonymous_2)"},"3":{"loc":{"start":{"line":36,"column":30},"end":{"line":38,"column":13}},"decl":{"start":{"line":36,"column":21},"end":{"line":36,"column":22}},"line":36,"name":"(anonymous_3)"}},"f":{"0":0,"1":0,"2":0,"3":0},"branchMap":{"0":{"loc":{"start":{"line":11,"column":8},"end":{"line":39,"column":9}},"line":11,"locations":[{"start":{"line":11,"column":8},"end":{"line":39,"column":9}},{"start":{"line":11,"column":8},"end":{"line":39,"column":9}}],"type":"if"},"1":{"loc":{"start":{"line":20,"column":24},"end":{"line":33,"column":25}},"line":20,"locations":[{"start":{"line":20,"column":24},"end":{"line":33,"column":25}},{"start":{"line":20,"column":24},"end":{"line":33,"column":25}}],"type":"if"},"2":{"loc":{"start":{"line":23,"column":28},"end":{"line":30,"column":29}},"line":23,"locations":[{"start":{"line":23,"column":28},"end":{"line":30,"column":29}},{"start":{"line":23,"column":28},"end":{"line":30,"column":29}}],"type":"if"}},"_coverageSchema":"332fd63041d2c1bcb487cc26dd0d5f7d97098a6c","hash":"a57cab98d012c71d370056ae1ec6cb81ae3e86f0"},"controllers/event/transactions/new.js":{"path":"controllers/event/transactions/new.js","b":{},"statementMap":{"0":{"start":{"line":3,"column":23},"end":{"line":3,"column":28}}},"s":{"0":2},"fnMap":{},"f":{},"branchMap":{},"_coverageSchema":"332fd63041d2c1bcb487cc26dd0d5f7d97098a6c","hash":"71cf4fe310ca1448ed12470523d0d30139b50cd5"},"routes/event/edit.js":{"path":"routes/event/edit.js","b":{},"statementMap":{"0":{"start":{"line":9,"column":4},"end":{"line":9,"column":9}},"1":{"start":{"line":18,"column":8},"end":{"line":21,"column":11}},"2":{"start":{"line":25,"column":8},"end":{"line":25,"column":40}},"3":{"start":{"line":26,"column":26},"end":{"line":26,"column":84}},"4":{"start":{"line":27,"column":8},"end":{"line":30,"column":11}},"5":{"start":{"line":34,"column":8},"end":{"line":34,"column":45}},"6":{"start":{"line":39,"column":12},"end":{"line":46,"column":19}},"7":{"start":{"line":42,"column":36},"end":{"line":42,"column":61}},"8":{"start":{"line":43,"column":20},"end":{"line":43,"column":54}},"9":{"start":{"line":44,"column":20},"end":{"line":44,"column":47}},"10":{"start":{"line":45,"column":20},"end":{"line":45,"column":75}},"11":{"start":{"line":50,"column":12},"end":{"line":54,"column":19}},"12":{"start":{"line":52,"column":20},"end":{"line":52,"column":47}},"13":{"start":{"line":53,"column":20},"end":{"line":53,"column":74}},"14":{"start":{"line":58,"column":12},"end":{"line":60,"column":15}},"15":{"start":{"line":59,"column":16},"end":{"line":59,"column":77}}},"s":{"0":5,"1":5,"2":5,"3":5,"4":5,"5":5,"6":2,"7":2,"8":2,"9":2,"10":2,"11":2,"12":2,"13":2,"14":0,"15":0},"fnMap":{"0":{"loc":{"start":{"line":41,"column":28},"end":{"line":46,"column":17}},"decl":{"start":{"line":41,"column":22},"end":{"line":41,"column":23}},"line":41,"name":"(anonymous_0)"},"1":{"loc":{"start":{"line":51,"column":28},"end":{"line":54,"column":17}},"decl":{"start":{"line":51,"column":22},"end":{"line":51,"column":23}},"line":51,"name":"(anonymous_1)"},"2":{"loc":{"start":{"line":58,"column":66},"end":{"line":60,"column":13}},"decl":{"start":{"line":58,"column":60},"end":{"line":58,"column":61}},"line":58,"name":"(anonymous_2)"}},"f":{"0":2,"1":2,"2":0},"branchMap":{},"_coverageSchema":"332fd63041d2c1bcb487cc26dd0d5f7d97098a6c","hash":"c64ce7a8a39a9888bac9f4383c81c04b850de6d4"},"routes/new.js":{"path":"routes/new.js","b":{"0":[11,11]},"statementMap":{"0":{"start":{"line":11,"column":4},"end":{"line":11,"column":9}},"1":{"start":{"line":20,"column":8},"end":{"line":26,"column":11}},"2":{"start":{"line":30,"column":8},"end":{"line":36,"column":15}},"3":{"start":{"line":33,"column":37},"end":{"line":33,"column":80}},"4":{"start":{"line":35,"column":16},"end":{"line":35,"column":71}},"5":{"start":{"line":40,"column":8},"end":{"line":40,"column":40}},"6":{"start":{"line":41,"column":8},"end":{"line":41,"column":62}},"7":{"start":{"line":42,"column":26},"end":{"line":42,"column":84}},"8":{"start":{"line":43,"column":8},"end":{"line":46,"column":11}},"9":{"start":{"line":51,"column":12},"end":{"line":59,"column":19}},"10":{"start":{"line":54,"column":20},"end":{"line":57,"column":22}},"11":{"start":{"line":58,"column":20},"end":{"line":58,"column":60}}},"s":{"0":5,"1":11,"2":11,"3":11,"4":11,"5":11,"6":11,"7":11,"8":11,"9":13,"10":8,"11":8},"fnMap":{"0":{"loc":{"start":{"line":32,"column":35},"end":{"line":36,"column":13}},"decl":{"start":{"line":32,"column":18},"end":{"line":32,"column":19}},"line":32,"name":"(anonymous_0)"},"1":{"loc":{"start":{"line":53,"column":28},"end":{"line":59,"column":17}},"decl":{"start":{"line":53,"column":22},"end":{"line":53,"column":23}},"line":53,"name":"(anonymous_1)"}},"f":{"0":11,"1":8},"branchMap":{"0":{"loc":{"start":{"line":33,"column":37},"end":{"line":33,"column":80}},"line":33,"locations":[{"start":{"line":33,"column":37},"end":{"line":33,"column":71}},{"start":{"line":33,"column":75},"end":{"line":33,"column":80}}],"type":"binary-expr"}},"_coverageSchema":"332fd63041d2c1bcb487cc26dd0d5f7d97098a6c","hash":"53483b265505400a0bff2734bfb816cb7e631d60"},"services/job-processor.js":{"path":"services/job-processor.js","b":{},"statementMap":{"0":{"start":{"line":9,"column":4},"end":{"line":9,"column":9}},"1":{"start":{"line":16,"column":21},"end":{"line":16,"column":37}},"2":{"start":{"line":17,"column":24},"end":{"line":17,"column":54}},"3":{"start":{"line":18,"column":37},"end":{"line":18,"column":60}},"4":{"start":{"line":19,"column":23},"end":{"line":19,"column":45}},"5":{"start":{"line":21,"column":8},"end":{"line":21,"column":80}},"6":{"start":{"line":22,"column":8},"end":{"line":22,"column":53}},"7":{"start":{"line":24,"column":8},"end":{"line":32,"column":15}},"8":{"start":{"line":26,"column":16},"end":{"line":26,"column":79}},"9":{"start":{"line":27,"column":16},"end":{"line":27,"column":30}},"10":{"start":{"line":30,"column":16},"end":{"line":30,"column":68}},"11":{"start":{"line":31,"column":16},"end":{"line":31,"column":28}},"12":{"start":{"line":37,"column":32},"end":{"line":37,"column":56}},"13":{"start":{"line":38,"column":33},"end":{"line":38,"column":51}},"14":{"start":{"line":39,"column":31},"end":{"line":39,"column":63}},"15":{"start":{"line":40,"column":31},"end":{"line":40,"column":68}},"16":{"start":{"line":41,"column":31},"end":{"line":41,"column":75}},"17":{"start":{"line":43,"column":12},"end":{"line":43,"column":55}},"18":{"start":{"line":47,"column":32},"end":{"line":47,"column":56}},"19":{"start":{"line":48,"column":23},"end":{"line":48,"column":36}},"20":{"start":{"line":50,"column":12},"end":{"line":53,"column":15}},"21":{"start":{"line":51,"column":16},"end":{"line":51,"column":47}},"22":{"start":{"line":52,"column":16},"end":{"line":52,"column":37}},"23":{"start":{"line":57,"column":32},"end":{"line":57,"column":56}},"24":{"start":{"line":58,"column":23},"end":{"line":58,"column":36}},"25":{"start":{"line":60,"column":12},"end":{"line":60,"column":96}},"26":{"start":{"line":60,"column":72},"end":{"line":60,"column":94}}},"s":{"0":5,"1":5,"2":5,"3":5,"4":5,"5":5,"6":5,"7":5,"8":0,"9":0,"10":0,"11":0,"12":5,"13":5,"14":5,"15":5,"16":5,"17":5,"18":0,"19":0,"20":0,"21":0,"22":0,"23":0,"24":0,"25":0,"26":0},"fnMap":{"0":{"loc":{"start":{"line":25,"column":30},"end":{"line":28,"column":13}},"decl":{"start":{"line":25,"column":18},"end":{"line":25,"column":19}},"line":25,"name":"(anonymous_0)"},"1":{"loc":{"start":{"line":29,"column":30},"end":{"line":32,"column":13}},"decl":{"start":{"line":29,"column":19},"end":{"line":29,"column":20}},"line":29,"name":"(anonymous_1)"},"2":{"loc":{"start":{"line":50,"column":74},"end":{"line":53,"column":13}},"decl":{"start":{"line":50,"column":62},"end":{"line":50,"column":63}},"line":50,"name":"(anonymous_2)"},"3":{"loc":{"start":{"line":60,"column":72},"end":{"line":60,"column":94}},"decl":{"start":{"line":60,"column":62},"end":{"line":60,"column":63}},"line":60,"name":"(anonymous_3)"}},"f":{"0":0,"1":0,"2":0,"3":0},"branchMap":{},"_coverageSchema":"332fd63041d2c1bcb487cc26dd0d5f7d97098a6c","hash":"b39d5f86b0c71f4ee967322e7338a4ac98b9f54e"},"adapters/online/currency.js":{"path":"adapters/online/currency.js","b":{},"statementMap":{},"s":{},"fnMap":{},"f":{},"branchMap":{},"_coverageSchema":"332fd63041d2c1bcb487cc26dd0d5f7d97098a6c","hash":"68488c0d767dd2e64432d14cab50f71f1523043f"},"components/user-balance-list.js":{"path":"components/user-balance-list.js","b":{},"statementMap":{"0":{"start":{"line":6,"column":4},"end":{"line":6,"column":9}}},"s":{"0":5},"fnMap":{},"f":{},"branchMap":{},"_coverageSchema":"332fd63041d2c1bcb487cc26dd0d5f7d97098a6c","hash":"a9804f2ff3679a241081058be05725e25c74b1bd"},"components/user-list.js":{"path":"components/user-list.js","b":{},"statementMap":{"0":{"start":{"line":9,"column":4},"end":{"line":9,"column":9}},"1":{"start":{"line":26,"column":12},"end":{"line":26,"column":50}}},"s":{"0":5,"1":0},"fnMap":{},"f":{},"branchMap":{},"_coverageSchema":"332fd63041d2c1bcb487cc26dd0d5f7d97098a6c","hash":"da7b7d3f31ab22dd66c3fbc1c7263ccbb6221644"},"components/mobile-toolbar.js":{"path":"components/mobile-toolbar.js","b":{},"statementMap":{"0":{"start":{"line":3,"column":22},"end":{"line":3,"column":27}}},"s":{"0":5},"fnMap":{},"f":{},"branchMap":{},"_coverageSchema":"332fd63041d2c1bcb487cc26dd0d5f7d97098a6c","hash":"ff4641701561ec8955e9c46c4837175bc71531ca"},"initializers/connection.js":{"path":"initializers/connection.js","b":{},"statementMap":{"0":{"start":{"line":5,"column":4},"end":{"line":5,"column":59}},"1":{"start":{"line":8,"column":4},"end":{"line":8,"column":73}}},"s":{"0":5,"1":5},"fnMap":{"0":{"loc":{"start":{"line":4,"column":40},"end":{"line":9,"column":1}},"decl":{"start":{"line":4,"column":16},"end":{"line":4,"column":26}},"line":4,"name":"initialize"}},"f":{"0":5},"branchMap":{},"_coverageSchema":"332fd63041d2c1bcb487cc26dd0d5f7d97098a6c","hash":"1d775d8c7588b5d3d714ea0a3512b1af04874518"},"components/switch-event-dropdown.js":{"path":"components/switch-event-dropdown.js","b":{},"statementMap":{"0":{"start":{"line":8,"column":4},"end":{"line":8,"column":9}},"1":{"start":{"line":15,"column":23},"end":{"line":15,"column":42}},"2":{"start":{"line":16,"column":25},"end":{"line":16,"column":46}},"3":{"start":{"line":18,"column":8},"end":{"line":18,"column":57}}},"s":{"0":5,"1":15,"2":15,"3":15},"fnMap":{"0":{"loc":{"start":{"line":14,"column":60},"end":{"line":19,"column":5}},"decl":{"start":{"line":14,"column":48},"end":{"line":14,"column":49}},"line":14,"name":"(anonymous_0)"}},"f":{"0":15},"branchMap":{},"_coverageSchema":"332fd63041d2c1bcb487cc26dd0d5f7d97098a6c","hash":"ec09197fc258efa8f2a7c1022ae24bfca09e95a6"},"forms/event.js":{"path":"forms/event.js","b":{},"statementMap":{"0":{"start":{"line":14,"column":4},"end":{"line":14,"column":9}},"1":{"start":{"line":16,"column":20},"end":{"line":25,"column":2}},"2":{"start":{"line":34,"column":8},"end":{"line":34,"column":34}},"3":{"start":{"line":35,"column":22},"end":{"line":35,"column":40}},"4":{"start":{"line":37,"column":8},"end":{"line":37,"column":70}},"5":{"start":{"line":39,"column":22},"end":{"line":40,"column":66}},"6":{"start":{"line":40,"column":31},"end":{"line":40,"column":65}},"7":{"start":{"line":41,"column":8},"end":{"line":41,"column":34}},"8":{"start":{"line":45,"column":30},"end":{"line":45,"column":80}},"9":{"start":{"line":47,"column":8},"end":{"line":47,"column":53}},"10":{"start":{"line":51,"column":22},"end":{"line":51,"column":40}},"11":{"start":{"line":53,"column":8},"end":{"line":53,"column":70}},"12":{"start":{"line":54,"column":8},"end":{"line":54,"column":65}}},"s":{"0":5,"1":5,"2":16,"3":16,"4":16,"5":16,"6":32,"7":16,"8":0,"9":0,"10":15,"11":15,"12":15},"fnMap":{"0":{"loc":{"start":{"line":40,"column":31},"end":{"line":40,"column":65}},"decl":{"start":{"line":40,"column":23},"end":{"line":40,"column":24}},"line":40,"name":"(anonymous_0)"}},"f":{"0":32},"branchMap":{},"_coverageSchema":"332fd63041d2c1bcb487cc26dd0d5f7d97098a6c","hash":"6a8849ce7dd214404249a3383edd5ecc42458810"},"routes/index.js":{"path":"routes/index.js","b":{},"statementMap":{"0":{"start":{"line":3,"column":18},"end":{"line":3,"column":23}},"1":{"start":{"line":7,"column":8},"end":{"line":7,"column":34}},"2":{"start":{"line":8,"column":8},"end":{"line":8,"column":80}}},"s":{"0":5,"1":12,"2":12},"fnMap":{},"f":{},"branchMap":{},"_coverageSchema":"332fd63041d2c1bcb487cc26dd0d5f7d97098a6c","hash":"5a75be3ec04d2589a96be376970b23a1ce821d55"},"services/sync-queue.js":{"path":"services/sync-queue.js","b":{"0":[20,0],"1":[4,0],"2":[5,15],"3":[0,5],"4":[0,0]},"statementMap":{"0":{"start":{"line":12,"column":4},"end":{"line":12,"column":9}},"1":{"start":{"line":22,"column":8},"end":{"line":22,"column":34}},"2":{"start":{"line":23,"column":8},"end":{"line":23,"column":37}},"3":{"start":{"line":27,"column":8},"end":{"line":27,"column":74}},"4":{"start":{"line":28,"column":8},"end":{"line":33,"column":11}},"5":{"start":{"line":29,"column":12},"end":{"line":32,"column":13}},"6":{"start":{"line":30,"column":16},"end":{"line":30,"column":77}},"7":{"start":{"line":31,"column":16},"end":{"line":31,"column":56}},"8":{"start":{"line":37,"column":8},"end":{"line":37,"column":51}},"9":{"start":{"line":39,"column":8},"end":{"line":53,"column":11}},"10":{"start":{"line":40,"column":12},"end":{"line":52,"column":19}},"11":{"start":{"line":43,"column":38},"end":{"line":43,"column":72}},"12":{"start":{"line":45,"column":20},"end":{"line":51,"column":21}},"13":{"start":{"line":46,"column":24},"end":{"line":46,"column":62}},"14":{"start":{"line":47,"column":24},"end":{"line":47,"column":34}},"15":{"start":{"line":49,"column":24},"end":{"line":49,"column":53}},"16":{"start":{"line":50,"column":24},"end":{"line":50,"column":72}},"17":{"start":{"line":57,"column":29},"end":{"line":57,"column":54}},"18":{"start":{"line":59,"column":8},"end":{"line":61,"column":9}},"19":{"start":{"line":60,"column":12},"end":{"line":60,"column":32}},"20":{"start":{"line":65,"column":29},"end":{"line":65,"column":54}},"21":{"start":{"line":66,"column":28},"end":{"line":66,"column":52}},"22":{"start":{"line":67,"column":20},"end":{"line":67,"column":43}},"23":{"start":{"line":69,"column":8},"end":{"line":71,"column":9}},"24":{"start":{"line":70,"column":12},"end":{"line":70,"column":19}},"25":{"start":{"line":73,"column":8},"end":{"line":73,"column":39}},"26":{"start":{"line":74,"column":8},"end":{"line":91,"column":15}},"27":{"start":{"line":77,"column":16},"end":{"line":77,"column":45}},"28":{"start":{"line":80,"column":16},"end":{"line":80,"column":53}},"29":{"start":{"line":81,"column":42},"end":{"line":81,"column":77}},"30":{"start":{"line":83,"column":16},"end":{"line":83,"column":36}},"31":{"start":{"line":84,"column":16},"end":{"line":90,"column":17}},"32":{"start":{"line":85,"column":20},"end":{"line":85,"column":40}},"33":{"start":{"line":87,"column":20},"end":{"line":87,"column":53}},"34":{"start":{"line":88,"column":20},"end":{"line":88,"column":63}},"35":{"start":{"line":89,"column":20},"end":{"line":89,"column":44}},"36":{"start":{"line":95,"column":20},"end":{"line":98,"column":10}},"37":{"start":{"line":100,"column":8},"end":{"line":100,"column":26}}},"s":{"0":5,"1":5,"2":5,"3":20,"4":20,"5":20,"6":20,"7":20,"8":4,"9":4,"10":4,"11":4,"12":4,"13":4,"14":4,"15":0,"16":0,"17":20,"18":20,"19":5,"20":5,"21":5,"22":5,"23":5,"24":0,"25":5,"26":5,"27":0,"28":0,"29":0,"30":0,"31":0,"32":0,"33":0,"34":0,"35":0,"36":20,"37":20},"fnMap":{"0":{"loc":{"start":{"line":28,"column":67},"end":{"line":33,"column":9}},"decl":{"start":{"line":28,"column":58},"end":{"line":28,"column":59}},"line":28,"name":"(anonymous_0)"},"1":{"loc":{"start":{"line":39,"column":40},"end":{"line":53,"column":9}},"decl":{"start":{"line":39,"column":27},"end":{"line":39,"column":28}},"line":39,"name":"(anonymous_1)"},"2":{"loc":{"start":{"line":42,"column":32},"end":{"line":52,"column":17}},"decl":{"start":{"line":42,"column":22},"end":{"line":42,"column":23}},"line":42,"name":"(anonymous_2)"},"3":{"loc":{"start":{"line":56,"column":65},"end":{"line":62,"column":5}},"decl":{"start":{"line":56,"column":53},"end":{"line":56,"column":54}},"line":56,"name":"(anonymous_3)"},"4":{"loc":{"start":{"line":76,"column":30},"end":{"line":78,"column":13}},"decl":{"start":{"line":76,"column":19},"end":{"line":76,"column":20}},"line":76,"name":"(anonymous_4)"},"5":{"loc":{"start":{"line":79,"column":27},"end":{"line":91,"column":13}},"decl":{"start":{"line":79,"column":21},"end":{"line":79,"column":22}},"line":79,"name":"(anonymous_5)"}},"f":{"0":20,"1":4,"2":4,"3":20,"4":0,"5":0},"branchMap":{"0":{"loc":{"start":{"line":29,"column":12},"end":{"line":32,"column":13}},"line":29,"locations":[{"start":{"line":29,"column":12},"end":{"line":32,"column":13}},{"start":{"line":29,"column":12},"end":{"line":32,"column":13}}],"type":"if"},"1":{"loc":{"start":{"line":45,"column":20},"end":{"line":51,"column":21}},"line":45,"locations":[{"start":{"line":45,"column":20},"end":{"line":51,"column":21}},{"start":{"line":45,"column":20},"end":{"line":51,"column":21}}],"type":"if"},"2":{"loc":{"start":{"line":59,"column":8},"end":{"line":61,"column":9}},"line":59,"locations":[{"start":{"line":59,"column":8},"end":{"line":61,"column":9}},{"start":{"line":59,"column":8},"end":{"line":61,"column":9}}],"type":"if"},"3":{"loc":{"start":{"line":69,"column":8},"end":{"line":71,"column":9}},"line":69,"locations":[{"start":{"line":69,"column":8},"end":{"line":71,"column":9}},{"start":{"line":69,"column":8},"end":{"line":71,"column":9}}],"type":"if"},"4":{"loc":{"start":{"line":84,"column":16},"end":{"line":90,"column":17}},"line":84,"locations":[{"start":{"line":84,"column":16},"end":{"line":90,"column":17}},{"start":{"line":84,"column":16},"end":{"line":90,"column":17}}],"type":"if"}},"_coverageSchema":"332fd63041d2c1bcb487cc26dd0d5f7d97098a6c","hash":"77319596b3010675ee6d89e972b092565947282d"},"utils/parse-transaction.js":{"path":"utils/parse-transaction.js","b":{"0":[0,44],"1":[0,13],"2":[13,0],"3":[8,31],"4":[39,31],"5":[18,13],"6":[16,2],"7":[13,0],"8":[0,31],"9":[0,31],"10":[31,21],"11":[31,10]},"statementMap":{"0":{"start":{"line":3,"column":20},"end":{"line":7,"column":1}},"1":{"start":{"line":4,"column":19},"end":{"line":4,"column":53}},"2":{"start":{"line":5,"column":4},"end":{"line":5,"column":35}},"3":{"start":{"line":5,"column":23},"end":{"line":5,"column":35}},"4":{"start":{"line":6,"column":4},"end":{"line":6,"column":18}},"5":{"start":{"line":9,"column":24},"end":{"line":16,"column":1}},"6":{"start":{"line":10,"column":4},"end":{"line":14,"column":5}},"7":{"start":{"line":11,"column":8},"end":{"line":11,"column":40}},"8":{"start":{"line":12,"column":11},"end":{"line":14,"column":5}},"9":{"start":{"line":13,"column":8},"end":{"line":13,"column":36}},"10":{"start":{"line":15,"column":4},"end":{"line":15,"column":30}},"11":{"start":{"line":18,"column":18},"end":{"line":18,"column":51}},"12":{"start":{"line":18,"column":26},"end":{"line":18,"column":51}},"13":{"start":{"line":21,"column":4},"end":{"line":21,"column":65}},"14":{"start":{"line":21,"column":53},"end":{"line":21,"column":65}},"15":{"start":{"line":23,"column":18},"end":{"line":23,"column":51}},"16":{"start":{"line":24,"column":26},"end":{"line":24,"column":39}},"17":{"start":{"line":25,"column":15},"end":{"line":25,"column":29}},"18":{"start":{"line":26,"column":15},"end":{"line":26,"column":19}},"19":{"start":{"line":27,"column":17},"end":{"line":27,"column":21}},"20":{"start":{"line":28,"column":17},"end":{"line":28,"column":22}},"21":{"start":{"line":29,"column":4},"end":{"line":39,"column":5}},"22":{"start":{"line":30,"column":8},"end":{"line":30,"column":39}},"23":{"start":{"line":31,"column":8},"end":{"line":31,"column":51}},"24":{"start":{"line":32,"column":11},"end":{"line":39,"column":5}},"25":{"start":{"line":33,"column":8},"end":{"line":33,"column":39}},"26":{"start":{"line":34,"column":8},"end":{"line":34,"column":41}},"27":{"start":{"line":35,"column":8},"end":{"line":35,"column":40}},"28":{"start":{"line":37,"column":8},"end":{"line":37,"column":39}},"29":{"start":{"line":38,"column":8},"end":{"line":38,"column":40}},"30":{"start":{"line":41,"column":4},"end":{"line":41,"column":41}},"31":{"start":{"line":41,"column":25},"end":{"line":41,"column":41}},"32":{"start":{"line":42,"column":4},"end":{"line":45,"column":5}},"33":{"start":{"line":43,"column":8},"end":{"line":43,"column":47}},"34":{"start":{"line":44,"column":8},"end":{"line":44,"column":22}},"35":{"start":{"line":47,"column":4},"end":{"line":52,"column":6}}},"s":{"0":4,"1":44,"2":44,"3":0,"4":44,"5":4,"6":13,"7":0,"8":13,"9":13,"10":0,"11":4,"12":31,"13":39,"14":8,"15":31,"16":31,"17":31,"18":31,"19":31,"20":31,"21":31,"22":18,"23":18,"24":13,"25":13,"26":13,"27":13,"28":0,"29":0,"30":31,"31":0,"32":31,"33":0,"34":0,"35":31},"fnMap":{"0":{"loc":{"start":{"line":3,"column":30},"end":{"line":7,"column":1}},"decl":{"start":{"line":3,"column":20},"end":{"line":3,"column":21}},"line":3,"name":"(anonymous_0)"},"1":{"loc":{"start":{"line":9,"column":34},"end":{"line":16,"column":1}},"decl":{"start":{"line":9,"column":24},"end":{"line":9,"column":25}},"line":9,"name":"(anonymous_1)"},"2":{"loc":{"start":{"line":18,"column":26},"end":{"line":18,"column":51}},"decl":{"start":{"line":18,"column":18},"end":{"line":18,"column":19}},"line":18,"name":"(anonymous_2)"},"3":{"loc":{"start":{"line":20,"column":58},"end":{"line":53,"column":1}},"decl":{"start":{"line":20,"column":24},"end":{"line":20,"column":40}},"line":20,"name":"parseTransaction"}},"f":{"0":44,"1":13,"2":31,"3":39},"branchMap":{"0":{"loc":{"start":{"line":5,"column":4},"end":{"line":5,"column":35}},"line":5,"locations":[{"start":{"line":5,"column":4},"end":{"line":5,"column":35}},{"start":{"line":5,"column":4},"end":{"line":5,"column":35}}],"type":"if"},"1":{"loc":{"start":{"line":10,"column":4},"end":{"line":14,"column":5}},"line":10,"locations":[{"start":{"line":10,"column":4},"end":{"line":14,"column":5}},{"start":{"line":10,"column":4},"end":{"line":14,"column":5}}],"type":"if"},"2":{"loc":{"start":{"line":12,"column":11},"end":{"line":14,"column":5}},"line":12,"locations":[{"start":{"line":12,"column":11},"end":{"line":14,"column":5}},{"start":{"line":12,"column":11},"end":{"line":14,"column":5}}],"type":"if"},"3":{"loc":{"start":{"line":21,"column":4},"end":{"line":21,"column":65}},"line":21,"locations":[{"start":{"line":21,"column":4},"end":{"line":21,"column":65}},{"start":{"line":21,"column":4},"end":{"line":21,"column":65}}],"type":"if"},"4":{"loc":{"start":{"line":21,"column":8},"end":{"line":21,"column":51}},"line":21,"locations":[{"start":{"line":21,"column":8},"end":{"line":21,"column":24}},{"start":{"line":21,"column":28},"end":{"line":21,"column":51}}],"type":"binary-expr"},"5":{"loc":{"start":{"line":29,"column":4},"end":{"line":39,"column":5}},"line":29,"locations":[{"start":{"line":29,"column":4},"end":{"line":39,"column":5}},{"start":{"line":29,"column":4},"end":{"line":39,"column":5}}],"type":"if"},"6":{"loc":{"start":{"line":31,"column":15},"end":{"line":31,"column":50}},"line":31,"locations":[{"start":{"line":31,"column":24},"end":{"line":31,"column":32}},{"start":{"line":31,"column":35},"end":{"line":31,"column":50}}],"type":"cond-expr"},"7":{"loc":{"start":{"line":32,"column":11},"end":{"line":39,"column":5}},"line":32,"locations":[{"start":{"line":32,"column":11},"end":{"line":39,"column":5}},{"start":{"line":32,"column":11},"end":{"line":39,"column":5}}],"type":"if"},"8":{"loc":{"start":{"line":41,"column":4},"end":{"line":41,"column":41}},"line":41,"locations":[{"start":{"line":41,"column":4},"end":{"line":41,"column":41}},{"start":{"line":41,"column":4},"end":{"line":41,"column":41}}],"type":"if"},"9":{"loc":{"start":{"line":42,"column":4},"end":{"line":45,"column":5}},"line":42,"locations":[{"start":{"line":42,"column":4},"end":{"line":45,"column":5}},{"start":{"line":42,"column":4},"end":{"line":45,"column":5}}],"type":"if"},"10":{"loc":{"start":{"line":42,"column":8},"end":{"line":42,"column":40}},"line":42,"locations":[{"start":{"line":42,"column":8},"end":{"line":42,"column":12}},{"start":{"line":42,"column":16},"end":{"line":42,"column":40}}],"type":"binary-expr"},"11":{"loc":{"start":{"line":50,"column":14},"end":{"line":50,"column":26}},"line":50,"locations":[{"start":{"line":50,"column":14},"end":{"line":50,"column":18}},{"start":{"line":50,"column":22},"end":{"line":50,"column":26}}],"type":"binary-expr"}},"_coverageSchema":"332fd63041d2c1bcb487cc26dd0d5f7d97098a6c","hash":"b7445da7932c72bda1ef75ee12c4158a53eb3699"},"initializers/rollbar.js":{"path":"initializers/rollbar.js","b":{"0":[0,11],"1":[11,11],"2":[0,11],"3":[11,0],"4":[11,0],"5":[0,11]},"statementMap":{"0":{"start":{"line":4,"column":17},"end":{"line":4,"column":22}},"1":{"start":{"line":7,"column":4},"end":{"line":9,"column":5}},"2":{"start":{"line":8,"column":8},"end":{"line":8,"column":21}},"3":{"start":{"line":11,"column":4},"end":{"line":13,"column":5}},"4":{"start":{"line":12,"column":8},"end":{"line":12,"column":21}},"5":{"start":{"line":15,"column":4},"end":{"line":15,"column":16}},"6":{"start":{"line":19,"column":4},"end":{"line":28,"column":5}},"7":{"start":{"line":20,"column":8},"end":{"line":23,"column":9}},"8":{"start":{"line":21,"column":12},"end":{"line":21,"column":33}},"9":{"start":{"line":22,"column":12},"end":{"line":22,"column":39}},"10":{"start":{"line":25,"column":8},"end":{"line":27,"column":9}},"11":{"start":{"line":26,"column":12},"end":{"line":26,"column":40}},"12":{"start":{"line":30,"column":4},"end":{"line":30,"column":16}},"13":{"start":{"line":34,"column":22},"end":{"line":34,"column":75}},"14":{"start":{"line":36,"column":4},"end":{"line":36,"column":39}},"15":{"start":{"line":37,"column":4},"end":{"line":37,"column":32}},"16":{"start":{"line":38,"column":4},"end":{"line":38,"column":33}},"17":{"start":{"line":39,"column":4},"end":{"line":39,"column":34}}},"s":{"0":5,"1":11,"2":0,"3":11,"4":0,"5":11,"6":11,"7":11,"8":11,"9":11,"10":11,"11":0,"12":11,"13":5,"14":5,"15":5,"16":5,"17":5},"fnMap":{"0":{"loc":{"start":{"line":6,"column":34},"end":{"line":16,"column":1}},"decl":{"start":{"line":6,"column":9},"end":{"line":6,"column":26}},"line":6,"name":"shouldReportError"},"1":{"loc":{"start":{"line":18,"column":28},"end":{"line":31,"column":1}},"decl":{"start":{"line":18,"column":9},"end":{"line":18,"column":20}},"line":18,"name":"reportError"},"2":{"loc":{"start":{"line":33,"column":40},"end":{"line":40,"column":1}},"decl":{"start":{"line":33,"column":16},"end":{"line":33,"column":26}},"line":33,"name":"initialize"}},"f":{"0":11,"1":11,"2":5},"branchMap":{"0":{"loc":{"start":{"line":7,"column":4},"end":{"line":9,"column":5}},"line":7,"locations":[{"start":{"line":7,"column":4},"end":{"line":9,"column":5}},{"start":{"line":7,"column":4},"end":{"line":9,"column":5}}],"type":"if"},"1":{"loc":{"start":{"line":7,"column":8},"end":{"line":7,"column":74}},"line":7,"locations":[{"start":{"line":7,"column":8},"end":{"line":7,"column":21}},{"start":{"line":7,"column":25},"end":{"line":7,"column":74}}],"type":"binary-expr"},"2":{"loc":{"start":{"line":11,"column":4},"end":{"line":13,"column":5}},"line":11,"locations":[{"start":{"line":11,"column":4},"end":{"line":13,"column":5}},{"start":{"line":11,"column":4},"end":{"line":13,"column":5}}],"type":"if"},"3":{"loc":{"start":{"line":19,"column":4},"end":{"line":28,"column":5}},"line":19,"locations":[{"start":{"line":19,"column":4},"end":{"line":28,"column":5}},{"start":{"line":19,"column":4},"end":{"line":28,"column":5}}],"type":"if"},"4":{"loc":{"start":{"line":20,"column":8},"end":{"line":23,"column":9}},"line":20,"locations":[{"start":{"line":20,"column":8},"end":{"line":23,"column":9}},{"start":{"line":20,"column":8},"end":{"line":23,"column":9}}],"type":"if"},"5":{"loc":{"start":{"line":25,"column":8},"end":{"line":27,"column":9}},"line":25,"locations":[{"start":{"line":25,"column":8},"end":{"line":27,"column":9}},{"start":{"line":25,"column":8},"end":{"line":27,"column":9}}],"type":"if"}},"_coverageSchema":"332fd63041d2c1bcb487cc26dd0d5f7d97098a6c","hash":"1aa31a7e8e00c03dfcdd79c8b664445dd88c3712"},"utils/country-to-currency-code.js":{"path":"utils/country-to-currency-code.js","b":{},"statementMap":{"0":{"start":{"line":1,"column":29},"end":{"line":41,"column":1}},"1":{"start":{"line":44,"column":4},"end":{"line":44,"column":45}}},"s":{"0":5,"1":11},"fnMap":{"0":{"loc":{"start":{"line":43,"column":59},"end":{"line":45,"column":1}},"decl":{"start":{"line":43,"column":24},"end":{"line":43,"column":45}},"line":43,"name":"countryToCurrencyCode"}},"f":{"0":11},"branchMap":{},"_coverageSchema":"332fd63041d2c1bcb487cc26dd0d5f7d97098a6c","hash":"5ef451302df8f2c9de1333b0dd829a442a381479"},"components/previous-events.js":{"path":"components/previous-events.js","b":{"0":[1,0],"1":[1,0]},"statementMap":{"0":{"start":{"line":8,"column":4},"end":{"line":8,"column":9}},"1":{"start":{"line":23,"column":28},"end":{"line":23,"column":53}},"2":{"start":{"line":24,"column":30},"end":{"line":24,"column":85}},"3":{"start":{"line":26,"column":12},"end":{"line":45,"column":13}},"4":{"start":{"line":27,"column":28},"end":{"line":30,"column":17}},"5":{"start":{"line":28,"column":20},"end":{"line":28,"column":61}},"6":{"start":{"line":29,"column":20},"end":{"line":29,"column":55}},"7":{"start":{"line":32,"column":16},"end":{"line":42,"column":19}},"8":{"start":{"line":37,"column":28},"end":{"line":37,"column":81}},"9":{"start":{"line":38,"column":28},"end":{"line":38,"column":34}},"10":{"start":{"line":44,"column":16},"end":{"line":44,"column":57}},"11":{"start":{"line":50,"column":24},"end":{"line":50,"column":49}},"12":{"start":{"line":51,"column":28},"end":{"line":51,"column":58}},"13":{"start":{"line":54,"column":8},"end":{"line":54,"column":30}},"14":{"start":{"line":56,"column":8},"end":{"line":58,"column":9}},"15":{"start":{"line":57,"column":12},"end":{"line":57,"column":46}}},"s":{"0":2,"1":1,"2":1,"3":1,"4":1,"5":1,"6":1,"7":1,"8":0,"9":0,"10":0,"11":1,"12":1,"13":1,"14":1,"15":1},"fnMap":{"0":{"loc":{"start":{"line":27,"column":34},"end":{"line":30,"column":17}},"decl":{"start":{"line":27,"column":28},"end":{"line":27,"column":29}},"line":27,"name":"(anonymous_0)"},"1":{"loc":{"start":{"line":36,"column":44},"end":{"line":39,"column":25}},"decl":{"start":{"line":36,"column":38},"end":{"line":36,"column":39}},"line":36,"name":"(anonymous_1)"}},"f":{"0":1,"1":0},"branchMap":{"0":{"loc":{"start":{"line":26,"column":12},"end":{"line":45,"column":13}},"line":26,"locations":[{"start":{"line":26,"column":12},"end":{"line":45,"column":13}},{"start":{"line":26,"column":12},"end":{"line":45,"column":13}}],"type":"if"},"1":{"loc":{"start":{"line":56,"column":8},"end":{"line":58,"column":9}},"line":56,"locations":[{"start":{"line":56,"column":8},"end":{"line":58,"column":9}},{"start":{"line":56,"column":8},"end":{"line":58,"column":9}}],"type":"if"}},"_coverageSchema":"332fd63041d2c1bcb487cc26dd0d5f7d97098a6c","hash":"a8b068635df30e2658cdd9dc8229f7211dba2ea1"},"components/transaction-form.js":{"path":"components/transaction-form.js","b":{"0":[2,2]},"statementMap":{"0":{"start":{"line":8,"column":4},"end":{"line":8,"column":9}},"1":{"start":{"line":14,"column":8},"end":{"line":16,"column":9}},"2":{"start":{"line":15,"column":12},"end":{"line":15,"column":48}},"3":{"start":{"line":20,"column":8},"end":{"line":20,"column":51}}},"s":{"0":4,"1":4,"2":2,"3":4},"fnMap":{"0":{"loc":{"start":{"line":19,"column":34},"end":{"line":21,"column":5}},"decl":{"start":{"line":19,"column":22},"end":{"line":19,"column":23}},"line":19,"name":"(anonymous_0)"}},"f":{"0":4},"branchMap":{"0":{"loc":{"start":{"line":14,"column":8},"end":{"line":16,"column":9}},"line":14,"locations":[{"start":{"line":14,"column":8},"end":{"line":16,"column":9}},{"start":{"line":14,"column":8},"end":{"line":16,"column":9}}],"type":"if"}},"_coverageSchema":"332fd63041d2c1bcb487cc26dd0d5f7d97098a6c","hash":"d4873a3858442cddbbfd584829fa7511957ed00f"},"components/calendar-page.js":{"path":"components/calendar-page.js","b":{},"statementMap":{"0":{"start":{"line":4,"column":37},"end":{"line":4,"column":42}},"1":{"start":{"line":10,"column":21},"end":{"line":10,"column":38}},"2":{"start":{"line":12,"column":8},"end":{"line":12,"column":69}},"3":{"start":{"line":16,"column":21},"end":{"line":16,"column":38}},"4":{"start":{"line":17,"column":23},"end":{"line":19,"column":9}},"5":{"start":{"line":21,"column":8},"end":{"line":21,"column":52}}},"s":{"0":3,"1":10,"2":10,"3":10,"4":10,"5":10},"fnMap":{"0":{"loc":{"start":{"line":9,"column":38},"end":{"line":13,"column":5}},"decl":{"start":{"line":9,"column":26},"end":{"line":9,"column":27}},"line":9,"name":"(anonymous_0)"},"1":{"loc":{"start":{"line":15,"column":40},"end":{"line":22,"column":5}},"decl":{"start":{"line":15,"column":28},"end":{"line":15,"column":29}},"line":15,"name":"(anonymous_1)"}},"f":{"0":10,"1":10},"branchMap":{},"_coverageSchema":"332fd63041d2c1bcb487cc26dd0d5f7d97098a6c","hash":"58b1d805424fd12185cd4736b722a46aa05033f7"},"components/date-picker.js":{"path":"components/date-picker.js","b":{"0":[1,0]},"statementMap":{"0":{"start":{"line":11,"column":4},"end":{"line":11,"column":9}},"1":{"start":{"line":21,"column":8},"end":{"line":21,"column":42}},"2":{"start":{"line":24,"column":8},"end":{"line":24,"column":42}},"3":{"start":{"line":27,"column":22},"end":{"line":27,"column":40}},"4":{"start":{"line":29,"column":8},"end":{"line":29,"column":31}},"5":{"start":{"line":32,"column":29},"end":{"line":32,"column":54}},"6":{"start":{"line":34,"column":8},"end":{"line":38,"column":9}},"7":{"start":{"line":35,"column":12},"end":{"line":35,"column":76}},"8":{"start":{"line":37,"column":12},"end":{"line":37,"column":37}},"9":{"start":{"line":42,"column":26},"end":{"line":42,"column":48}},"10":{"start":{"line":44,"column":8},"end":{"line":44,"column":43}}},"s":{"0":4,"1":4,"2":4,"3":4,"4":4,"5":1,"6":1,"7":1,"8":0,"9":4,"10":4},"fnMap":{"0":{"loc":{"start":{"line":20,"column":44},"end":{"line":22,"column":5}},"decl":{"start":{"line":20,"column":32},"end":{"line":20,"column":33}},"line":20,"name":"(anonymous_0)"},"1":{"loc":{"start":{"line":23,"column":44},"end":{"line":25,"column":5}},"decl":{"start":{"line":23,"column":32},"end":{"line":23,"column":33}},"line":23,"name":"(anonymous_1)"},"2":{"loc":{"start":{"line":26,"column":48},"end":{"line":30,"column":5}},"decl":{"start":{"line":26,"column":36},"end":{"line":26,"column":37}},"line":26,"name":"(anonymous_2)"},"3":{"loc":{"start":{"line":31,"column":64},"end":{"line":39,"column":5}},"decl":{"start":{"line":31,"column":52},"end":{"line":31,"column":53}},"line":31,"name":"(anonymous_3)"},"4":{"loc":{"start":{"line":41,"column":67},"end":{"line":45,"column":5}},"decl":{"start":{"line":41,"column":55},"end":{"line":41,"column":56}},"line":41,"name":"(anonymous_4)"}},"f":{"0":4,"1":4,"2":4,"3":1,"4":4},"branchMap":{"0":{"loc":{"start":{"line":34,"column":8},"end":{"line":38,"column":9}},"line":34,"locations":[{"start":{"line":34,"column":8},"end":{"line":38,"column":9}},{"start":{"line":34,"column":8},"end":{"line":38,"column":9}}],"type":"if"}},"_coverageSchema":"332fd63041d2c1bcb487cc26dd0d5f7d97098a6c","hash":"10c657c10cb832d43e8d86b2998b5ed465d0514b"},"resolver.js":{"path":"resolver.js","b":{},"statementMap":{},"s":{},"fnMap":{},"f":{},"branchMap":{},"_coverageSchema":"332fd63041d2c1bcb487cc26dd0d5f7d97098a6c","hash":"9f363498fcaca3ebcf262c102c12059e7a4b82ab"},"routes/event/transactions/new.js":{"path":"routes/event/transactions/new.js","b":{},"statementMap":{"0":{"start":{"line":12,"column":4},"end":{"line":12,"column":9}},"1":{"start":{"line":20,"column":23},"end":{"line":20,"column":61}},"2":{"start":{"line":21,"column":21},"end":{"line":21,"column":82}},"3":{"start":{"line":22,"column":22},"end":{"line":22,"column":44}},"4":{"start":{"line":23,"column":21},"end":{"line":23,"column":57}},"5":{"start":{"line":24,"column":29},"end":{"line":24,"column":48}},"6":{"start":{"line":25,"column":22},"end":{"line":25,"column":58}},"7":{"start":{"line":27,"column":8},"end":{"line":33,"column":11}},"8":{"start":{"line":37,"column":8},"end":{"line":3
[...]
ype":"binary-expr"},"5":{"loc":{"start":{"line":37,"column":20},"end":{"line":45,"column":21}},"line":37,"locations":[{"start":{"line":37,"column":20},"end":{"line":45,"column":21}},{"start":{"line":37,"column":20},"end":{"line":45,"column":21}}],"type":"if"},"6":{"loc":{"start":{"line":39,"column":27},"end":{"line":45,"column":21}},"line":39,"locations":[{"start":{"line":39,"column":27},"end":{"line":45,"column":21}},{"start":{"line":39,"column":27},"end":{"line":45,"column":21}}],"type":"if"},"7":{"loc":{"start":{"line":59,"column":16},"end":{"line":63,"column":17}},"line":59,"locations":[{"start":{"line":59,"column":16},"end":{"line":63,"column":17}},{"start":{"line":59,"column":16},"end":{"line":63,"column":17}}],"type":"if"}},"_coverageSchema":"332fd63041d2c1bcb487cc26dd0d5f7d97098a6c","hash":"2378a8be30ea39ac6325638ee693d9af31a505a7"},"repositories/transaction.js":{"path":"repositories/transaction.js","b":{"0":[3,0]},"statementMap":{"0":{"start":{"line":9,"column":4},"end":{"line":9,"column":9}},"1":{"start":{"line":15,"column":24},"end":{"line":15,"column":43}},"2":{"start":{"line":17,"column":8},"end":{"line":20,"column":9}},"3":{"start":{"line":18,"column":12},"end":{"line":18,"column":44}},"4":{"start":{"line":19,"column":12},"end":{"line":19,"column":62}},"5":{"start":{"line":22,"column":8},"end":{"line":32,"column":11}},"6":{"start":{"line":23,"column":28},"end":{"line":23,"column":70}},"7":{"start":{"line":29,"column":12},"end":{"line":31,"column":48}},"8":{"start":{"line":31,"column":28},"end":{"line":31,"column":46}},"9":{"start":{"line":36,"column":22},"end":{"line":36,"column":47}},"10":{"start":{"line":37,"column":24},"end":{"line":37,"column":40}},"11":{"start":{"line":38,"column":19},"end":{"line":38,"column":41}},"12":{"start":{"line":40,"column":8},"end":{"line":40,"column":61}},"13":{"start":{"line":41,"column":8},"end":{"line":47,"column":11}},"14":{"start":{"line":44,"column":12},"end":{"line":46,"column":57}},"15":{"start":{"line":46,"column":28},"end":{"line":46,"column":55}}},"s":{"0":5,"1":3,"2":3,"3":3,"4":3,"5":3,"6":3,"7":3,"8":3,"9":0,"10":0,"11":0,"12":0,"13":0,"14":0,"15":0},"fnMap":{"0":{"loc":{"start":{"line":22,"column":39},"end":{"line":32,"column":9}},"decl":{"start":{"line":22,"column":33},"end":{"line":22,"column":34}},"line":22,"name":"(anonymous_0)"},"1":{"loc":{"start":{"line":31,"column":28},"end":{"line":31,"column":46}},"decl":{"start":{"line":31,"column":22},"end":{"line":31,"column":23}},"line":31,"name":"(anonymous_1)"},"2":{"loc":{"start":{"line":41,"column":39},"end":{"line":47,"column":9}},"decl":{"start":{"line":41,"column":33},"end":{"line":41,"column":34}},"line":41,"name":"(anonymous_2)"},"3":{"loc":{"start":{"line":46,"column":28},"end":{"line":46,"column":55}},"decl":{"start":{"line":46,"column":22},"end":{"line":46,"column":23}},"line":46,"name":"(anonymous_3)"}},"f":{"0":3,"1":3,"2":0,"3":0},"branchMap":{"0":{"loc":{"start":{"line":17,"column":8},"end":{"line":20,"column":9}},"line":17,"locations":[{"start":{"line":17,"column":8},"end":{"line":20,"column":9}},{"start":{"line":17,"column":8},"end":{"line":20,"column":9}}],"type":"if"}},"_coverageSchema":"332fd63041d2c1bcb487cc26dd0d5f7d97098a6c","hash":"d07ecc89f5822b7f29b8fd213b497c0de815dcf6"},"repositories/event.js":{"path":"repositories/event.js","b":{"0":[0,0],"1":[0,0],"2":[0,0],"3":[0,0],"4":[8,7]},"statementMap":{"0":{"start":{"line":10,"column":4},"end":{"line":10,"column":9}},"1":{"start":{"line":19,"column":8},"end":{"line":43,"column":11}},"2":{"start":{"line":20,"column":34},"end":{"line":26,"column":41}},"3":{"start":{"line":23,"column":26},"end":{"line":23,"column":41}},"4":{"start":{"line":24,"column":26},"end":{"line":24,"column":39}},"5":{"start":{"line":26,"column":35},"end":{"line":26,"column":40}},"6":{"start":{"line":27,"column":33},"end":{"line":29,"column":41}},"7":{"start":{"line":29,"column":35},"end":{"line":29,"column":40}},"8":{"start":{"line":31,"column":12},"end":{"line":42,"column":15}},"9":{"start":{"line":35,"column":16},"end":{"line":41,"column":17}},"10":{"start":{"line":36,"column":20},"end":{"line":38,"column":22}},"11":{"start":{"line":39,"column":23},"end":{"line":41,"column":17}},"12":{"start":{"line":40,"column":20},"end":{"line":40,"column":61}},"13":{"start":{"line":47,"column":26},"end":{"line":47,"column":77}},"14":{"start":{"line":49,"column":8},"end":{"line":57,"column":11}},"15":{"start":{"line":50,"column":28},"end":{"line":50,"column":65}},"16":{"start":{"line":52,"column":12},"end":{"line":52,"column":40}},"17":{"start":{"line":54,"column":12},"end":{"line":56,"column":36}},"18":{"start":{"line":56,"column":28},"end":{"line":56,"column":34}},"19":{"start":{"line":61,"column":19},"end":{"line":61,"column":35}},"20":{"start":{"line":63,"column":8},"end":{"line":68,"column":19}},"21":{"start":{"line":65,"column":28},"end":{"line":67,"column":37}},"22":{"start":{"line":67,"column":30},"end":{"line":67,"column":36}}},"s":{"0":5,"1":1,"2":1,"3":1,"4":1,"5":0,"6":1,"7":0,"8":1,"9":0,"10":0,"11":0,"12":0,"13":15,"14":15,"15":15,"16":15,"17":15,"18":10,"19":2,"20":2,"21":2,"22":2},"fnMap":{"0":{"loc":{"start":{"line":19,"column":48},"end":{"line":43,"column":9}},"decl":{"start":{"line":19,"column":27},"end":{"line":19,"column":28}},"line":19,"name":"(anonymous_0)"},"1":{"loc":{"start":{"line":22,"column":39},"end":{"line":25,"column":23}},"decl":{"start":{"line":22,"column":28},"end":{"line":22,"column":29}},"line":22,"name":"(anonymous_1)"},"2":{"loc":{"start":{"line":26,"column":35},"end":{"line":26,"column":40}},"decl":{"start":{"line":26,"column":29},"end":{"line":26,"column":30}},"line":26,"name":"(anonymous_2)"},"3":{"loc":{"start":{"line":29,"column":35},"end":{"line":29,"column":40}},"decl":{"start":{"line":29,"column":29},"end":{"line":29,"column":30}},"line":29,"name":"(anonymous_3)"},"4":{"loc":{"start":{"line":34,"column":74},"end":{"line":42,"column":13}},"decl":{"start":{"line":34,"column":20},"end":{"line":34,"column":21}},"line":34,"name":"(anonymous_4)"},"5":{"loc":{"start":{"line":49,"column":45},"end":{"line":57,"column":9}},"decl":{"start":{"line":49,"column":33},"end":{"line":49,"column":34}},"line":49,"name":"(anonymous_5)"},"6":{"loc":{"start":{"line":56,"column":28},"end":{"line":56,"column":34}},"decl":{"start":{"line":56,"column":22},"end":{"line":56,"column":23}},"line":56,"name":"(anonymous_6)"},"7":{"loc":{"start":{"line":65,"column":28},"end":{"line":67,"column":37}},"decl":{"start":{"line":65,"column":18},"end":{"line":65,"column":19}},"line":65,"name":"(anonymous_7)"},"8":{"loc":{"start":{"line":67,"column":30},"end":{"line":67,"column":36}},"decl":{"start":{"line":67,"column":24},"end":{"line":67,"column":25}},"line":67,"name":"(anonymous_8)"}},"f":{"0":1,"1":1,"2":0,"3":0,"4":0,"5":15,"6":10,"7":2,"8":2},"branchMap":{"0":{"loc":{"start":{"line":35,"column":16},"end":{"line":41,"column":17}},"line":35,"locations":[{"start":{"line":35,"column":16},"end":{"line":41,"column":17}},{"start":{"line":35,"column":16},"end":{"line":41,"column":17}}],"type":"if"},"1":{"loc":{"start":{"line":35,"column":20},"end":{"line":35,"column":38}},"line":35,"locations":[{"start":{"line":35,"column":20},"end":{"line":35,"column":28}},{"start":{"line":35,"column":32},"end":{"line":35,"column":38}}],"type":"binary-expr"},"2":{"loc":{"start":{"line":39,"column":23},"end":{"line":41,"column":17}},"line":39,"locations":[{"start":{"line":39,"column":23},"end":{"line":41,"column":17}},{"start":{"line":39,"column":23},"end":{"line":41,"column":17}}],"type":"if"},"3":{"loc":{"start":{"line":39,"column":27},"end":{"line":39,"column":46}},"line":39,"locations":[{"start":{"line":39,"column":27},"end":{"line":39,"column":34}},{"start":{"line":39,"column":38},"end":{"line":39,"column":46}}],"type":"binary-expr"},"4":{"loc":{"start":{"line":47,"column":26},"end":{"line":47,"column":77}},"line":47,"locations":[{"start":{"line":47,"column":48},"end":{"line":47,"column":61}},{"start":{"line":47,"column":64},"end":{"line":47,"column":77}}],"type":"cond-expr"}},"_coverageSchema":"332fd63041d2c1bcb487cc26dd0d5f7d97098a6c","hash":"97d8b7e8cb8c525e124597636376135f30c45898"},"components/transaction-list-header.js":{"path":"components/transaction-list-header.js","b":{},"statementMap":{"0":{"start":{"line":8,"column":4},"end":{"line":8,"column":9}},"1":{"start":{"line":17,"column":29},"end":{"line":17,"column":54}},"2":{"start":{"line":19,"column":8},"end":{"line":22,"column":10}},"3":{"start":{"line":20,"column":28},"end":{"line":20,"column":66}}},"s":{"0":3,"1":6,"2":6,"3":6},"fnMap":{"0":{"loc":{"start":{"line":16,"column":51},"end":{"line":23,"column":5}},"decl":{"start":{"line":16,"column":39},"end":{"line":16,"column":40}},"line":16,"name":"(anonymous_0)"},"1":{"loc":{"start":{"line":20,"column":28},"end":{"line":20,"column":66}},"decl":{"start":{"line":20,"column":12},"end":{"line":20,"column":13}},"line":20,"name":"(anonymous_1)"}},"f":{"0":6,"1":6},"branchMap":{},"_coverageSchema":"332fd63041d2c1bcb487cc26dd0d5f7d97098a6c","hash":"e8f93ede0fdd039dfbc50c1b97d8d1ab48f558f7"},"components/transaction-list-item.js":{"path":"components/transaction-list-item.js","b":{"0":[2,0]},"statementMap":{"0":{"start":{"line":7,"column":4},"end":{"line":7,"column":9}},"1":{"start":{"line":13,"column":8},"end":{"line":13,"column":80}},"2":{"start":{"line":17,"column":24},"end":{"line":17,"column":44}},"3":{"start":{"line":19,"column":8},"end":{"line":21,"column":9}},"4":{"start":{"line":20,"column":12},"end":{"line":20,"column":22}}},"s":{"0":4,"1":45,"2":2,"3":2,"4":2},"fnMap":{"0":{"loc":{"start":{"line":12,"column":67},"end":{"line":14,"column":5}},"decl":{"start":{"line":12,"column":55},"end":{"line":12,"column":56}},"line":12,"name":"(anonymous_0)"}},"f":{"0":45},"branchMap":{"0":{"loc":{"start":{"line":19,"column":8},"end":{"line":21,"column":9}},"line":19,"locations":[{"start":{"line":19,"column":8},"end":{"line":21,"column":9}},{"start":{"line":19,"column":8},"end":{"line":21,"column":9}}],"type":"if"}},"_coverageSchema":"332fd63041d2c1bcb487cc26dd0d5f7d97098a6c","hash":"f240a42a6bcc0dafc1cbe3abc64cbb5d8849b40d"},"adapters/offline/currency.js":{"path":"adapters/offline/currency.js","b":{},"statementMap":{},"s":{},"fnMap":{},"f":{},"branchMap":{},"_coverageSchema":"332fd63041d2c1bcb487cc26dd0d5f7d97098a6c","hash":"1580b78d275c4a011d1dc8952c01f14a941d503d"},"models/currency.js":{"path":"models/currency.js","b":{},"statementMap":{"0":{"start":{"line":9,"column":4},"end":{"line":9,"column":9}},"1":{"start":{"line":11,"column":17},"end":{"line":18,"column":2}},"2":{"start":{"line":16,"column":8},"end":{"line":16,"column":61}},"3":{"start":{"line":20,"column":0},"end":{"line":33,"column":3}}},"s":{"0":5,"1":5,"2":50,"3":5},"fnMap":{"0":{"loc":{"start":{"line":15,"column":55},"end":{"line":17,"column":5}},"decl":{"start":{"line":15,"column":43},"end":{"line":15,"column":44}},"line":15,"name":"(anonymous_0)"}},"f":{"0":50},"branchMap":{},"_coverageSchema":"332fd63041d2c1bcb487cc26dd0d5f7d97098a6c","hash":"584acb5d6ce5d5adb638b9f2ed4206757dbf4ab4"},"components/transaction-list.js":{"path":"components/transaction-list.js","b":{"0":[6,0]},"statementMap":{"0":{"start":{"line":9,"column":4},"end":{"line":9,"column":9}},"1":{"start":{"line":18,"column":23},"end":{"line":18,"column":25}},"2":{"start":{"line":19,"column":29},"end":{"line":19,"column":79}},"3":{"start":{"line":21,"column":8},"end":{"line":32,"column":11}},"4":{"start":{"line":22,"column":26},"end":{"line":22,"column":51}},"5":{"start":{"line":23,"column":26},"end":{"line":23,"column":55}},"6":{"start":{"line":25,"column":12},"end":{"line":31,"column":13}},"7":{"start":{"line":26,"column":16},"end":{"line":28,"column":18}},"8":{"start":{"line":30,"column":16},"end":{"line":30,"column":67}},"9":{"start":{"line":34,"column":8},"end":{"line":34,"column":22}},"10":{"start":{"line":37,"column":29},"end":{"line":37,"column":54}},"11":{"start":{"line":39,"column":8},"end":{"line":39,"column":75}},"12":{"start":{"line":39,"column":47},"end":{"line":39,"column":73}},"13":{"start":{"line":44,"column":12},"end":{"line":44,"column":49}}},"s":{"0":4,"1":6,"2":6,"3":6,"4":6,"5":6,"6":6,"7":6,"8":0,"9":6,"10":6,"11":6,"12":6,"13":2},"fnMap":{"0":{"loc":{"start":{"line":17,"column":65},"end":{"line":35,"column":5}},"decl":{"start":{"line":17,"column":53},"end":{"line":17,"column":54}},"line":17,"name":"(anonymous_0)"},"1":{"loc":{"start":{"line":21,"column":46},"end":{"line":32,"column":9}},"decl":{"start":{"line":21,"column":29},"end":{"line":21,"column":30}},"line":21,"name":"(anonymous_1)"},"2":{"loc":{"start":{"line":36,"column":68},"end":{"line":40,"column":5}},"decl":{"start":{"line":36,"column":56},"end":{"line":36,"column":57}},"line":36,"name":"(anonymous_2)"},"3":{"loc":{"start":{"line":39,"column":47},"end":{"line":39,"column":73}},"decl":{"start":{"line":39,"column":32},"end":{"line":39,"column":33}},"line":39,"name":"(anonymous_3)"}},"f":{"0":6,"1":6,"2":6,"3":6},"branchMap":{"0":{"loc":{"start":{"line":25,"column":12},"end":{"line":31,"column":13}},"line":25,"locations":[{"start":{"line":25,"column":12},"end":{"line":31,"column":13}},{"start":{"line":25,"column":12},"end":{"line":31,"column":13}}],"type":"if"}},"_coverageSchema":"332fd63041d2c1bcb487cc26dd0d5f7d97098a6c","hash":"7a4dcb328c343c622371ca3ef5c66e89854d422f"},"initializers/remember-scroll.js":{"path":"initializers/remember-scroll.js","b":{},"statementMap":{"0":{"start":{"line":4,"column":18},"end":{"line":4,"column":23}},"1":{"start":{"line":7,"column":4},"end":{"line":7,"column":37}}},"s":{"0":5,"1":5},"fnMap":{"0":{"loc":{"start":{"line":6,"column":29},"end":{"line":8,"column":1}},"decl":{"start":{"line":6,"column":16},"end":{"line":6,"column":26}},"line":6,"name":"initialize"}},"f":{"0":5},"branchMap":{},"_coverageSchema":"332fd63041d2c1bcb487cc26dd0d5f7d97098a6c","hash":"84cb3f9c4c22329bc070e3c9347eb958f5ff4588"},"components/nav-link-to.js":{"path":"components/nav-link-to.js","b":{},"statementMap":{"0":{"start":{"line":3,"column":26},"end":{"line":3,"column":31}}},"s":{"0":5},"fnMap":{},"f":{},"branchMap":{},"_coverageSchema":"332fd63041d2c1bcb487cc26dd0d5f7d97098a6c","hash":"efc5a3d2726d0fc14875ed30f339ceeeb220c05e"},"helpers/is-equal.js":{"path":"helpers/is-equal.js","b":{},"statementMap":{"0":{"start":{"line":3,"column":19},"end":{"line":3,"column":24}},"1":{"start":{"line":6,"column":4},"end":{"line":6,"column":34}}},"s":{"0":5,"1":250},"fnMap":{"0":{"loc":{"start":{"line":5,"column":47},"end":{"line":7,"column":1}},"decl":{"start":{"line":5,"column":16},"end":{"line":5,"column":23}},"line":5,"name":"isEqual"}},"f":{"0":250},"branchMap":{},"_coverageSchema":"332fd63041d2c1bcb487cc26dd0d5f7d97098a6c","hash":"6dcf9417d016c2741ac95301444e7d7eb903c8c7"},"routes/event/index.js":{"path":"routes/event/index.js","b":{},"statementMap":{"0":{"start":{"line":7,"column":4},"end":{"line":7,"column":9}},"1":{"start":{"line":16,"column":12},"end":{"line":46,"column":15}},"2":{"start":{"line":20,"column":38},"end":{"line":20,"column":60}},"3":{"start":{"line":21,"column":44},"end":{"line":27,"column":26}},"4":{"start":{"line":29,"column":24},"end":{"line":42,"column":31}},"5":{"start":{"line":32,"column":32},"end":{"line":32,"column":67}},"6":{"start":{"line":33,"column":32},"end":{"line":35,"column":34}},"7":{"start":{"line":38,"column":32},"end":{"line":38,"column":67}},"8":{"start":{"line":39,"column":32},"end":{"line":41,"column":34}}},"s":{"0":5,"1":0,"2":0,"3":0,"4":0,"5":0,"6":0,"7":0,"8":0},"fnMap":{"0":{"loc":{"start":{"line":19,"column":31},"end":{"line":43,"column":21}},"decl":{"start":{"line":19,"column":25},"end":{"line":19,"column":26}},"line":19,"name":"(anonymous_0)"},"1":{"loc":{"start":{"line":31,"column":40},"end":{"line":36,"column":29}},"decl":{"start":{"line":31,"column":34},"end":{"line":31,"column":35}},"line":31,"name":"(anonymous_1)"},"2":{"loc":{"start":{"line":37,"column":41},"end":{"line":42,"column":29}},"decl":{"start":{"line":37,"column":35},"end":{"line":37,"column":36}},"line":37,"name":"(anonymous_2)"}},"f":{"0":0,"1":0,"2":0},"branchMap":{},"_coverageSchema":"332fd63041d2c1bcb487cc26dd0d5f7d97098a6c","hash":"f81ca1d23e3947efc0fe7b8c4e32a1643352470b"},"services/user-country-code.js":{"path":"services/user-country-code.js","b":{"0":[5,6],"1":[0,0],"2":[0,0]},"statementMap":{"0":{"start":{"line":9,"column":4},"end":{"line":9,"column":9}},"1":{"start":{"line":16,"column":26},"end":{"line":16,"column":50}},"2":{"start":{"line":18,"column":8},"end":{"line":32,"column":9}},"3":{"start":{"line":19,"column":12},"end":{"line":30,"column":19}},"4":{"start":{"line":22,"column":20},"end":{"line":24,"column":21}},"5":{"start":{"line":23,"column":24},"end":{"line":23,"column":49}},"6":{"start":{"line":26,"column":20},"end":{"line":26,"column":37}},"7":{"start":{"line":29,"column":20},"end":{"line":29,"column":29}},"8":{"start":{"line":31,"column":12},"end":{"line":31,"column":50}},"9":{"start":{"line":34,"column":8},"end":{"line":34,"column":27}}},"s":{"0":5,"1":11,"2":11,"3":5,"4":0,"5":0,"6":0,"7":5,"8":5,"9":11},"fnMap":{"0":{"loc":{"start":{"line":21,"column":32},"end":{"line":27,"column":17}},"decl":{"start":{"line":21,"column":22},"end":{"line":21,"column":23}},"line":21,"name":"(anonymous_0)"},"1":{"loc":{"start":{"line":28,"column":30},"end":{"line":30,"column":17}},"decl":{"start":{"line":28,"column":23},"end":{"line":28,"column":24}},"line":28,"name":"(anonymous_1)"}},"f":{"0":0,"1":5},"branchMap":{"0":{"loc":{"start":{"line":18,"column":8},"end":{"line":32,"column":9}},"line":18,"locations":[{"start":{"line":18,"column":8},"end":{"line":32,"column":9}},{"start":{"line":18,"column":8},"end":{"line":32,"column":9}}],"type":"if"},"1":{"loc":{"start":{"line":22,"column":20},"end":{"line":24,"column":21}},"line":22,"locations":[{"start":{"line":22,"column":20},"end":{"line":24,"column":21}},{"start":{"line":22,"column":20},"end":{"line":24,"column":21}}],"type":"if"},"2":{"loc":{"start":{"line":22,"column":24},"end":{"line":22,"column":57}},"line":22,"locations":[{"start":{"line":22,"column":24},"end":{"line":22,"column":36}},{"start":{"line":22,"column":40},"end":{"line":22,"column":57}}],"type":"binary-expr"}},"_coverageSchema":"332fd63041d2c1bcb487cc26dd0d5f7d97098a6c","hash":"315498a8bb495b857cf8a9744c4181a3648b4ca3"},"routes/event/transactions/edit.js":{"path":"routes/event/transactions/edit.js","b":{},"statementMap":{"0":{"start":{"line":8,"column":4},"end":{"line":8,"column":9}},"1":{"start":{"line":15,"column":8},"end":{"line":15,"column":75}},"2":{"start":{"line":19,"column":8},"end":{"line":19,"column":39}},"3":{"start":{"line":20,"column":21},"end":{"line":20,"column":48}},"4":{"start":{"line":21,"column":21},"end":{"line":21,"column":69}},"5":{"start":{"line":22,"column":8},"end":{"line":25,"column":11}},"6":{"start":{"line":29,"column":8},"end":{"line":29,"column":45}},"7":{"start":{"line":34,"column":12},"end":{"line":39,"column":19}},"8":{"start":{"line":37,"column":20},"end":{"line":37,"column":60}},"9":{"start":{"line":38,"column":20},"end":{"line":38,"column":81}},"10":{"start":{"line":43,"column":26},"end":{"line":43,"column":48}},"11":{"start":{"line":45,"column":12},"end":{"line":50,"column":19}},"12":{"start":{"line":48,"column":20},"end":{"line":48,"column":60}},"13":{"start":{"line":49,"column":20},"end":{"line":49,"column":81}}},"s":{"0":2,"1":0,"2":2,"3":2,"4":2,"5":2,"6":2,"7":0,"8":0,"9":0,"10":0,"11":0,"12":0,"13":0},"fnMap":{"0":{"loc":{"start":{"line":36,"column":28},"end":{"line":39,"column":17}},"decl":{"start":{"line":36,"column":22},"end":{"line":36,"column":23}},"line":36,"name":"(anonymous_0)"},"1":{"loc":{"start":{"line":47,"column":28},"end":{"line":50,"column":17}},"decl":{"start":{"line":47,"column":22},"end":{"line":47,"column":23}},"line":47,"name":"(anonymous_1)"}},"f":{"0":0,"1":0},"branchMap":{},"_coverageSchema":"332fd63041d2c1bcb487cc26dd0d5f7d97098a6c","hash":"74f9ae8f72ca200b57062c0434deecfe7e92ef71"}}