{"app/exchange.js":{"path":"app/exchange.js","b":{"0":[4,7],"1":[4,0],"2":[0,7],"3":[7,7],"4":[7,0],"5":[0,18],"6":[18,18],"7":[18,0],"8":[0,0]},"statementMap":{"0":{"start":{"line":2,"column":0},"end":{"line":59,"column":2}},"1":{"start":{"line":8,"column":2},"end":{"line":12,"column":3}},"2":{"start":{"line":9,"column":3},"end":{"line":10,"column":15}},"3":{"start":{"line":10,"column":4},"end":{"line":10,"column":15}},"4":{"start":{"line":11,"column":3},"end":{"line":11,"column":10}},"5":{"start":{"line":13,"column":13},"end":{"line":13,"column":17}},"6":{"start":{"line":15,"column":16},"end":{"line":27,"column":3}},"7":{"start":{"line":17,"column":3},"end":{"line":20,"column":4}},"8":{"start":{"line":18,"column":4},"end":{"line":18,"column":127}},"9":{"start":{"line":19,"column":4},"end":{"line":19,"column":11}},"10":{"start":{"line":21,"column":3},"end":{"line":21,"column":27}},"11":{"start":{"line":22,"column":3},"end":{"line":22,"column":25}},"12":{"start":{"line":24,"column":3},"end":{"line":24,"column":22}},"13":{"start":{"line":25,"column":3},"end":{"line":26,"column":15}},"14":{"start":{"line":26,"column":4},"end":{"line":26,"column":15}},"15":{"start":{"line":29,"column":2},"end":{"line":36,"column":5}},"16":{"start":{"line":39,"column":2},"end":{"line":39,"column":40}},"17":{"start":{"line":42,"column":2},"end":{"line":42,"column":28}},"18":{"start":{"line":44,"column":2},"end":{"line":47,"column":3}},"19":{"start":{"line":45,"column":3},"end":{"line":45,"column":89}},"20":{"start":{"line":46,"column":3},"end":{"line":46,"column":12}},"21":{"start":{"line":49,"column":2},"end":{"line":51,"column":3}},"22":{"start":{"line":50,"column":3},"end":{"line":50,"column":25}},"23":{"start":{"line":52,"column":2},"end":{"line":54,"column":3}},"24":{"start":{"line":53,"column":3},"end":{"line":53,"column":31}},"25":{"start":{"line":56,"column":2},"end":{"line":56,"column":49}}},"s":{"0":7,"1":11,"2":4,"3":4,"4":4,"5":7,"6":7,"7":7,"8":0,"9":0,"10":7,"11":7,"12":7,"13":7,"14":7,"15":7,"16":18,"17":18,"18":18,"19":0,"20":0,"21":18,"22":18,"23":0,"24":0,"25":0},"fnMap":{"0":{"loc":{"start":{"line":6,"column":31},"end":{"line":37,"column":2}},"decl":{"start":{"line":6,"column":12},"end":{"line":6,"column":13}},"line":6,"name":"(anonymous_0)"},"1":{"loc":{"start":{"line":15,"column":31},"end":{"line":27,"column":3}},"decl":{"start":{"line":15,"column":16},"end":{"line":15,"column":17}},"line":15,"name":"(anonymous_1)"},"2":{"loc":{"start":{"line":38,"column":36},"end":{"line":40,"column":2}},"decl":{"start":{"line":38,"column":10},"end":{"line":38,"column":11}},"line":38,"name":"(anonymous_2)"},"3":{"loc":{"start":{"line":41,"column":29},"end":{"line":57,"column":2}},"decl":{"start":{"line":41,"column":10},"end":{"line":41,"column":11}},"line":41,"name":"(anonymous_3)"}},"f":{"0":11,"1":7,"2":18,"3":18},"branchMap":{"0":{"loc":{"start":{"line":8,"column":2},"end":{"line":12,"column":3}},"line":8,"locations":[{"start":{"line":8,"column":2},"end":{"line":12,"column":3}},{"start":{"line":8,"column":2},"end":{"line":12,"column":3}}],"type":"if"},"1":{"loc":{"start":{"line":9,"column":3},"end":{"line":10,"column":15}},"line":9,"locations":[{"start":{"line":9,"column":3},"end":{"line":10,"column":15}},{"start":{"line":9,"column":3},"end":{"line":10,"column":15}}],"type":"if"},"2":{"loc":{"start":{"line":17,"column":3},"end":{"line":20,"column":4}},"line":17,"locations":[{"start":{"line":17,"column":3},"end":{"line":20,"column":4}},{"start":{"line":17,"column":3},"end":{"line":20,"column":4}}],"type":"if"},"3":{"loc":{"start":{"line":17,"column":7},"end":{"line":17,"column":78}},"line":17,"locations":[{"start":{"line":17,"column":7},"end":{"line":17,"column":41}},{"start":{"line":17,"column":45},"end":{"line":17,"column":78}}],"type":"binary-expr"},"4":{"loc":{"start":{"line":25,"column":3},"end":{"line":26,"column":15}},"line":25,"locations":[{"start":{"line":25,"column":3},"end":{"line":26,"column":15}},{"start":{"line":25,"column":3},"end":{"line":26,"column":15}}],"type":"if"},"5":{"loc":{"start":{"line":44,"column":2},"end":{"line":47,"column":3}},"line":44,"locations":[{"start":{"line":44,"column":2},"end":{"line":47,"column":3}},{"start":{"line":44,"column":2},"end":{"line":47,"column":3}}],"type":"if"},"6":{"loc":{"start":{"line":44,"column":6},"end":{"line":44,"column":42}},"line":44,"locations":[{"start":{"line":44,"column":6},"end":{"line":44,"column":21}},{"start":{"line":44,"column":25},"end":{"line":44,"column":42}}],"type":"binary-expr"},"7":{"loc":{"start":{"line":49,"column":2},"end":{"line":51,"column":3}},"line":49,"locations":[{"start":{"line":49,"column":2},"end":{"line":51,"column":3}},{"start":{"line":49,"column":2},"end":{"line":51,"column":3}}],"type":"if"},"8":{"loc":{"start":{"line":52,"column":2},"end":{"line":54,"column":3}},"line":52,"locations":[{"start":{"line":52,"column":2},"end":{"line":54,"column":3}},{"start":{"line":52,"column":2},"end":{"line":54,"column":3}}],"type":"if"}},"_coverageSchema":"332fd63041d2c1bcb487cc26dd0d5f7d97098a6c","hash":"ae1e56112954851d5f9af7f89b49f88e297c51e0"},"app/models/wallets_access.js":{"path":"app/models/wallets_access.js","b":{"0":[0,1],"1":[0,0],"2":[1,0]},"statementMap":{"0":{"start":{"line":2,"column":0},"end":{"line":19,"column":3}},"1":{"start":{"line":11,"column":8},"end":{"line":14,"column":149}},"2":{"start":{"line":12,"column":12},"end":{"line":12,"column":119}},"3":{"start":{"line":14,"column":12},"end":{"line":14,"column":149}},"4":{"start":{"line":17,"column":8},"end":{"line":17,"column":117}}},"s":{"0":7,"1":1,"2":0,"3":1,"4":2},"fnMap":{"0":{"loc":{"start":{"line":10,"column":20},"end":{"line":15,"column":5}},"decl":{"start":{"line":10,"column":9},"end":{"line":10,"column":10}},"line":10,"name":"(anonymous_0)"},"1":{"loc":{"start":{"line":16,"column":31},"end":{"line":18,"column":5}},"decl":{"start":{"line":16,"column":20},"end":{"line":16,"column":21}},"line":16,"name":"(anonymous_1)"}},"f":{"0":1,"1":2},"branchMap":{"0":{"loc":{"start":{"line":11,"column":8},"end":{"line":14,"column":149}},"line":11,"locations":[{"start":{"line":11,"column":8},"end":{"line":14,"column":149}},{"start":{"line":11,"column":8},"end":{"line":14,"column":149}}],"type":"if"},"1":{"loc":{"start":{"line":12,"column":71},"end":{"line":12,"column":117}},"line":12,"locations":[{"start":{"line":12,"column":105},"end":{"line":12,"column":107}},{"start":{"line":12,"column":110},"end":{"line":12,"column":117}}],"type":"cond-expr"},"2":{"loc":{"start":{"line":14,"column":101},"end":{"line":14,"column":147}},"line":14,"locations":[{"start":{"line":14,"column":135},"end":{"line":14,"column":137}},{"start":{"line":14,"column":140},"end":{"line":14,"column":147}}],"type":"cond-expr"}},"_coverageSchema":"332fd63041d2c1bcb487cc26dd0d5f7d97098a6c","hash":"f3ccbf52280d9f37251104086d771b86cc9d4c93"},"app/views/tours/wallet.js":{"path":"app/views/tours/wallet.js","b":{"0":[9,0],"1":[0,0],"2":[0,0],"3":[0,0],"4":[0,0],"5":[0,0],"6":[0,0]},"statementMap":{"0":{"start":{"line":2,"column":0},"end":{"line":119,"column":1}},"1":{"start":{"line":6,"column":2},"end":{"line":6,"column":38}},"2":{"start":{"line":7,"column":2},"end":{"line":7,"column":18}},"3":{"start":{"line":10,"column":2},"end":{"line":11,"column":16}},"4":{"start":{"line":11,"column":3},"end":{"line":11,"column":16}},"5":{"start":{"line":13,"column":13},"end":{"line":13,"column":17}},"6":{"start":{"line":15,"column":2},"end":{"line":15,"column":25}},"7":{"start":{"line":17,"column":21},"end":{"line":21,"column":3}},"8":{"start":{"line":18,"column":14},"end":{"line":18,"column":44}},"9":{"start":{"line":19,"column":3},"end":{"line":19,"column":23}},"10":{"start":{"line":20,"column":3},"end":{"line":20,"column":24}},"11":{"start":{"line":23,"column":2},"end":{"line":23,"column":19}},"12":{"start":{"line":24,"column":2},"end":{"line":110,"column":5}},"13":{"start":{"line":26,"column":4},"end":{"line":26,"column":40}},"14":{"start":{"line":35,"column":6},"end":{"line":35,"column":22}},"15":{"start":{"line":37,"column":6},"end":{"line":42,"column":13}},"16":{"start":{"line":38,"column":7},"end":{"line":41,"column":23}},"17":{"start":{"line":39,"column":8},"end":{"line":39,"column":67}},"18":{"start":{"line":41,"column":8},"end":{"line":41,"column":23}},"19":{"start":{"line":51,"column":6},"end":{"line":51,"column":22}},"20":{"start":{"line":53,"column":6},"end":{"line":58,"column":13}},"21":{"start":{"line":54,"column":7},"end":{"line":57,"column":23}},"22":{"start":{"line":55,"column":8},"end":{"line":55,"column":67}},"23":{"start":{"line":57,"column":8},"end":{"line":57,"column":23}},"24":{"start":{"line":67,"column":21},"end":{"line":67,"column":46}},"25":{"start":{"line":68,"column":6},"end":{"line":70,"column":9}},"26":{"start":{"line":69,"column":7},"end":{"line":69,"column":32}},"27":{"start":{"line":82,"column":6},"end":{"line":82,"column":22}},"28":{"start":{"line":84,"column":6},"end":{"line":89,"column":13}},"29":{"start":{"line":85,"column":7},"end":{"line":88,"column":23}},"30":{"start":{"line":86,"column":8},"end":{"line":86,"column":67}},"31":{"start":{"line":88,"column":8},"end":{"line":88,"column":23}},"32":{"start":{"line":98,"column":5},"end":{"line":98,"column":42}},"33":{"start":{"line":107,"column":5},"end":{"line":107,"column":30}},"34":{"start":{"line":113,"column":2},"end":{"line":113,"column":19}},"35":{"start":{"line":116,"column":2},"end":{"line":116,"column":24}},"36":{"start":{"line":117,"column":2},"end":{"line":117,"column":20}}},"s":{"0":7,"1":0,"2":0,"3":9,"4":9,"5":0,"6":0,"7":0,"8":0,"9":0,"10":0,"11":0,"12":0,"13":0,"14":0,"15":0,"16":0,"17":0,"18":0,"19":0,"20":0,"21":0,"22":0,"23":0,"24":0,"25":0,"26":0,"27":0,"28":0,"29":0,"30":0,"31":0,"32":0,"33":0,"34":0,"35":0,"36":0},"fnMap":{"0":{"loc":{"start":{"line":5,"column":20},"end":{"line":8,"column":2}},"decl":{"start":{"line":5,"column":9},"end":{"line":5,"column":10}},"line":5,"name":"(anonymous_0)"},"1":{"loc":{"start":{"line":9,"column":22},"end":{"line":118,"column":2}},"decl":{"start":{"line":9,"column":7},"end":{"line":9,"column":8}},"line":9,"name":"(anonymous_1)"},"2":{"loc":{"start":{"line":17,"column":32},"end":{"line":21,"column":3}},"decl":{"start":{"line":17,"column":21},"end":{"line":17,"column":22}},"line":17,"name":"(anonymous_2)"},"3":{"loc":{"start":{"line":25,"column":25},"end":{"line":27,"column":4}},"decl":{"start":{"line":25,"column":10},"end":{"line":25,"column":11}},"line":25,"name":"(anonymous_3)"},"4":{"loc":{"start":{"line":34,"column":27},"end":{"line":43,"column":6}},"decl":{"start":{"line":34,"column":12},"end":{"line":34,"column":13}},"line":34,"name":"(anonymous_4)"},"5":{"loc":{"start":{"line":37,"column":28},"end":{"line":42,"column":7}},"decl":{"start":{"line":37,"column":17},"end":{"line":37,"column":18}},"line":37,"name":"(anonymous_5)"},"6":{"loc":{"start":{"line":50,"column":27},"end":{"line":59,"column":6}},"decl":{"start":{"line":50,"column":12},"end":{"line":50,"column":13}},"line":50,"name":"(anonymous_6)"},"7":{"loc":{"start":{"line":53,"column":28},"end":{"line":58,"column":7}},"decl":{"start":{"line":53,"column":17},"end":{"line":53,"column":18}},"line":53,"name":"(anonymous_7)"},"8":{"loc":{"start":{"line":66,"column":28},"end":{"line":71,"column":6}},"decl":{"start":{"line":66,"column":13},"end":{"line":66,"column":14}},"line":66,"name":"(anonymous_8)"},"9":{"loc":{"start":{"line":68,"column":71},"end":{"line":70,"column":7}},"decl":{"start":{"line":68,"column":60},"end":{"line":68,"column":61}},"line":68,"name":"(anonymous_9)"},"10":{"loc":{"start":{"line":78,"column":24},"end":{"line":80,"column":5}},"decl":{"start":{"line":78,"column":13},"end":{"line":78,"column":14}},"line":78,"name":"(anonymous_10)"},"11":{"loc":{"start":{"line":81,"column":27},"end":{"line":90,"column":6}},"decl":{"start":{"line":81,"column":12},"end":{"line":81,"column":13}},"line":81,"name":"(anonymous_11)"},"12":{"loc":{"start":{"line":84,"column":28},"end":{"line":89,"column":7}},"decl":{"start":{"line":84,"column":17},"end":{"line":84,"column":18}},"line":84,"name":"(anonymous_12)"},"13":{"loc":{"start":{"line":97,"column":23},"end":{"line":99,"column":5}},"decl":{"start":{"line":97,"column":12},"end":{"line":97,"column":13}},"line":97,"name":"(anonymous_13)"},"14":{"loc":{"start":{"line":106,"column":23},"end":{"line":108,"column":5}},"decl":{"start":{"line":106,"column":12},"end":{"line":106,"column":13}},"line":106,"name":"(anonymous_14)"}},"f":{"0":0,"1":9,"2":0,"3":0,"4":0,"5":0,"6":0,"7":0,"8":0,"9":0,"10":0,"11":0,"12":0,"13":0,"14":0},"branchMap":{"0":{"loc":{"start":{"line":10,"column":2},"end":{"line":11,"column":16}},"line":10,"locations":[{"start":{"line":10,"column":2},"end":{"line":11,"column":16}},{"start":{"line":10,"column":2},"end":{"line":11,"column":16}}],"type":"if"},"1":{"loc":{"start":{"line":38,"column":7},"end":{"line":41,"column":23}},"line":38,"locations":[{"start":{"line":38,"column":7},"end":{"line":41,"column":23}},{"start":{"line":38,"column":7},"end":{"line":41,"column":23}}],"type":"if"},"2":{"loc":{"start":{"line":38,"column":11},"end":{"line":38,"column":45}},"line":38,"locations":[{"start":{"line":38,"column":11},"end":{"line":38,"column":21}},{"start":{"line":38,"column":25},"end":{"line":38,"column":45}}],"type":"binary-expr"},"3":{"loc":{"start":{"line":54,"column":7},"end":{"line":57,"column":23}},"line":54,"locations":[{"start":{"line":54,"column":7},"end":{"line":57,"column":23}},{"start":{"line":54,"column":7},"end":{"line":57,"column":23}}],"type":"if"},"4":{"loc":{"start":{"line":54,"column":11},"end":{"line":54,"column":45}},"line":54,"locations":[{"start":{"line":54,"column":11},"end":{"line":54,"column":21}},{"start":{"line":54,"column":25},"end":{"line":54,"column":45}}],"type":"binary-expr"},"5":{"loc":{"start":{"line":85,"column":7},"end":{"line":88,"column":23}},"line":85,"locations":[{"start":{"line":85,"column":7},"end":{"line":88,"column":23}},{"start":{"line":85,"column":7},"end":{"line":88,"column":23}}],"type":"if"},"6":{"loc":{"start":{"line":85,"column":11},"end":{"line":85,"column":45}},"line":85,"locations":[{"start":{"line":85,"column":11},"end":{"line":85,"column":21}},{"start":{"line":85,"column":25},"end":{"line":85,"column":45}}],"type":"binary-expr"}},"_coverageSchema":"332fd63041d2c1bcb487cc26dd0d5f7d97098a6c","hash":"d93bfa70cb8b9e54689ff29bc56349d35ddd8dd4"},"app/abstract/page.js":{"path":"app/abstract/page.js","b":{"0":[29,0],"1":[29,29],"2":[29,0],"3":[0,0],"4":[109,0],"5":[95,14],"6":[0,14],"7":[90,19],"8":[109,0],"9":[109,0],"10":[0,0],"11":[109,0],"12":[109,0],"13":[0,0],"14":[0,0],"15":[0,0],"16":[0,84],"17":[84,84],"18":[0,84],"19":[73,36],"20":[109,84],"21":[15,21],"22":[36,29],"23":[15,21]},"statementMap":{"0":{"start":{"line":2,"column":0},"end":{"line":170,"column":3}},"1":{"start":{"line":10,"column":2},"end":{"line":10,"column":31}},"2":{"start":{"line":12,"column":2},"end":{"line":16,"column":5}},"3":{"start":{"line":13,"column":3},"end":{"line":13,"column":87}},"4":{"start":{"line":14,"column":3},"end":{"line":14,"column":25}},"5":{"start":{"line":15,"column":3},"end":{"line":15,"column":28}},"6":{"start":{"line":18,"column":2},"end":{"line":35,"column":3}},"7":{"start":{"line":19,"column":3},"end":{"line":20,"column":30}},"8":{"start":{"line":20,"column":4},"end":{"line":20,"column":30}},"9":{"start":{"line":21,"column":3},"end":{"line":21,"column":26}},"10":{"start":{"line":23,"column":3},"end":{"line":25,"column":6}},"11":{"start":{"line":24,"column":4},"end":{"line":24,"column":30}},"12":{"start":{"line":26,"column":3},"end":{"line":26,"column":28}},"13":{"start":{"line":27,"column":3},"end":{"line":34,"column":6}},"14":{"start":{"line":28,"column":4},"end":{"line":33,"column":5}},"15":{"start":{"line":29,"column":5},"end":{"line":29,"column":27}},"16":{"start":{"line":30,"column":5},"end":{"line":32,"column":8}},"17":{"start":{"line":38,"column":2},"end":{"line":44,"column":3}},"18":{"start":{"line":39,"column":3},"end":{"line":39,"column":12}},"19":{"start":{"line":40,"column":3},"end":{"line":43,"column":19}},"20":{"start":{"line":41,"column":4},"end":{"line":41,"column":21}},"21":{"start":{"line":42,"column":8},"end":{"line":43,"column":19}},"22":{"start":{"line":43,"column":4},"end":{"line":43,"column":19}},"23":{"start":{"line":46,"column":2},"end":{"line":51,"column":3}},"24":{"start":{"line":47,"column":3},"end":{"line":47,"column":26}},"25":{"start":{"line":48,"column":3},"end":{"line":48,"column":23}},"26":{"start":{"line":50,"column":3},"end":{"line":50,"column":22}},"27":{"start":{"line":53,"column":2},"end":{"line":53,"column":21}},"28":{"start":{"line":56,"column":2},"end":{"line":62,"column":3}},"29":{"start":{"line":57,"column":3},"end":{"line":57,"column":14}},"30":{"start":{"line":58,"column":3},"end":{"line":61,"column":23}},"31":{"start":{"line":59,"column":4},"end":{"line":59,"column":25}},"32":{"start":{"line":60,"column":8},"end":{"line":61,"column":23}},"33":{"start":{"line":61,"column":4},"end":{"line":61,"column":23}},"34":{"start":{"line":64,"column":2},"end":{"line":65,"column":37}},"35":{"start":{"line":65,"column":3},"end":{"line":65,"column":37}},"36":{"start":{"line":67,"column":2},"end":{"line":71,"column":3}},"37":{"start":{"line":68,"column":3},"end":{"line":68,"column":60}},"38":{"start":{"line":69,"column":3},"end":{"line":69,"column":36}},"39":{"start":{"line":70,"column":3},"end":{"line":70,"column":27}},"40":{"start":{"line":74,"column":2},"end":{"line":74,"column":25}},"41":{"start":{"line":75,"column":2},"end":{"line":75,"column":27}},"42":{"start":{"line":76,"column":2},"end":{"line":76,"column":16}},"43":{"start":{"line":80,"column":2},"end":{"line":83,"column":3}},"44":{"start":{"line":81,"column":3},"end":{"line":81,"column":36}},"45":{"start":{"line":82,"column":3},"end":{"line":82,"column":33}},"46":{"start":{"line":85,"column":2},"end":{"line":85,"column":26}},"47":{"start":{"line":86,"column":2},"end":{"line":86,"column":23}},"48":{"start":{"line":89,"column":2},"end":{"line":89,"column":20}},"49":{"start":{"line":90,"column":13},"end":{"line":90,"column":17}},"50":{"start":{"line":91,"column":2},"end":{"line":106,"column":5}},"51":{"start":{"line":92,"column":14},"end":{"line":92,"column":28}},"52":{"start":{"line":93,"column":3},"end":{"line":94,"column":17}},"53":{"start":{"line":94,"column":4},"end":{"line":94,"column":17}},"54":{"start":{"line":96,"column":3},"end":{"line":99,"column":4}},"55":{"start":{"line":97,"column":4},"end":{"line":97,"column":77}},"56":{"start":{"line":98,"column":4},"end":{"line":98,"column":17}},"57":{"start":{"line":101,"column":20},"end":{"line":103,"column":5}},"58":{"start":{"line":105,"column":3},"end":{"line":105,"column":33}},"59":{"start":{"line":110,"column":2},"end":{"line":111,"column":37}},"60":{"start":{"line":111,"column":3},"end":{"line":111,"column":37}},"61":{"start":{"line":113,"column":2},"end":{"line":114,"column":13}},"62":{"start":{"line":114,"column":3},"end":{"line":114,"column":13}},"63":{"start":{"line":116,"column":2},"end":{"line":116,"column":23}},"64":{"start":{"line":118,"column":13},"end":{"line":118,"column":17}},"65":{"start":{"line":119,"column":2},"end":{"line":127,"column":5}},"66":{"start":{"line":120,"column":3},"end":{"line":120,"column":57}},"67":{"start":{"line":121,"column":3},"end":{"line":121,"column":79}},"68":{"start":{"line":122,"column":3},"end":{"line":122,"column":26}},"69":{"start":{"line":123,"column":3},"end":{"line":123,"column":26}},"70":{"start":{"line":124,"column":3},"end":{"line":124,"column":26}},"71":{"start":{"line":126,"column":3},"end":{"line":126,"column":25}},"72":{"start":{"line":128,"column":2},"end":{"line":128,"column":18}},"73":{"start":{"line":129,"column":2},"end":{"line":129,"column":16}},"74":{"start":{"line":130,"column":2},"end":{"line":130,"column":22}},"75":{"start":{"line":132,"column":2},"end":{"line":132,"column":14}},"76":{"start":{"line":135,"column":2},"end":{"line":136,"column":15}},"77":{"start":{"line":136,"column":3},"end":{"line":136,"column":15}},"78":{"start":{"line":137,"column":2},"end":{"line":137,"column":35}},"79":{"start":{"line":138,"column":25},"end":{"line":138,"column":26}},"80":{"start":{"line":139,"column":2},"end":{"line":140,"column":24}},"81":{"start":{"line":140,"column":3},"end":{"line":140,"column":24}},"82":{"start":{"line":142,"column":24},"end":{"line":142,"column":55}},"83":{"start":{"line":144,"column":2},"end":{"line":144,"column":46}},"84":{"start":{"line":145,"column":2},"end":{"line":145,"column":48}},"85":{"start":{"line":146,"column":2},"end":{"line":146,"column":47}},"86":{"start":{"line":148,"column":2},"end":{"line":148,"column":57}},"87":{"start":{"line":150,"column":2},"end":{"line":150,"column":39}},"88":{"start":{"line":152,"column":2},"end":{"line":152,"column":26}},"89":{"start":{"line":156,"column":2},"end":{"line":156,"column":25}},"90":{"start":{"line":157,"column":2},"end":{"line":157,"column":51}},"91":{"start":{"line":159,"column":2},"end":{"line":159,"column":23}},"92":{"start":{"line":161,"column":2},"end":{"line":161,"column":57}},"93":{"start":{"line":163,"column":2},"end":{"line":163,"column":18}},"94":{"start":{"line":164,"column":2},"end":{"line":164,"column":16}},"95":{"start":{"line":166,"column":2},"end":{"line":166,"column":36}},"96":{"start":{"line":167,"column":2},"end":{"line":167,"column":26}}},"s":{"0":7,"1":29,"2":29,"3":0,"4":0,"5":0,"6":29,"7":29,"8":29,"9":29,"10":0,"11":0,"12":0,"13":0,"14":0,"15":0,"16":0,"17":109,"18":109,"19":109,"20":95,"21":14,"22":0,"23":109,"24":90,"25":90,"26":19,"27":109,"28":109,"29":109,"30":109,"31":109,"32":0,"33":0,"34":109,"35":109,"36":109,"37":109,"38":109,"39":109,"40":0,"41":0,"42":0,"43":22,"44":14,"45":14,"46":22,"47":22,"48":84,"49":84,"50":84,"51":0,"52":0,"53":0,"54":0,"55":0,"56":0,"57":0,"58":0,"59":84,"60":0,"61":84,"62":0,"63":84,"64":84,"65":84,"66":84,"67":84,"68":84,"69":84,"70":84,"71":84,"72":84,"73":84,"74":84,"75":84,"76":109,"77":73,"78":36,"79":36,"80":36,"81":15,"82":36,"83":36,"84":36,"85":36,"86":36,"87":36,"88":36,"89":25,"90":25,"91":25,"92":25,"93":25,"94":25,"95":25,"96":25},"fnMap":{"0":{"loc":{"start":{"line":9,"column":37},"end":{"line":36,"column":2}},"decl":{"start":{"line":9,"column":18},"end":{"line":9,"column":19}},"line":9,"name":"(anonymous_0)"},"1":{"loc":{"start":{"line":12,"column":61},"end":{"line":16,"column":3}},"decl":{"start":{"line":12,"column":50},"end":{"line":12,"column":51}},"line":12,"name":"(anonymous_1)"},"2":{"loc":{"start":{"line":23,"column":61},"end":{"line":25,"column":4}},"decl":{"start":{"line":23,"column":50},"end":{"line":23,"column":51}},"line":23,"name":"(anonymous_2)"},"3":{"loc":{"start":{"line":27,"column":38},"end":{"line":34,"column":4}},"decl":{"start":{"line":27,"column":27},"end":{"line":27,"column":28}},"line":27,"name":"(anonymous_3)"},"4":{"loc":{"start":{"line":37,"column":23},"end":{"line":54,"column":2}},"decl":{"start":{"line":37,"column":9},"end":{"line":37,"column":10}},"line":37,"name":"(anonymous_4)"},"5":{"loc":{"start":{"line":55,"column":27},"end":{"line":72,"column":2}},"decl":{"start":{"line":55,"column":11},"end":{"line":55,"column":12}},"line":55,"name":"(anonymous_5)"},"6":{"loc":{"start":{"line":73,"column":20},"end":{"line":77,"column":2}},"decl":{"start":{"line":73,"column":9},"end":{"line":73,"column":10}},"line":73,"name":"(anonymous_6)"},"7":{"loc":{"start":{"line":78,"column":19},"end":{"line":87,"column":2}},"decl":{"start":{"line":78,"column":8},"end":{"line":78,"column":9}},"line":78,"name":"(anonymous_7)"},"8":{"loc":{"start":{"line":88,"column":29},"end":{"line":107,"column":2}},"decl":{"start":{"line":88,"column":18},"end":{"line":88,"column":19}},"line":88,"name":"(anonymous_8)"},"9":{"loc":{"start":{"line":91,"column":48},"end":{"line":106,"column":3}},"decl":{"start":{"line":91,"column":37},"end":{"line":91,"column":38}},"line":91,"name":"(anonymous_9)"},"10":{"loc":{"start":{"line":108,"column":28},"end":{"line":133,"column":2}},"decl":{"start":{"line":108,"column":13},"end":{"line":108,"column":14}},"line":108,"name":"(anonymous_10)"},"11":{"loc":{"start":{"line":119,"column":68},"end":{"line":127,"column":3}},"decl":{"start":{"line":119,"column":53},"end":{"line":119,"column":54}},"line":119,"name":"(anonymous_11)"},"12":{"loc":{"start":{"line":134,"column":27},"end":{"line":153,"column":2}},"decl":{"start":{"line":134,"column":16},"end":{"line":134,"column":17}},"line":134,"name":"(anonymous_12)"},"13":{"loc":{"start":{"line":154,"column":27},"end":{"line":168,"column":2}},"decl":{"start":{"line":154,"column":16},"end":{"line":154,"column":17}},"line":154,"name":"(anonymous_13)"}},"f":{"0":29,"1":0,"2":0,"3":0,"4":109,"5":109,"6":0,"7":22,"8":84,"9":0,"10":84,"11":84,"12":109,"13":25},"branchMap":{"0":{"loc":{"start":{"line":18,"column":2},"end":{"line":35,"column":3}},"line":18,"locations":[{"start":{"line":18,"column":2},"end":{"line":35,"column":3}},{"start":{"line":18,"column":2},"end":{"line":35,"column":3}}],"type":"if"},"1":{"loc":{"start":{"line":18,"column":6},"end":{"line":18,"column":77}},"line":18,"locations":[{"start":{"line":18,"column":6},"end":{"line":18,"column":45}},{"start":{"line":18,"column":49},"end":{"line":18,"column":77}}],"type":"binary-expr"},"2":{"loc":{"start":{"line":19,"column":3},"end":{"line":20,"column":30}},"line":19,"locations":[{"start":{"line":19,"column":3},"end":{"line":20,"column":30}},{"start":{"line":19,"column":3},"end":{"line":20,"column":30}}],"type":"if"},"3":{"loc":{"start":{"line":28,"column":4},"end":{"line":33,"column":5}},"line":28,"locations":[{"start":{"line":28,"column":4},"end":{"line":33,"column":5}},{"start":{"line":28,"column":4},"end":{"line":33,"column":5}}],"type":"if"},"4":{"loc":{"start":{"line":38,"column":2},"end":{"line":44,"column":3}},"line":38,"locations":[{"start":{"line":38,"column":2},"end":{"line":44,"column":3}},{"start":{"line":38,"column":2},"end":{"line":44,"column":3}}],"type":"if"},"5":{"loc":{"start":{"line":40,"column":3},"end":{"line":43,"column":19}},"line":40,"locations":[{"start":{"line":40,"column":3},"end":{"line":43,"column":19}},{"start":{"line":40,"column":3},"end":{"line":43,"column":19}}],"type":"if"},"6":{"loc":{"start":{"line":42,"column":8},"end":{"line":43,"column":19}},"line":42,"locations":[{"start":{"line":42,"column":8},"end":{"line":43,"column":19}},{"start":{"line":42,"column":8},"end":{"line":43,"column":19}}],"type":"if"},"7":{"loc":{"start":{"line":46,"column":2},"end":{"line":51,"column":3}},"line":46,"locations":[{"start":{"line":46,"column":2},"end":{"line":51,"column":3}},{"start":{"line":46,"column":2},"end":{"line":51,"column":3}}],"type":"if"},"8":{"loc":{"start":{"line":56,"column":2},"end":{"line":62,"column":3}},"line":56,"locations":[{"start":{"line":56,"column":2},"end":{"line":62,"column":3}},{"start":{"line":56,"column":2},"end":{"line":62,"column":3}}],"type":"if"},"9":{"loc":{"start":{"line":58,"column":3},"end":{"line":61,"column":23}},"line":58,"locations":[{"start":{"line":58,"column":3},"end":{"line":61,"column":23}},{"start":{"line":58,"column":3},"end":{"line":61,"column":23}}],"type":"if"},"10":{"loc":{"start":{"line":60,"column":8},"end":{"line":61,"column":23}},"line":60,"locations":[{"start":{"line":60,"column":8},"end":{"line":61,"column":23}},{"start":{"line":60,"column":8},"end":{"line":61,"column":23}}],"type":"if"},"11":{"loc":{"start":{"line":64,"column":2},"end":{"line":65,"column":37}},"line":64,"locations":[{"start":{"line":64,"column":2},"end":{"line":65,"column":37}},{"start":{"line":64,"column":2},"end":{"line":65,"column":37}}],"type":"if"},"12":{"loc":{"start":{"line":67,"column":2},"end":{"line":71,"column":3}},"line":67,"locations":[{"start":{"line":67,"column":2},"end":{"line":71,"column":3}},{"start":{"line":67,"column":2},"end":{"line":71,"column":3}}],"type":"if"},"13":{"loc":{"start":{"line":93,"column":3},"end":{"line":94,"column":17}},"line":93,"locations":[{"start":{"line":93,"column":3},"end":{"line":94,"column":17}},{"start":{"line":93,"column":3},"end":{"line":94,"column":17}}],"type":"if"},"14":{"loc":{"start":{"line":93,"column":7},"end":{"line":93,"column":66}},"line":93,"locations":[{"start":{"line":93,"column":7},"end":{"line":93,"column":46}},{"start":{"line":93,"column":50},"end":{"line":93,"column":66}}],"type":"binary-expr"},"15":{"loc":{"start":{"line":96,"column":3},"end":{"line":99,"column":4}},"line":96,"locations":[{"start":{"line":96,"column":3},"end":{"line":99,"column":4}},{"start":{"line":96,"column":3},"end":{"line":99,"column":4}}],"type":"if"},"16":{"loc":{"start":{"line":110,"column":2},"end":{"line":111,"column":37}},"line":110,"locations":[{"start":{"line":110,"column":2},"end":{"line":111,"column":37}},{"start":{"line":110,"column":2},"end":{"line":111,"column":37}}],"type":"if"},"17":{"loc":{"start":{"line":110,"column":6},"end":{"line":110,"column":69}},"line":110,"locations":[{"start":{"line":110,"column":6},"end":{"line":110,"column":47}},{"start":{"line":110,"column":51},"end":{"line":110,"column":69}}],"type":"binary-expr"},"18":{"loc":{"start":{"line":113,"column":2},"end":{"line":114,"column":13}},"line":113,"locations":[{"start":{"line":113,"column":2},"end":{"line":114,"column":13}},{"start":{"line":113,"column":2},"end":{"line":114,"column":13}}],"type":"if"},"19":{"loc":{"start":{"line":135,"column":2},"end":{"line":136,"column":15}},"line":135,"locations":[{"start":{"line":135,"column":2},"end":{"line":136,"column":15}},{"start":{"line":135,"column":2},"end":{"line":136,"column":15}}],"type":"if"},"20":{"loc":{"start":{"line":135,"column":6},"end":{"line":135,"column":75}},"line":135,"locations":[{"start":{"line":135,"column":6},"end":{"line":135,"column":46}},{"start":{"line":135,"column":50},"end":{"line":135,"column":75}}],"type":"binary-expr"},"21":{"loc":{"start":{"line":139,"column":2},"end":{"line":140,"column":24}},"line":139,"locations":[{"start":{"line":139,"column":2},"end":{"line":140,"column":24}},{"start":{"line":139,"column":2},"end":{"line":140,"column":24}}],"type":"if"},"22":{"loc":{"start":{"line":139,"column":6},"end":{"line":139,"column":73}},"line":139,"locations":[{"start":{"line":139,"column":6},"end":{"line":139,"column":47}},{"start":{"line":139,"column":51},"end":{"line":139,"column":73}}],"type":"binary-expr"},"23":{"loc":{"start":{"line":142,"column":24},"end":{"line":142,"column":55}},"line":142,"locations":[{"start":{"line":142,"column":50},"end":{"line":142,"column":51}},{"start":{"line":142,"column":54},"end":{"line":142,"column":55}}],"type":"cond-expr"}},"_coverageSchema":"332fd63041d2c1bcb487cc26dd0d5f7d97098a6c","hash":"0c1ab2c1115c08382f853f560f247833610f1567"},"app/views/tours/wallets.js":{"path":"app/views/tours/wallets.js","b":{"0":[44,0],"1":[0,0],"2":[0,0],"3":[0,0],"4":[0,0]},"statementMap":{"0":{"start":{"line":2,"column":0},"end":{"line":76,"column":1}},"1":{"start":{"line":6,"column":2},"end":{"line":6,"column":39}},"2":{"start":{"line":7,"column":2},"end":{"line":7,"column":18}},"3":{"start":{"line":10,"column":2},"end":{"line":11,"column":16}},"4":{"start":{"line":11,"column":3},"end":{"line":11,"column":16}},"5":{"start":{"line":13,"column":13},"end":{"line":13,"column":17}},"6":{"start":{"line":15,"column":2},"end":{"line":15,"column":25}},"7":{"start":{"line":17,"column":21},"end":{"line":21,"column":3}},"8":{"start":{"line":18,"column":14},"end":{"line":18,"column":44}},"9":{"start":{"line":19,"column":3},"end":{"line":19,"column":23}},"10":{"start":{"line":20,"column":3},"end":{"line":20,"column":24}},"11":{"start":{"line":23,"column":2},"end":{"line":23,"column":19}},"12":{"start":{"line":24,"column":2},"end":{"line":67,"column":5}},"13":{"start":{"line":26,"column":4},"end":{"line":26,"column":41}},"14":{"start":{"line":41,"column":6},"end":{"line":41,"column":22}},"15":{"start":{"line":43,"column":6},"end":{"line":48,"column":13}},"16":{"start":{"line":44,"column":7},"end":{"line":47,"column":23}},"17":{"start":{"line":45,"column":8},"end":{"line":45,"column":67}},"18":{"start":{"line":47,"column":8},"end":{"line":47,"column":23}},"19":{"start":{"line":57,"column":6},"end":{"line":57,"column":22}},"20":{"start":{"line":59,"column":6},"end":{"line":64,"column":13}},"21":{"start":{"line":60,"column":7},"end":{"line":63,"column":23}},"22":{"start":{"line":61,"column":8},"end":{"line":61,"column":67}},"23":{"start":{"line":63,"column":8},"end":{"line":63,"column":23}},"24":{"start":{"line":70,"column":2},"end":{"line":70,"column":19}},"25":{"start":{"line":73,"column":2},"end":{"line":73,"column":24}},"26":{"start":{"line":74,"column":2},"end":{"line":74,"column":20}}},"s":{"0":7,"1":0,"2":0,"3":44,"4":44,"5":0,"6":0,"7":0,"8":0,"9":0,"10":0,"11":0,"12":0,"13":0,"14":0,"15":0,"16":0,"17":0,"18":0,"19":0,"20":0,"21":0,"22":0,"23":0,"24":0,"25":0,"26":0},"fnMap":{"0":{"loc":{"start":{"line":5,"column":20},"end":{"line":8,"column":2}},"decl":{"start":{"line":5,"column":9},"end":{"line":5,"column":10}},"line":5,"name":"(anonymous_0)"},"1":{"loc":{"start":{"line":9,"column":22},"end":{"line":75,"column":2}},"decl":{"start":{"line":9,"column":7},"end":{"line":9,"column":8}},"line":9,"name":"(anonymous_1)"},"2":{"loc":{"start":{"line":17,"column":32},"end":{"line":21,"column":3}},"decl":{"start":{"line":17,"column":21},"end":{"line":17,"column":22}},"line":17,"name":"(anonymous_2)"},"3":{"loc":{"start":{"line":25,"column":25},"end":{"line":27,"column":4}},"decl":{"start":{"line":25,"column":10},"end":{"line":25,"column":11}},"line":25,"name":"(anonymous_3)"},"4":{"loc":{"start":{"line":40,"column":27},"end":{"line":49,"column":6}},"decl":{"start":{"line":40,"column":12},"end":{"line":40,"column":13}},"line":40,"name":"(anonymous_4)"},"5":{"loc":{"start":{"line":43,"column":28},"end":{"line":48,"column":7}},"decl":{"start":{"line":43,"column":17},"end":{"line":43,"column":18}},"line":43,"name":"(anonymous_5)"},"6":{"loc":{"start":{"line":56,"column":27},"end":{"line":65,"column":6}},"decl":{"start":{"line":56,"column":12},"end":{"line":56,"column":13}},"line":56,"name":"(anonymous_6)"},"7":{"loc":{"start":{"line":59,"column":28},"end":{"line":64,"column":7}},"decl":{"start":{"line":59,"column":17},"end":{"line":59,"column":18}},"line":59,"name":"(anonymous_7)"}},"f":{"0":0,"1":44,"2":0,"3":0,"4":0,"5":0,"6":0,"7":0},"branchMap":{"0":{"loc":{"start":{"line":10,"column":2},"end":{"line":11,"column":16}},"line":10,"locations":[{"start":{"line":10,"column":2},"end":{"line":11,"column":16}},{"start":{"line":10,"column":2},"end":{"line":11,"column":16}}],"type":"if"},"1":{"loc":{"start":{"line":44,"column":7},"end":{"line":47,"column":23}},"line":44,"locations":[{"start":{"line":44,"column":7},"end":{"line":47,"column":23}},{"start":{"line":44,"column":7},"end":{"line":47,"column":23}}],"type":"if"},"2":{"loc":{"start":{"line":44,"column":11},"end":{"line":44,"column":45}},"line":44,"locations":[{"start":{"line":44,"column":11},"end":{"line":44,"column":21}},{"start":{"line":44,"column":25},"end":{"line":44,"column":45}}],"type":"binary-expr"},"3":{"loc":{"start":{"line":60,"column":7},"end":{"line":63,"column":23}},"line":60,"locations":[{"start":{"line":60,"column":7},"end":{"line":63,"column":23}},{"start":{"line":60,"column":7},"end":{"line":63,"column":23}}],"type":"if"},"4":{"loc":{"start":{"line":60,"column":11},"end":{"line":60,"column":45}},"line":60,"locations":[{"start":{"line":60,"column":11},"end":{"line":60,"column":21}},{"start":{"line":60,"column":25},"end":{"line":60,"column":45}}],"type":"binary-expr"}},"_coverageSchema":"332fd63041d2c1bcb487cc26dd0d5f7d97098a6c","hash":"ec34ea3526b8c02ce9ab625c4ae1bcb4fe7f5e35"},"functions.js":{"path":"functions.js","b":{"0":[0,9],"1":[0,7]},"statementMap":{"0":{"start":{"line":2,"column":10},"end":{"line":2,"column":165}},"1":{"start":{"line":3,"column":1},"end":{"line":3,"column":23}},"2":{"start":{"line":8,"column":9},"end":{"line":8,"column":13}},"3":{"start":{"line":9,"column":6},"end":{"line":9,"column":10}},"4":{"start":{"line":10,"column":6},"end":{"line":10,"column":10}},"5":{"start":{"line":11,"column":6},"end":{"line":11,"column":10}},"6":{"start":{"line":13,"column":1},"end":{"line":13,"column":41}},"7":{"start":{"line":14,"column":1},"end":{"line":14,"column":42}},"8":{"start":{"line":15,"column":1},"end":{"line":15,"column":41}},"9":{"start":{"line":16,"column":1},"end":{"line":16,"column":43}},"10":{"start":{"line":17,"column":1},"end":{"line":17,"column":41}},"11":{"start":{"line":18,"column":1},"end":{"line":18,"column":42}},"12":{"start":{"line":19,"column":1},"end":{"line":19,"column":43}},"13":{"start":{"line":20,"column":1},"end":{"line":20,"column":41}},"14":{"start":{"line":21,"column":1},"end":{"line":21,"column":41}},"15":{"start":{"line":22,"column":1},"end":{"line":22,"column":43}},"16":{"start":{"line":23,"column":1},"end":{"line":23,"column":39}},"17":{"start":{"line":24,"column":1},"end":{"line":24,"column":44}},"18":{"start":{"line":25,"column":1},"end":{"line":25,"column":42}},"19":{"start":{"line":26,"column":1},"end":{"line":26,"column":42}},"20":{"start":{"line":27,"column":1},"end":{"line":27,"column":44}},"21":{"start":{"line":28,"column":1},"end":{"line":28,"column":43}},"22":{"start":{"line":30,"column":1},"end":{"line":30,"column":41}},"23":{"start":{"line":31,"column":1},"end":{"line":31,"column":42}},"24":{"start":{"line":32,"column":1},"end":{"line":32,"column":42}},"25":{"start":{"line":33,"column":1},"end":{"line":33,"column":42}},"26":{"start":{"line":34,"column":1},"end":{"line":34,"column":41}},"27":{"start":{"line":35,"column":1},"end":{"line":35,"column":40}},"28":{"start":{"line":36,"column":1},"end":{"line":36,"column":43}},"29":{"start":{"line":37,"column":1},"end":{"line":37,"column":42}},"30":{"start":{"line":38,"column":1},"end":{"line":38,"column":40}},"31":{"start":{"line":39,"column":1},"end":{"line":39,"column":43}},"32":{"start":{"line":40,"column":1},"end":{"line":40,"column":42}},"33":{"start":{"line":41,"column":1},"end":{"line":41,"column":42}},"34":{"start":{"line":42,"column":1},"end":{"line":42,"column":43}},"35":{"start":{"line":43,"column":1},"end":{"line":43,"column":40}},"36":{"start":{"line":44,"column":1},"end":{"line":44,"column":42}},"37":{"start":{"line":45,"column":1},"end":{"line":45,"column":44}},"38":{"start":{"line":47,"column":1},"end":{"line":47,"column":38}},"39":{"start":{"line":48,"column":1},"end":{"line":48,"column":43}},"40":{"start":{"line":49,"column":1},"end":{"line":49,"column":43}},"41":{"start":{"line":50,"column":1},"end":{"line":50,"column":42}},"42":{"start":{"line":51,"column":1},"end":{"line":51,"column":42}},"43":{"start":{"line":52,"column":1},"end":{"line":52,"column":42}},"44":{"start":{"line":53,"column":1},"end":{"line":53,"column":42}},"45":{"start":{"line":54,"column":1},"end":{"line":54,"column":44}},"46":{"start":{"line":55,"column":1},"end":{"line":55,"column":41}},"47":{"start":{"line":56,"column":1},"end":{"line":56,"column":42}},"48":{"start":{"line":57,"column":1},"end":{"line":57,"column":42}},"49":{"start":{"line":58,"column":1},"end":{"line":58,"column":40}},"50":{"start":{"line":59,"column":1},"end":{"line":59,"column":41}},"51":{"start":{"line":60,"column":1},"end":{"line":60,"column":43}},"52":{"start":{"line":61,"column":1},"end":{"line":61,"column":42}},"53":{"start":{"line":62,"column":1},"end":{"line":62,"column":42}},"54":{"start":{"line":64,"column":1},"end":{"line":64,"column":41}},"55":{"start":{"line":65,"column":1},"end":{"line":65,"column":42}},"56":{"start":{"line":66,"column":1},"end":{"line":66,"column":44}},"57":{"start":{"line":67,"column":1},"end":{"line":67,"column":41}},"58":{"start":{"line":68,"column":1},"end":{"line":68,"column":42}},"59":{"start":{"line":69,"column":1},"end":{"line":69,"column":43}},"60":{"start":{"line":70,"column":1},"end":{"line":70,"column":41}},"61":{"start":{"line":71,"column":1},"end":{"line":71,"column":43}},"62":{"start":{"line":72,"column":1},"end":{"line":72,"column":41}},"63":{"start":{"line":73,"column":1},"end":{"line":73,"column":42}},"64":{"start":{"line":74,"column":1},"end":{"line":74,"column":43}},"65":{"start":{"line":75,"column":1},"end":{"line":75,"column":43}},"66":{"start":{"line":76,"column":1},"end":{"line":76,"column":41}},"67":{"start":{"line":77,"column":1},"end":{"line":77,"column":44}},"68":{"start":{"line":78,"column":1},"end":{"line":78,"column":41}},"69":{"start":{"line":79,"column":1},"end":{"line":79,"column":42}},"70":{"start":{"line":81,"column":1},"end":{"line":81,"column":23}},"71":{"start":{"line":82,"column":1},"end":{"line":82,"column":23}},"72":{"start":{"line":83,"column":1},"end":{"line":83,"column":23}},"73":{"start":{"line":84,"column":1},"end":{"line":84,"column":23}},"74":{"start":{"line":89,"column":1},"end":{"line":89,"column":37}},"75":{"start":{"line":90,"column":1},"end":{"line":90,"column":46}},"76":{"start":{"line":94,"column":1},"end":{"line":94,"column":49}},"77":{"start":{"line":98,"column":1},"end":{"line":98,"column":49}},"78":{"start":{"line":102,"column":1},"end":{"line":102,"column":38}},"79":{"start":{"line":106,"column":1},"end":{"line":106,"column":43}},"80":{"start":{"line":110,"column":9},"end":{"line":110,"column":17}},"81":{"start":{"line":111,"column":10},"end":{"line":111,"column":58}},"82":{"start":{"line":113,"column":1},"end":{"line":115,"column":2}},"83":{"start":{"line":114,"column":2},"end":{"line":114,"column":50}},"84":{"start":{"line":116,"column":1},"end":{"line":116,"column":25}},"85":{"start":{"line":117,"column":12},"end":{"line":117,"column":60}},"86":{"start":{"line":118,"column":1},"end":{"line":119,"column":52}},"87":{"start":{"line":119,"column":2},"end":{"line":119,"column":52}},"88":{"start":{"line":120,"column":1},"end":{"line":120,"column":40}},"89":{"start":{"line":121,"column":1},"end":{"line":124,"column":2}},"90":{"start":{"line":122,"column":2},"end":{"line":122,"column":24}},"91":{"start":{"line":123,"column":2},"end":{"line":123,"column":39}},"92":{"start":{"line":123,"column":27},"end":{"line":123,"column":39}},"93":{"start":{"line":125,"column":1},"end":{"line":125,"column":18}},"94":{"start":{"line":126,"column":1},"end":{"line":126,"column":23}},"95":{"start":{"line":127,"column":1},"end":{"line":127,"column":14}},"96":{"start":{"line":146,"column":15},"end":{"line":146,"column":17}},"97":{"start":{"line":148,"column":1},"end":{"line":153,"column":2}},"98":{"start":{"line":149,"column":2},"end":{"line":152,"column":31}},"99":{"start":{"line":154,"column":1},"end":{"line":154,"column":16}},"100":{"start":{"line":157,"column":14},"end":{"line":157,"column":42}},"101":{"start":{"line":160,"column":9},"end":{"line":160,"column":11}},"102":{"start":{"line":161,"column":6},"end":{"line":161,"column":7}},"103":{"start":{"line":162,"column":1},"end":{"line":163,"column":75}},"104":{"start":{"line":163,"column":2},"end":{"line":163,"column":75}},"105":{"start":{"line":164,"column":1},"end":{"line":164,"column":10}},"106":{"start":{"line":168,"column":1},"end":{"line":169,"column":20}},"107":{"start":{"line":169,"column":2},"end":{"line":169,"column":20}},"108":{"start":{"line":170,"column":1},"end":{"line":170,"column":19}},"109":{"start":{"line":174,"column":1},"end":{"line":174,"column":21}},"110":{"start":{"line":184,"column":1},"end":{"line":184,"column":29}},"111":{"start":{"line":187,"column":0},"end":{"line":193,"column":1}},"112":{"start":{"line":189,"column":12},"end":{"line":189,"column":39}},"113":{"start":{"line":190,"column":9},"end":{"line":190,"column":44}},"114":{"start":{"line":191,"column":2},"end":{"line":191,"column":38}}},"s":{"0":14,"1":14,"2":9,"3":9,"4":9,"5":9,"6":9,"7":9,"8":9,"9":9,"10":9,"11":9,"12":9,"13":9,"14":9,"15":9,"16":9,"17":9,"18":9,"19":9,"20":9,"21":9,"22":9,"23":9,"24":9,"25":9,"26":9,"27":9,"28":9,"29":9,"30":9,"31":9,"32":9,"33":9,"34":9,"35":9,"36":9,"37":9,"38":9,"39":9,"40":9,"41":9,"42":9,"43":9,"44":9,"45":9,"46":9,"47":9,"48":9,"49":9,"50":9,"51":9,"52":9,"53":9,"54":9,"55":9,"56":9,"57":9,"58":9,"59":9,"60":9,"61":9,"62":9,"63":9,"64":9,"65":9,"66":9,"67":9,"68":9,"69":9,"70":9,"71":9,"72":9,"73":9,"74":576,"75":576,"76":144,"77":144,"78":144,"79":144,"80":9,"81":9,"82":9,"83":0,"84":9,"85":9,"86":9,"87":67,"88":9,"89":9,"90":0,"91":0,"92":0,"93":9,"94":9,"95":9,"96":0,"97":0,"98":0,"99":0,"100":7,"101":36,"102":36,"103":36,"104":144,"105":36,"106":9,"107":36,"108":9,"109":9,"110":2340,"111":7,"112":0,"113":0,"114":0},"fnMap":{"0":{"loc":{"start":{"line":1,"column":24},"end":{"line":4,"column":1}},"decl":{"start":{"line":1,"column":9},"end":{"line":1,"column":16}},"line":1,"name":"isEmail"},"1":{"loc":{"start":{"line":7,"column":24},"end":{"line":86,"column":1}},"decl":{"start":{"line":7,"column":9},"end":{"line":7,"column":17}},"line":7,"name":"md5cycle"},"2":{"loc":{"start":{"line":88,"column":31},"end":{"line":91,"column":1}},"decl":{"start":{"line":88,"column":9},"end":{"line":88,"column":12}},"line":88,"name":"cmn"},"3":{"loc":{"start":{"line":93,"column":33},"end":{"line":95,"column":1}},"decl":{"start":{"line":93,"column":9},"end":{"line":93,"column":11}},"line":93,"name":"ff"},"4":{"loc":{"start":{"line":97,"column":33},"end":{"line":99,"column":1}},"decl":{"start":{"line":97,"column":9},"end":{"line":97,"column":11}},"line":97,"name":"gg"},"5":{"loc":{"start":{"line":101,"column":33},"end":{"line":103,"column":1}},"decl":{"start":{"line":101,"column":9},"end":{"line":101,"column":11}},"line":101,"name":"hh"},"6":{"loc":{"start":{"line":105,"column":33},"end":{"line":107,"column":1}},"decl":{"start":{"line":105,"column":9},"end":{"line":105,"column":11}},"line":105,"name":"ii"},"7":{"loc":{"start":{"line":109,"column":17},"end":{"line":128,"column":1}},"decl":{"start":{"line":109,"column":9},"end":{"line":109,"column":13}},"line":109,"name":"md51"},"8":{"loc":{"start":{"line":145,"column":19},"end":{"line":155,"column":1}},"decl":{"start":{"line":145,"column":9},"end":{"line":145,"column":15}},"line":145,"name":"md5blk"},"9":{"loc":{"start":{"line":159,"column":17},"end":{"line":165,"column":1}},"decl":{"start":{"line":159,"column":9},"end":{"line":159,"column":13}},"line":159,"name":"rhex"},"10":{"loc":{"start":{"line":167,"column":16},"end":{"line":171,"column":1}},"decl":{"start":{"line":167,"column":9},"end":{"line":167,"column":12}},"line":167,"name":"hex"},"11":{"loc":{"start":{"line":173,"column":16},"end":{"line":175,"column":1}},"decl":{"start":{"line":173,"column":9},"end":{"line":173,"column":12}},"line":173,"name":"md5"},"12":{"loc":{"start":{"line":183,"column":21},"end":{"line":185,"column":1}},"decl":{"start":{"line":183,"column":9},"end":{"line":183,"column":14}},"line":183,"name":"add32"},"13":{"loc":{"start":{"line":188,"column":22},"end":{"line":192,"column":2}},"decl":{"start":{"line":188,"column":10},"end":{"line":188,"column":15}},"line":188,"name":"add32"}},"f":{"0":14,"1":9,"2":576,"3":144,"4":144,"5":144,"6":144,"7":9,"8":0,"9":36,"10":9,"11":9,"12":2340,"13":0},"branchMap":{"0":{"loc":{"start":{"line":121,"column":1},"end":{"line":124,"column":2}},"line":121,"locations":[{"start":{"line":121,"column":1},"end":{"line":124,"column":2}},{"start":{"line":121,"column":1},"end":{"line":124,"column":2}}],"type":"if"},"1":{"loc":{"start":{"line":187,"column":0},"end":{"line":193,"column":1}},"line":187,"locations":[{"start":{"line":187,"column":0},"end":{"line":193,"column":1}},{"start":{"line":187,"column":0},"end":{"line":193,"column":1}}],"type":"if"}},"_coverageSchema":"332fd63041d2c1bcb487cc26dd0d5f7d97098a6c","hash":"8e506eb8fff231009186394d4c83d4ba0b9f594d"},"app/views/dialogs/remove_transaction.js":{"path":"app/views/dialogs/remove_transaction.js","b":{"0":[0,0],"1":[0,0]},"statementMap":{"0":{"start":{"line":2,"column":0},"end":{"line":51,"column":3}},"1":{"start":{"line":10,"column":2},"end":{"line":13,"column":56}},"2":{"start":{"line":11,"column":3},"end":{"line":11,"column":27}},"3":{"start":{"line":13,"column":3},"end":{"line":13,"column":56}},"4":{"start":{"line":15,"column":2},"end":{"line":18,"column":58}},"5":{"start":{"line":16,"column":3},"end":{"line":16,"column":31}},"6":{"start":{"line":18,"column":3},"end":{"line":18,"column":58}},"7":{"start":{"line":20,"column":2},"end":{"line":22,"column":5}},"8":{"start":{"line":26,"column":13},"end":{"line":26,"column":17}},"9":{"start":{"line":28,"column":2},"end":{"line":28,"column":42}},"10":{"start":{"line":29,"column":2},"end":{"line":29,"column":46}},"11":{"start":{"line":31,"column":2},"end":{"line":31,"column":14}},"12":{"start":{"line":33,"column":2},"end":{"line":33,"column":15}},"13":{"start":{"line":45,"column":2},"end":{"line":48,"column":5}},"14":{"start":{"line":49,"column":2},"end":{"line":49,"column":15}}},"s":{"0":7,"1":0,"2":0,"3":0,"4":0,"5":0,"6":0,"7":0,"8":0,"9":0,"10":0,"11":0,"12":0,"13":0,"14":0},"fnMap":{"0":{"loc":{"start":{"line":9,"column":30},"end":{"line":23,"column":2}},"decl":{"start":{"line":9,"column":13},"end":{"line":9,"column":14}},"line":9,"name":"(anonymous_0)"},"1":{"loc":{"start":{"line":24,"column":23},"end":{"line":43,"column":2}},"decl":{"start":{"line":24,"column":12},"end":{"line":24,"column":13}},"line":24,"name":"(anonymous_1)"},"2":{"loc":{"start":{"line":44,"column":22},"end":{"line":50,"column":2}},"decl":{"start":{"line":44,"column":11},"end":{"line":44,"column":12}},"line":44,"name":"(anonymous_2)"}},"f":{"0":0,"1":0,"2":0},"branchMap":{"0":{"loc":{"start":{"line":10,"column":2},"end":{"line":13,"column":56}},"line":10,"locations":[{"start":{"line":10,"column":2},"end":{"line":13,"column":56}},{"start":{"line":10,"column":2},"end":{"line":13,"column":56}}],"type":"if"},"1":{"loc":{"start":{"line":15,"column":2},"end":{"line":18,"column":58}},"line":15,"locations":[{"start":{"line":15,"column":2},"end":{"line":18,"column":58}},{"start":{"line":15,"column":2},"end":{"line":18,"column":58}}],"type":"if"}},"_coverageSchema":"332fd63041d2c1bcb487cc26dd0d5f7d97098a6c","hash":"44577502b845fe52714138c23d2eb97c1d75fb6b"},"app/views/dialogs/add_wallet.js":{"path":"app/views/dialogs/add_wallet.js","b":{"0":[0,8],"1":[0,8],"2":[8,0],"3":[8,8,8,8]},"statementMap":{"0":{"start":{"line":2,"column":0},"end":{"line":51,"column":3}},"1":{"start":{"line":10,"column":2},"end":{"line":10,"column":14}},"2":{"start":{"line":13,"column":13},"end":{"line":13,"column":17}},"3":{"start":{"line":15,"column":2},"end":{"line":15,"column":43}},"4":{"start":{"line":16,"column":13},"end":{"line":16,"column":40}},"5":{"start":{"line":17,"column":17},"end":{"line":17,"column":48}},"6":{"start":{"line":18,"column":14},"end":{"line":18,"column":16}},"7":{"start":{"line":20,"column":2},"end":{"line":21,"column":43}},"8":{"start":{"line":21,"column":3},"end":{"line":21,"column":43}},"9":{"start":{"line":23,"column":2},"end":{"line":47,"column":3}},"10":{"start":{"line":24,"column":3},"end":{"line":24,"column":43}},"11":{"start":{"line":25,"column":3},"end":{"line":25,"column":43}},"12":{"start":{"line":27,"column":3},"end":{"line":27,"column":37}},"13":{"start":{"line":28,"column":3},"end":{"line":28,"column":42}},"14":{"start":{"line":29,"column":14},"end":{"line":29,"column":18}},"15":{"start":{"line":30,"column":3},"end":{"line":32,"column":12}},"16":{"start":{"line":31,"column":4},"end":{"line":31,"column":42}},"17":{"start":{"line":34,"column":14},"end":{"line":34,"column":37}},"18":{"start":{"line":35,"column":3},"end":{"line":35,"column":26}},"19":{"start":{"line":36,"column":3},"end":{"line":36,"column":34}},"20":{"start":{"line":37,"column":3},"end":{"line":37,"column":24}},"21":{"start":{"line":38,"column":3},"end":{"line":38,"column":32}},"22":{"start":{"line":40,"column":3},"end":{"line":42,"column":4}},"23":{"start":{"line":41,"column":4},"end":{"line":41,"column":29}},"24":{"start":{"line":44,"column":3},"end":{"line":44,"column":15}},"25":{"start":{"line":46,"column":3},"end":{"line":46,"column":15}},"26":{"start":{"line":49,"column":2},"end":{"line":49,"column":15}}},"s":{"0":7,"1":10,"2":8,"3":8,"4":8,"5":8,"6":8,"7":8,"8":0,"9":8,"10":0,"11":0,"12":0,"13":0,"14":0,"15":0,"16":0,"17":8,"18":8,"19":8,"20":8,"21":8,"22":8,"23":8,"24":8,"25":8,"26":8},"fnMap":{"0":{"loc":{"start":{"line":9,"column":24},"end":{"line":11,"column":2}},"decl":{"start":{"line":9,"column":13},"end":{"line":9,"column":14}},"line":9,"name":"(anonymous_0)"},"1":{"loc":{"start":{"line":12,"column":22},"end":{"line":50,"column":2}},"decl":{"start":{"line":12,"column":11},"end":{"line":12,"column":12}},"line":12,"name":"(anonymous_1)"},"2":{"loc":{"start":{"line":30,"column":25},"end":{"line":32,"column":4}},"decl":{"start":{"line":30,"column":14},"end":{"line":30,"column":15}},"line":30,"name":"(anonymous_2)"}},"f":{"0":10,"1":8,"2":0},"branchMap":{"0":{"loc":{"start":{"line":20,"column":2},"end":{"line":21,"column":43}},"line":20,"locations":[{"start":{"line":20,"column":2},"end":{"line":21,"column":43}},{"start":{"line":20,"column":2},"end":{"line":21,"column":43}}],"type":"if"},"1":{"loc":{"start":{"line":23,"column":2},"end":{"line":47,"column":3}},"line":23,"locations":[{"start":{"line":23,"column":2},"end":{"line":47,"column":3}},{"start":{"line":23,"column":2},"end":{"line":47,"column":3}}],"type":"if"},"2":{"loc":{"start":{"line":40,"column":3},"end":{"line":42,"column":4}},"line":40,"locations":[{"start":{"line":40,"column":3},"end":{"line":42,"column":4}},{"start":{"line":40,"column":3},"end":{"line":42,"column":4}}],"type":"if"},"3":{"loc":{"start":{"line":40,"column":7},"end":{"line":40,"column":138}},"line":40,"locations":[{"start":{"line":40,"column":7},"end":{"line":40,"column":39}},{"start":{"line":40,"column":43},"end":{"line":40,"column":51}},{"start":{"line":40,"column":55},"end":{"line":40,"column":93}},{"start":{"line":40,"column":97},"end":{"line":40,"column":138}}],"type":"binary-expr"}},"_coverageSchema":"332fd63041d2c1bcb487cc26dd0d5f7d97098a6c","hash":"022e57937b7e1f39553f27f0ead687f83461c673"},"app/models/user.js":{"path":"app/models/user.js","b":{"0":[0,14],"1":[14,14],"2":[0,14],"3":[0,14],"4":[14,14],"5":[0,14],"6":[0,14],"7":[14,14],"8":[0,14],"9":[7,0],"10":[7,6],"11":[6,0],"12":[0,0],"13":[0,0],"14":[0,0],"15":[0,0],"16":[0,0],"17":[0,0],"18":[0,0],"19":[0,0],"20":[0,0],"21":[0,0],"22":[0,0],"23":[0,0],"24":[7,0],"25":[7,0],"26":[0,0],"27":[0,0],"28":[0,0],"29":[0,0],"30":[0,0],"31":[0,0,0],"32":[0,0],"33":[0,0],"34":[0,0],"35":[0,0],"36":[0,0],"37":[0,0],"38":[0,0],"39":[0,0],"40":[0,0,0],"41":[0,0],"42":[0,0]},"statementMap":{"0":{"start":{"line":2,"column":0},"end":{"line":386,"column":3}},"1":{"start":{"line":5,"column":15},"end":{"line":5,"column":17}},"2":{"start":{"line":7,"column":2},"end":{"line":16,"column":6}},"3":{"start":{"line":8,"column":3},"end":{"line":11,"column":6}},"4":{"start":{"line":12,"column":7},"end":{"line":16,"column":6}},"5":{"start":{"line":13,"column":3},"end":{"line":16,"column":6}},"6":{"start":{"line":18,"column":2},"end":{"line":27,"column":6}},"7":{"start":{"line":19,"column":3},"end":{"line":22,"column":6}},"8":{"start":{"line":23,"column":7},"end":{"line":27,"column":6}},"9":{"start":{"line":24,"column":3},"end":{"line":27,"column":6}},"10":{"start":{"line":29,"column":2},"end":{"line":33,"column":6}},"11":{"start":{"line":30,"column":3},"end":{"line":33,"column":6}},"12":{"start":{"line":35,"column":2},"end":{"line":36,"column":17}},"13":{"start":{"line":36,"column":3},"end":{"line":36,"column":17}},"14":{"start":{"line":48,"column":2},"end":{"line":48,"column":103}},"15":{"start":{"line":51,"column":2},"end":{"line":54,"column":3}},"16":{"start":{"line":52,"column":3},"end":{"line":52,"column":48}},"17":{"start":{"line":53,"column":3},"end":{"line":53,"column":35}},"18":{"start":{"line":55,"column":2},"end":{"line":55,"column":22}},"19":{"start":{"line":58,"column":2},"end":{"line":61,"column":3}},"20":{"start":{"line":59,"column":3},"end":{"line":59,"column":44}},"21":{"start":{"line":60,"column":3},"end":{"line":60,"column":33}},"22":{"start":{"line":62,"column":2},"end":{"line":62,"column":20}},"23":{"start":{"line":65,"column":2},"end":{"line":65,"column":23}},"24":{"start":{"line":68,"column":2},"end":{"line":68,"column":15}},"25":{"start":{"line":72,"column":2},"end":{"line":72,"column":39}},"26":{"start":{"line":76,"column":2},"end":{"line":87,"column":3}},"27":{"start":{"line":77,"column":3},"end":{"line":77,"column":18}},"28":{"start":{"line":78,"column":3},"end":{"line":81,"column":4}},"29":{"start":{"line":79,"column":4},"end":{"line":79,"column":25}},"30":{"start":{"line":80,"column":4},"end":{"line":80,"column":42}},"31":{"start":{"line":83,"column":3},"end":{"line":86,"column":4}},"32":{"start":{"line":84,"column":4},"end":{"line":84,"column":26}},"33":{"start":{"line":85,"column":4},"end":{"line":85,"column":42}},"34":{"start":{"line":90,"column":2},"end":{"line":90,"column":58}},"35":{"start":{"line":93,"column":13},"end":{"line":93,"column":17}},"36":{"start":{"line":95,"column":2},"end":{"line":95,"column":48}},"37":{"start":{"line":96,"column":2},"end":{"line":96,"column":36}},"38":{"start":{"line":98,"column":2},"end":{"line":118,"column":5}},"39":{"start":{"line":100,"column":4},"end":{"line":104,"column":5}},"40":{"start":{"line":101,"column":5},"end":{"line":101,"column":56}},"41":{"start":{"line":102,"column":5},"end":{"line":102,"column":30}},"42":{"start":{"line":103,"column":5},"end":{"line":103,"column":29}},"43":{"start":{"line":107,"column":4},"end":{"line":107,"column":53}},"44":{"start":{"line":108,"column":4},"end":{"line":115,"column":5}},"45":{"start":{"line":109,"column":5},"end":{"line":110,"column":32}},"46":{"start":{"line":110,"column":6},"end":{"line":110,"column":32}},"47":{"start":{"line":111,"column":5},"end":{"line":114,"column":9}},"48":{"start":{"line":112,"column":6},"end":{"line":114,"column":9}},"49":{"start":{"line":116,"column":4},"end":{"line":116,"column":28}},"50":{"start":{"line":121,"column":13},"end":{"line":121,"column":17}},"51":{"start":{"line":123,"column":2},"end":{"line":123,"column":27}},"52":{"start":{"line":124,"column":2},"end":{"line":124,"column":27}},"53":{"start":{"line":125,"column":2},"end":{"line":125,"column":33}},"54":{"start":{"line":126,"column":2},"end":{"line":126,"column":29}},"55":{"start":{"line":128,"column":2},"end":{"line":154,"column":5}},"56":{"start":{"line":130,"column":4},"end":{"line":134,"column":5}},"57":{"start":{"line":131,"column":5},"end":{"line":131,"column":53}},"58":{"start":{"line":132,"column":5},"end":{"line":132,"column":30}},"59":{"start":{"line":133,"column":5},"end":{"line":133,"column":28}},"60":{"start":{"line":137,"column":4},"end":{"line":137,"column":50}},"61":{"start":{"line":138,"column":4},"end":{"line":151,"column":5}},"62":{"start":{"line":139,"column":5},"end":{"line":140,"column":32}},"63":{"start":{"line":140,"column":6},"end":{"line":140,"column":32}},"64":{"start":{"line":141,"column":5},"end":{"line":150,"column":6}},"65":{"start":{"line":142,"column":6},"end":{"line":144,"column":9}},"66":{"start":{"line":146,"column":6},"end":{"line":149,"column":10}},"67":{"start":{"line":147,"column":7},"end":{"line":149,"column":10}},"68":{"start":{"line":152,"column":4},"end":{"line":152,"column":28}},"69":{"start":{"line":157,"column":13},"end":{"line":157,"column":17}},"70":{"start":{"line":159,"column":2},"end":{"line":159,"column":27}},"71":{"start":{"line":160,"column":2},"end":{"line":160,"column":27}},"72":{"start":{"line":161,"column":2},"end":{"line":161,"column":33}},"73":{"start":{"line":163,"column":2},"end":{"line":195,"column":5}},"74":{"start":{"line":165,"column":4},"end":{"line":175,"column":5}},"75":{"start":{"line":166,"column":5},"end":{"line":166,"column":53}},"76":{"start":{"line":167,"column":5},"end":{"line":167,"column":30}},"77":{"start":{"line":168,"column":5},"end":{"line":168,"column":32}},"78":{"start":{"line":169,"column":5},"end":{"line":174,"column":6}},"79":{"start":{"line":171,"column":6},"end":{"line":171,"column":27}},"80":{"start":{"line":172,"column":6},"end":{"line":172,"column":44}},"81":{"start":{"line":173,"column":6},"end":{"line":173,"column":58}},"82":{"start":{"line":178,"column":4},"end":{"line":178,"column":50}},"83":{"start":{"line":179,"column":4},"end":{"line":192,"column":5}},"84":{"start":{"line":180,"column":5},"end":{"line":181,"column":32}},"85":{"start":{"line":181,"column":6},"end":{"line":181,"column":32}},"86":{"start":{"line":182,"column":5},"end":{"line":191,"column":6}},"87":{"start":{"line":183,"column":6},"end":{"line":185,"column":9}},"88":{"start":{"line":187,"column":6},"end":{"line":190,"column":10}},"89":{"start":{"line":188,"column":7},"end":{"line":190,"column":10}},"90":{"start":{"line":193,"column":4},"end":{"line":193,"column":28}},"91":{"start":{"line":198,"column":13},"end":{"line":198,"column":17}},"92":{"start":{"line":200,"column":12},"end":{"line":200,"column":60}},"93":{"start":{"line":202,"column":2},"end":{"line":202,"column":15}},"94":{"start":{"line":203,"column":2},"end":{"line":234,"column":5}},"95":{"start":{"line":213,"column":4},"end":{"line":213,"column":48}},"96":{"start":{"line":214,"column":4},"end":{"line":214,"column":40}},"97":{"start":{"line":217,"column":4},"end":{"line":217,"column":46}},"98":{"start":{"line":219,"column":4},"end":{"line":219,"column":30}},"99":{"start":{"line":220,"column":4},"end":{"line":230,"column":6}},"100":{"start":{"line":221,"column":5},"end":{"line":230,"column":6}},"101":{"start":{"line":222,"column":6},"end":{"line":225,"column":10}},"102":{"start":{"line":223,"column":7},"end":{"line":225,"column":10}},"103":{"start":{"line":227,"column":6},"end":{"line":229,"column":9}},"104":{"start":{"line":232,"column":4},"end":{"line":232,"column":38}},"105":{"start":{"line":236,"column":2},"end":{"line":236,"column":14}},"106":{"start":{"line":239,"column":13},"end":{"line":239,"column":17}},"107":{"start":{"line":241,"column":12},"end":{"line":241,"column":56}},"108":{"start":{"line":243,"column":2},"end":{"line":243,"column":15}},"109":{"start":{"line":244,"column":2},"end":{"line":273,"column":5}},"110":{"start":{"line":252,"column":4},"end":{"line":252,"column":46}},"111":{"start":{"line":253,"column":4},"end":{"line":253,"column":36}},"112":{"start":{"line":256,"column":4},"end":{"line":256,"column":44}},"113":{"start":{"line":258,"column":4},"end":{"line":258,"column":30}},"114":{"start":{"line":259,"column":4},"end":{"line":269,"column":6}},"115":{"start":{"line":260,"column":5},"end":{"line":269,"column":6}},"116":{"start":{"line":261,"column":6},"end":{"line":264,"column":10}},"117":{"start":{"line":262,"column":7},"end":{"line":264,"column":10}},"118":{"start":{"line":266,"column":6},"end":{"line":268,"column":9}},"119":{"start":{"line":271,"column":4},"end":{"line":271,"column":34}},"120":{"start":{"line":275,"column":2},"end":{"line":275,"column":14}},"121":{"start":{"line":279,"column":13},"end":{"line":279,"column":17}},"122":{"start":{"line":281,"column":12},"end":{"line":281,"column":55}},"123":{"start":{"line":283,"column":2},"end":{"line":310,"column":5}},"124":{"start":{"line":292,"column":4},"end":{"line":296,"column":5}},"125":{"start":{"line":293,"column":5},"end":{"line":293,"column":43}},"126":{"start":{"line":294,"column":5},"end":{"line":294,"column":30}},"127":{"start":{"line":295,"column":5},"end":{"line":295,"column":31}},"128":{"start":{"line":299,"column":4},"end":{"line":299,"column":33}},"129":{"start":{"line":300,"column":4},"end":{"line":300,"column":26}},"130":{"start":{"line":301,"column":4},"end":{"line":302,"column":31}},"131":{"start":{"line":302,"column":5},"end":{"line":302,"column":31}},"132":{"start":{"line":303,"column":4},"end":{"line":307,"column":9}},"133":{"start":{"line":304,"column":5},"end":{"line":307,"column":9}},"134":{"start":{"line":305,"column":6},"end":{"line":307,"column":9}},"135":{"start":{"line":308,"column":4},"end":{"line":308,"column":28}},"136":{"start":{"line":312,"column":2},"end":{"line":312,"column":14}},"137":{"start":{"line":315,"column":13},"end":{"line":315,"column":17}},"138":{"start":{"line":316,"column":12},"end":{"line":316,"column":56}},"139":{"start":{"line":318,"column":2},"end":{"line":320,"column":3}},"140":{"start":{"line":319,"column":3},"end":{"line":319,"column":16}},"141":{"start":{"line":322,"column":2},"end":{"line":322,"column":24}},"142":{"start":{"line":323,"column":2},"end":{"line":323,"column":34}},"143":{"start":{"line":324,"column":2},"end":{"line":324,"column":22}},"144":{"start":{"line":326,"column":2},"end":{"line":338,"column":5}},"145":{"start":{"line":331,"column":4},"end":{"line":331,"column":30}},"146":{"start":{"line":332,"column":4},"end":{"line":332,"column":30}},"147":{"start":{"line":333,"column":4},"end":{"line":333,"column":26}},"148":{"start":{"line":336,"column":4},"end":{"line":336,"column":39}},"149":{"start":{"line":340,"column":2},"end":{"line":340,"column":14}},"150":{"start":{"line":343,"column":13},"end":{"line":343,"column":17}},"151":{"start":{"line":344,"column":12},"end":{"line":344,"column":78}},"152":{"start":{"line":346,"column":2},"end":{"line":355,"column":5}},"153":{"start":{"line":351,"column":4},"end":{"line":351,"column":62}},"154":{"start":{"line":352,"column":4},"end":{"line":352,"column":39}},"155":{"start":{"line":357,"column":2},"end":{"line":357,"column":14}},"156":{"start":{"line":360,"column":13},"end":{"line":360,"column":17}},"157":{"start":{"line":361,"column":12},"end":{"line":361,"column":78}},"158":{"start":{"line":362,"column":13},"end":{"line":364,"column":3}},"159":{"start":{"line":365,"column":2},"end":{"line":381,"column":5}},"160":{"start":{"line":371,"column":4},"end":{"line":371,"column":63}},"161":{"start":{"line":372,"column":4},"end":{"line":375,"column":44}},"162":{"start":{"line":373,"column":5},"end":{"line":373,"column":39}},"163":{"start":{"line":375,"column":5},"end":{"line":375,"column":44}},"164":{"start":{"line":379,"column":4},"end":{"line":379,"column":43}},"165":{"start":{"line":383,"column":2},"end":{"line":383,"column":14}}},"s":{"0":7,"1":14,"2":14,"3":0,"4":14,"5":0,"6":14,"7":0,"8":14,"9":0,"10":14,"11":0,"12":14,"13":0,"14":7,"15":13,"16":7,"17":7,"18":13,"19":6,"20":6,"21":6,"22":6,"23":86,"24":0,"25":9,"26":0,"27":0,"28":0,"29":0,"30":0,"31":0,"32":0,"33":0,"34":0,"35":0,"36":0,"37":0,"38":0,"39":0,"40":0,"41":0,"42":0,"43":0,"44":0,"45":0,"46":0,"47":0,"48":0,"49":0,"50":0,"51":0,"52":0,"53":0,"54":0,"55":0,"56":0,"57":0,"58":0,"59":0,"60":0,"61":0,"62":0,"63":0,"64":0,"65":0,"66":0,"67":0,"68":0,"69":7,"70":7,"71":7,"72":7,"73":7,"74":7,"75":7,"76":7,"77":7,"78":7,"79":7,"80":7,"81":7,"82":0,"83":0,"84":0,"85":0,"86":0,"87":0,"88":0,"89":0,"90":0,"91":0,"92":0,"93":0,"94":0,"95":0,"96":0,"97":0,"98":0,"99":0,"100":0,"101":0,"102":0,"103":0,"104":0,"105":0,"106":0,"107":0,"108":0,"109":0,"110":0,"111":0,"112":0,"113":0,"114":0,"115":0,"116":0,"117":0,"118":0,"119":0,"120":0,"121":0,"122":0,"123":0,"124":0,"125":0,"126":0,"127":0,"128":0,"129":0,"130":0,"131":0,"132":0,"133":0,"134":0,"135":0,"136":0,"137":0,"138":0,"139":0,"140":0,"141":0,"142":0,"143":0,"144":0,"145":0,"146":0,"147":0,"148":0,"149":0,"150":0,"151":0,"152":0,"153":0,"154":0,"155":0,"156":0,"157":0,"158":0,"159":0,"160":0,"161":0,"162":0,"163":0,"164":0,"165":0},"fnMap":{"0":{"loc":{"start":{"line":4,"column":36},"end":{"line":37,"column":2}},"decl":{"start":{"line":4,"column":11},"end":{"line":4,"column":12}},"line":4,"name":"(anonymous_0)"},"1":{"loc":{"start":{"line":47,"column":17},"end":{"line":49,"column":2}},"decl":{"start":{"line":47,"column":6},"end":{"line":47,"column":7}},"line":47,"name":"(anonymous_1)"},"2":{"loc":{"start":{"line":50,"column":24},"end":{"line":56,"column":2}},"decl":{"start":{"line":50,"column":13},"end":{"line":50,"column":14}},"line":50,"name":"(anonymous_2)"},"3":{"loc":{"start":{"line":57,"column":22},"end":{"line":63,"column":2}},"decl":{"start":{"line":57,"column":11},"end":{"line":57,"column":12}},"line":57,"name":"(anonymous_3)"},"4":{"loc":{"start":{"line":64,"column":24},"end":{"line":66,"column":2}},"decl":{"start":{"line":64,"column":13},"end":{"line":64,"column":14}},"line":64,"name":"(anonymous_4)"},"5":{"loc":{"start":{"line":67,"column":21},"end":{"line":69,"column":2}},"decl":{"start":{"line":67,"column":10},"end":{"line":67,"column":11}},"line":67,"name":"(anonymous_5)"},"6":{"loc":{"start":{"line":71,"column":20},"end":{"line":73,"column":2}},"decl":{"start":{"line":71,"column":9},"end":{"line":71,"column":10}},"line":71,"name":"(anonymous_6)"},"7":{"loc":{"start":{"line":75,"column":32},"end":{"line":88,"column":2}},"decl":{"start":{"line":75,"column":17},"end":{"line":75,"column":18}},"line":75,"name":"(anonymous_7)"},"8":{"loc":{"start":{"line":89,"column":26},"end":{"line":91,"column":2}},"decl":{"start":{"line":89,"column":15},"end":{"line":89,"column":16}},"line":89,"name":"(anonymous_8)"},"9":{"loc":{"start":{"line":92,"column":56},"end":{"line":119,"column":2}},"decl":{"start":{"line":92,"column":17},"end":{"line":92,"column":18}},"line":92,"name":"(anonymous_9)"},"10":{"loc":{"start":{"line":99,"column":34},"end":{"line":105,"column":4}},"decl":{"start":{"line":99,"column":12},"end":{"line":99,"column":13}},"line":99,"name":"(anonymous_10)"},"11":{"loc":{"start":{"line":106,"column":36},"end":{"line":117,"column":4}},"decl":{"start":{"line":106,"column":10},"end":{"line":106,"column":11}},"line":106,"name":"(anonymous_11)"},"12":{"loc":{"start":{"line":120,"column":47},"end":{"line":155,"column":2}},"decl":{"start":{"line":120,"column":14},"end":{"line":120,"column":15}},"line":120,"name":"(anonymous_12)"},"13":{"loc":{"start":{"line":129,"column":34},"end":{"line":135,"column":4}},"decl":{"start":{"line":129,"column":12},"end":{"line":129,"column":13}},"line":129,"name":"(anonymous_13)"},"14":{"loc":{"start":{"line":136,"column":36},"end":{"line":153,"column":4}},"decl":{"start":{"line":136,"column":10},"end":{"line":136,"column":11}},"line":136,"name":"(anonymous_14)"},"15":{"loc":{"start":{"line":156,"column":44},"end":{"line":196,"column":2}},"decl":{"start":{"line":156,"column":11},"end":{"line":156,"column":12}},"line":156,"name":"(anonymous_15)"},"16":{"loc":{"start":{"line":164,"column":34},"end":{"line":176,"column":4}},"decl":{"start":{"line":164,"column":12},"end":{"line":164,"column":13}},"line":164,"name":"(anonymous_16)"},"17":{"loc":{"start":{"line":177,"column":36},"end":{"line":194,"column":4}},"decl":{"start":{"line":177,"column":10},"end":{"line":177,"column":11}},"line":177,"name":"(anonymous_17)"},"18":{"loc":{"start":{"line":197,"column":45},"end":{"line":237,"column":2}},"decl":{"start":{"line":197,"column":14},"end":{"line":197,"column":15}},"line":197,"name":"(anonymous_18)"},"19":{"loc":{"start":{"line":212,"column":27},"end":{"line":215,"column":4}},"decl":{"start":{"line":212,"column":12},"end":{"line":212,"column":13}},"line":212,"name":"(anonymous_19)"},"20":{"loc":{"start":{"line":216,"column":25},"end":{"line":233,"column":4}},"decl":{"start":{"line":216,"column":10},"end":{"line":216,"column":11}},"line":216,"name":"(anonymous_20)"},"21":{"loc":{"start":{"line":238,"column":34},"end":{"line":276,"column":2}},"decl":{"start":{"line":238,"column":18},"end":{"line":238,"column":19}},"line":238,"name":"(anonymous_21)"},"22":{"loc":{"start":{"line":251,"column":27},"end":{"line":254,"column":4}},"decl":{"start":{"line":251,"column":12},"end":{"line":251,"column":13}},"line":251,"name":"(anonymous_22)"},"23":{"loc":{"start":{"line":255,"column":25},"end":{"line":272,"column":4}},"decl":{"start":{"line":255,"column":10},"end":{"line":255,"column":11}},"line":255,"name":"(anonymous_23)"},"24":{"loc":{"start":{"line":277,"column":38},"end":{"line":313,"column":2}},"decl":{"start":{"line":277,"column":9},"end":{"line":277,"column":10}},"line":277,"name":"(anonymous_24)"},"25":{"loc":{"start":{"line":291,"column":27},"end":{"line":297,"column":4}},"decl":{"start":{"line":291,"column":12},"end":{"line":291,"column":13}},"line":291,"name":"(anonymous_25)"},"26":{"loc":{"start":{"line":298,"column":25},"end":{"line":309,"column":4}},"decl":{"start":{"line":298,"column":10},"end":{"line":298,"column":11}},"line":298,"name":"(anonymous_26)"},"27":{"loc":{"start":{"line":314,"column":21},"end":{"line":341,"column":2}},"decl":{"start":{"line":314,"column":10},"end":{"line":314,"column":11}},"line":314,"name":"(anonymous_27)"},"28":{"loc":{"start":{"line":330,"column":27},"end":{"line":334,"column":4}},"decl":{"start":{"line":330,"column":12},"end":{"line":330,"column":13}},"line":330,"name":"(anonymous_28)"},"29":{"loc":{"start":{"line":335,"column":25},"end":{"line":337,"column":4}},"decl":{"start":{"line":335,"column":10},"end":{"line":335,"column":11}},"line":335,"name":"(anonymous_29)"},"30":{"loc":{"start":{"line":342,"column":27},"end":{"line":358,"column":2}},"decl":{"start":{"line":342,"column":16},"end":{"line":342,"column":17}},"line":342,"name":"(anonymous_30)"},"31":{"loc":{"start":{"line":350,"column":27},"end":{"line":353,"column":4}},"decl":{"start":{"line":350,"column":12},"end":{"line":350,"column":13}},"line":350,"name":"(anonymous_31)"},"32":{"loc":{"start":{"line":354,"column":25},"end":{"line":354,"column":27}},"decl":{"start":{"line":354,"column":10},"end":{"line":354,"column":11}},"line":354,"name":"(anonymous_32)"},"33":{"loc":{"start":{"line":359,"column":38},"end":{"line":384,"column":2}},"decl":{"start":{"line":359,"column":23},"end":{"line":359,"column":24}},"line":359,"name":"(anonymous_33)"},"34":{"loc":{"start":{"line":370,"column":27},"end":{"line":377,"column":4}},"decl":{"start":{"line":370,"column":12},"end":{"line":370,"column":13}},"line":370,"name":"(anonymous_34)"},"35":{"loc":{"start":{"line":378,"column":25},"end":{"line":380,"column":4}},"decl":{"start":{"line":378,"column":10},"end":{"line":378,"column":11}},"line":378,"name":"(anonymous_35)"}},"f":{"0":14,"1":7,"2":13,"3":6,"4":86,"5":0,"6":9,"7":0,"8":0,"9":0,"10":0,"11":0,"12":0,"13":0,"14":0,"15":7,"16":7,"17":0,"18":0,"19":0,"20":0,"21":0,"22":0,"23":0,"24":0,"25":0,"26":0,"27":0,"28":0,"29":0,"30":0,"31":0,"32":0,"33":0,"34":0,"35":0},"branchMap":{"0":{"loc":{"start":{"line":7,"column":2},"end":{"line":16,"column":6}},"line":7,"locations":[{"start":{"line":7,"column":2},"end":{"line":16,"column":6}},{"start":{"line":7,"column":2},"end":{"line":16,"column":6}}],"type":"if"},"1":{"loc":{"start":{"line":7,"column":6},"end":{"line":7,"column":75}},"line":7,"locations":[{"start":{"line":7,"column":6},"end":{"line":7,"column":44}},{"start":{"line":7,"column":48},"end":{"line":7,"column":75}}],"type":"binary-expr"},"2":{"loc":{"start":{"line":12,"column":7},"end":{"line":16,"column":6}},"line":12,"locations":[{"start":{"line":12,"column":7},"end":{"line":16,"column":6}},{"start":{"line":12,"column":7},"end":{"line":16,"column":6}}],"type":"if"},"3":{"loc":{"start":{"line":18,"column":2},"end":{"line":27,"column":6}},"line":18,"locations":[{"start":{"line":18,"column":2},"end":{"line":27,"column":6}},{"start":{"line":18,"column":2},"end":{"line":27,"column":6}}],"type":"if"},"4":{"loc":{"start":{"line":18,"column":6},"end":{"line":18,"column":76}},"line":18,"locations":[{"start":{"line":18,"column":6},"end":{"line":18,"column":44}},{"start":{"line":18,"column":48},"end":{"line":18,"column":76}}],"type":"binary-expr"},"5":{"loc":{"start":{"line":23,"column":7},"end":{"line":27,"column":6}},"line":23,"locations":[{"start":{"line":23,"column":7},"end":{"line":27,"column":6}},{"start":{"line":23,"column":7},"end":{"line":27,"column":6}}],"type":"if"},"6":{"loc":{"start":{"line":29,"column":2},"end":{"line":33,"column":6}},"line":29,"locations":[{"start":{"line":29,"column":2},"end":{"line":33,"column":6}},{"start":{"line":29,"column":2},"end":{"line":33,"column":6}}],"type":"if"},"7":{"loc":{"start":{"line":29,"column":6},"end":{"line":29,"column":82}},"line":29,"locations":[{"start":{"line":29,"column":6},"end":{"line":29,"column":47}},{"start":{"line":29,"column":51},"end":{"line":29,"column":82}}],"type":"binary-expr"},"8":{"loc":{"start":{"line":35,"column":2},"end":{"line":36,"column":17}},"line":35,"locations":[{"start":{"line":35,"column":2},"end":{"line":36,"column":17}},{"start":{"line":35,"column":2},"end":{"line":36,"column":17}}],"type":"if"},"9":{"loc":{"start":{"line":48,"column":49},"end":{"line":48,"column":101}},"line":48,"locations":[{"start":{"line":48,"column":83},"end":{"line":48,"column":85}},{"start":{"line":48,"column":88},"end":{"line":48,"column":101}}],"type":"cond-expr"},"10":{"loc":{"start":{"line":51,"column":2},"end":{"line":54,"column":3}},"line":51,"locations":[{"start":{"line":51,"column":2},"end":{"line":54,"column":3}},{"start":{"line":51,"column":2},"end":{"line":54,"column":3}}],"type":"if"},"11":{"loc":{"start":{"line":58,"column":2},"end":{"line":61,"column":3}},"line":58,"locations":[{"start":{"line":58,"column":2},"end":{"line":61,"column":3}},{"start":{"line":58,"column":2},"end":{"line":61,"column":3}}],"type":"if"},"12":{"loc":{"start":{"line":76,"column":2},"end":{"line":87,"column":3}},"line":76,"locations":[{"start":{"line":76,"column":2},"end":{"line":87,"column":3}},{"start":{"line":76,"column":2},"end":{"line":87,"column":3}}],"type":"if"},"13":{"loc":{"start":{"line":78,"column":3},"end":{"line":81,"column":4}},"line":78,"locations":[{"start":{"line":78,"column":3},"end":{"line":81,"column":4}},{"start":{"line":78,"column":3},"end":{"line":81,"column":4}}],"type":"if"},"14":{"loc":{"start":{"line":83,"column":3},"end":{"line":86,"column":4}},"line":83,"locations":[{"start":{"line":83,"column":3},"end":{"line":86,"column":4}},{"start":{"line":83,"column":3},"end":{"line":86,"column":4}}],"type":"if"},"15":{"loc":{"start":{"line":100,"column":4},"end":{"line":104,"column":5}},"line":100,"locations":[{"start":{"line":100,"column":4},"end":{"line":104,"column":5}},{"start":{"line":100,"column":4},"end":{"line":104,"column":5}}],"type":"if"},"16":{"loc":{"start":{"line":108,"column":4},"end":{"line":115,"column":5}},"line":108,"locations":[{"start":{"line":108,"column":4},"end":{"line":115,"column":5}},{"start":{"line":108,"column":4},"end":{"line":115,"column":5}}],"type":"if"},"17":{"loc":{"start":{"line":108,"column":8},"end":{"line":108,"column":110}},"line":108,"locations":[{"start":{"line":108,"column":8},"end":{"line":108,"column":53}},{"start":{"line":108,"column":57},"end":{"line":108,"column":110}}],"type":"binary-expr"},"18":{"loc":{"start":{"line":109,"column":5},"end":{"line":110,"column":32}},"line":109,"locations":[{"start":{"line":109,"column":5},"end":{"line":110,"column":32}},{"start":{"line":109,"column":5},"end":{"line":110,"column":32}}],"type":"if"},"19":{"loc":{"start":{"line":130,"column":4},"end":{"line":134,"column":5}},"line":130,"locations":[{"start":{"line":130,"column":4},"end":{"line":134,"column":5}},{"start":{"line":130,"column":4},"end":{"line":134,"column":5}}],"type":"if"},"20":{"loc":{"start":{"line":138,"column":4},"end":{"line":151,"column":5}},"line":138,"locations":[{"start":{"line":138,"column":4},"end":{"line":151,"column":5}},{"start":{"line":138,"column":4},"end":{"line":151,"column":5}}],"type":"if"},"21":{"loc":{"start":{"line":138,"column":8},"end":{"line":138,"column":110}},"line":138,"locations":[{"start":{"line":138,"column":8},"end":{"line":138,"column":53}},{"start":{"line":138,"column":57},"end":{"line":138,"column":110}}],"type":"binary-expr"},"22":{"loc":{"start":{"line":139,"column":5},"end":{"line":140,"column":32}},"line":139,"locations":[{"start":{"line":139,"column":5},"end":{"line":140,"column":32}},{"start":{"line":139,"column":5},"end":{"line":140,"column":32}}],"type":"if"},"23":{"loc":{"start":{"line":141,"column":5},"end":{"line":150,"column":6}},"line":141,"locations":[{"start":{"line":141,"column":5},"end":{"line":150,"column":6}},{"start":{"line":141,"column":5},"end":{"line":1
[...]
mn":3},"end":{"line":44,"column":4}},"7":{"start":{"line":43,"column":4},"end":{"line":43,"column":38}},"8":{"start":{"line":47,"column":2},"end":{"line":48,"column":24}},"9":{"start":{"line":48,"column":3},"end":{"line":48,"column":24}},"10":{"start":{"line":50,"column":2},"end":{"line":50,"column":56}},"11":{"start":{"line":51,"column":2},"end":{"line":51,"column":56}},"12":{"start":{"line":52,"column":2},"end":{"line":52,"column":27}},"13":{"start":{"line":54,"column":2},"end":{"line":54,"column":18}}},"s":{"0":7,"1":109,"2":7,"3":7,"4":7,"5":0,"6":0,"7":0,"8":7,"9":0,"10":7,"11":7,"12":7,"13":7},"fnMap":{"0":{"loc":{"start":{"line":8,"column":24},"end":{"line":10,"column":2}},"decl":{"start":{"line":8,"column":8},"end":{"line":8,"column":9}},"line":8,"name":"(anonymous_0)"},"1":{"loc":{"start":{"line":35,"column":28},"end":{"line":55,"column":2}},"decl":{"start":{"line":35,"column":17},"end":{"line":35,"column":18}},"line":35,"name":"(anonymous_1)"}},"f":{"0":109,"1":7},"branchMap":{"0":{"loc":{"start":{"line":7,"column":10},"end":{"line":7,"column":66}},"line":7,"locations":[{"start":{"line":7,"column":50},"end":{"line":7,"column":61}},{"start":{"line":7,"column":64},"end":{"line":7,"column":66}}],"type":"cond-expr"},"1":{"loc":{"start":{"line":38,"column":2},"end":{"line":45,"column":3}},"line":38,"locations":[{"start":{"line":38,"column":2},"end":{"line":45,"column":3}},{"start":{"line":38,"column":2},"end":{"line":45,"column":3}}],"type":"if"},"2":{"loc":{"start":{"line":41,"column":14},"end":{"line":41,"column":72}},"line":41,"locations":[{"start":{"line":41,"column":14},"end":{"line":41,"column":43}},{"start":{"line":41,"column":47},"end":{"line":41,"column":72}}],"type":"binary-expr"},"3":{"loc":{"start":{"line":42,"column":3},"end":{"line":44,"column":4}},"line":42,"locations":[{"start":{"line":42,"column":3},"end":{"line":44,"column":4}},{"start":{"line":42,"column":3},"end":{"line":44,"column":4}}],"type":"if"},"4":{"loc":{"start":{"line":42,"column":7},"end":{"line":42,"column":105}},"line":42,"locations":[{"start":{"line":42,"column":7},"end":{"line":42,"column":15}},{"start":{"line":42,"column":19},"end":{"line":42,"column":74}},{"start":{"line":42,"column":78},"end":{"line":42,"column":105}}],"type":"binary-expr"},"5":{"loc":{"start":{"line":47,"column":2},"end":{"line":48,"column":24}},"line":47,"locations":[{"start":{"line":47,"column":2},"end":{"line":48,"column":24}},{"start":{"line":47,"column":2},"end":{"line":48,"column":24}}],"type":"if"}},"_coverageSchema":"332fd63041d2c1bcb487cc26dd0d5f7d97098a6c","hash":"8e60b3bfe458b25d3db71b5d90ecb0dd3fb46178"},"app/models/transaction.js":{"path":"app/models/transaction.js","b":{"0":[0,5],"1":[0,0],"2":[5,0]},"statementMap":{"0":{"start":{"line":2,"column":0},"end":{"line":23,"column":3}},"1":{"start":{"line":5,"column":8},"end":{"line":14,"column":9}},"2":{"start":{"line":17,"column":8},"end":{"line":20,"column":153}},"3":{"start":{"line":18,"column":12},"end":{"line":18,"column":115}},"4":{"start":{"line":20,"column":12},"end":{"line":20,"column":153}}},"s":{"0":7,"1":5,"2":5,"3":0,"4":5},"fnMap":{"0":{"loc":{"start":{"line":4,"column":25},"end":{"line":15,"column":5}},"decl":{"start":{"line":4,"column":14},"end":{"line":4,"column":15}},"line":4,"name":"(anonymous_0)"},"1":{"loc":{"start":{"line":16,"column":20},"end":{"line":21,"column":5}},"decl":{"start":{"line":16,"column":9},"end":{"line":16,"column":10}},"line":16,"name":"(anonymous_1)"}},"f":{"0":5,"1":5},"branchMap":{"0":{"loc":{"start":{"line":17,"column":8},"end":{"line":20,"column":153}},"line":17,"locations":[{"start":{"line":17,"column":8},"end":{"line":20,"column":153}},{"start":{"line":17,"column":8},"end":{"line":20,"column":153}}],"type":"if"},"1":{"loc":{"start":{"line":18,"column":67},"end":{"line":18,"column":113}},"line":18,"locations":[{"start":{"line":18,"column":101},"end":{"line":18,"column":103}},{"start":{"line":18,"column":106},"end":{"line":18,"column":113}}],"type":"cond-expr"},"2":{"loc":{"start":{"line":20,"column":105},"end":{"line":20,"column":151}},"line":20,"locations":[{"start":{"line":20,"column":139},"end":{"line":20,"column":141}},{"start":{"line":20,"column":144},"end":{"line":20,"column":151}}],"type":"cond-expr"}},"_coverageSchema":"332fd63041d2c1bcb487cc26dd0d5f7d97098a6c","hash":"09e56a51648ce3c787819db6e6b17427804e2966"},"app/views/pages/index.js":{"path":"app/views/pages/index.js","b":{"0":[0,0],"1":[0,0,0],"2":[7,0],"3":[7,0],"4":[7,7],"5":[0,7],"6":[7,7,7],"7":[0,7],"8":[7,7]},"statementMap":{"0":{"start":{"line":2,"column":0},"end":{"line":101,"column":3}},"1":{"start":{"line":11,"column":2},"end":{"line":11,"column":65}},"2":{"start":{"line":12,"column":2},"end":{"line":12,"column":23}},"3":{"start":{"line":13,"column":2},"end":{"line":13,"column":43}},"4":{"start":{"line":14,"column":2},"end":{"line":14,"column":42}},"5":{"start":{"line":15,"column":2},"end":{"line":15,"column":33}},"6":{"start":{"line":18,"column":2},"end":{"line":18,"column":20}},"7":{"start":{"line":21,"column":2},"end":{"line":21,"column":22}},"8":{"start":{"line":24,"column":2},"end":{"line":35,"column":3}},"9":{"start":{"line":25,"column":3},"end":{"line":25,"column":36}},"10":{"start":{"line":27,"column":3},"end":{"line":27,"column":28}},"11":{"start":{"line":29,"column":14},"end":{"line":29,"column":18}},"12":{"start":{"line":30,"column":3},"end":{"line":33,"column":6}},"13":{"start":{"line":31,"column":4},"end":{"line":31,"column":18}},"14":{"start":{"line":32,"column":4},"end":{"line":32,"column":40}},"15":{"start":{"line":34,"column":3},"end":{"line":34,"column":17}},"16":{"start":{"line":38,"column":2},"end":{"line":38,"column":26}},"17":{"start":{"line":41,"column":2},"end":{"line":52,"column":3}},"18":{"start":{"line":42,"column":3},"end":{"line":51,"column":11}},"19":{"start":{"line":43,"column":23},"end":{"line":43,"column":70}},"20":{"start":{"line":44,"column":22},"end":{"line":44,"column":65}},"21":{"start":{"line":45,"column":4},"end":{"line":50,"column":5}},"22":{"start":{"line":46,"column":18},"end":{"line":46,"column":52}},"23":{"start":{"line":47,"column":5},"end":{"line":47,"column":63}},"24":{"start":{"line":49,"column":5},"end":{"line":49,"column":56}},"25":{"start":{"line":54,"column":2},"end":{"line":54,"column":31}},"26":{"start":{"line":57,"column":13},"end":{"line":57,"column":17}},"27":{"start":{"line":58,"column":2},"end":{"line":59,"column":43}},"28":{"start":{"line":59,"column":3},"end":{"line":59,"column":43}},"29":{"start":{"line":60,"column":2},"end":{"line":60,"column":23}},"30":{"start":{"line":63,"column":2},"end":{"line":65,"column":5}},"31":{"start":{"line":64,"column":3},"end":{"line":64,"column":36}},"32":{"start":{"line":67,"column":2},"end":{"line":96,"column":5}},"33":{"start":{"line":68,"column":3},"end":{"line":68,"column":40}},"34":{"start":{"line":69,"column":3},"end":{"line":84,"column":6}},"35":{"start":{"line":76,"column":6},"end":{"line":76,"column":51}},"36":{"start":{"line":81,"column":6},"end":{"line":81,"column":138}},"37":{"start":{"line":86,"column":3},"end":{"line":86,"column":17}},"38":{"start":{"line":87,"column":3},"end":{"line":87,"column":39}},"39":{"start":{"line":89,"column":3},"end":{"line":95,"column":4}},"40":{"start":{"line":91,"column":4},"end":{"line":91,"column":48}},"41":{"start":{"line":94,"column":4},"end":{"line":94,"column":45}},"42":{"start":{"line":98,"column":2},"end":{"line":98,"column":16}}},"s":{"0":7,"1":0,"2":0,"3":0,"4":0,"5":0,"6":14,"7":7,"8":0,"9":0,"10":0,"11":0,"12":0,"13":0,"14":0,"15":0,"16":7,"17":7,"18":7,"19":7,"20":7,"21":7,"22":7,"23":7,"24":0,"25":7,"26":7,"27":7,"28":0,"29":7,"30":7,"31":7,"32":7,"33":7,"34":7,"35":0,"36":0,"37":7,"38":7,"39":7,"40":0,"41":7,"42":7},"fnMap":{"0":{"loc":{"start":{"line":10,"column":24},"end":{"line":16,"column":2}},"decl":{"start":{"line":10,"column":13},"end":{"line":10,"column":14}},"line":10,"name":"(anonymous_0)"},"1":{"loc":{"start":{"line":17,"column":19},"end":{"line":19,"column":2}},"decl":{"start":{"line":17,"column":8},"end":{"line":17,"column":9}},"line":17,"name":"(anonymous_1)"},"2":{"loc":{"start":{"line":20,"column":20},"end":{"line":22,"column":2}},"decl":{"start":{"line":20,"column":9},"end":{"line":20,"column":10}},"line":20,"name":"(anonymous_2)"},"3":{"loc":{"start":{"line":23,"column":20},"end":{"line":36,"column":2}},"decl":{"start":{"line":23,"column":9},"end":{"line":23,"column":10}},"line":23,"name":"(anonymous_3)"},"4":{"loc":{"start":{"line":30,"column":32},"end":{"line":33,"column":4}},"decl":{"start":{"line":30,"column":21},"end":{"line":30,"column":22}},"line":30,"name":"(anonymous_4)"},"5":{"loc":{"start":{"line":37,"column":19},"end":{"line":39,"column":2}},"decl":{"start":{"line":37,"column":8},"end":{"line":37,"column":9}},"line":37,"name":"(anonymous_5)"},"6":{"loc":{"start":{"line":40,"column":20},"end":{"line":55,"column":2}},"decl":{"start":{"line":40,"column":9},"end":{"line":40,"column":10}},"line":40,"name":"(anonymous_6)"},"7":{"loc":{"start":{"line":42,"column":54},"end":{"line":51,"column":4}},"decl":{"start":{"line":42,"column":43},"end":{"line":42,"column":44}},"line":42,"name":"(anonymous_7)"},"8":{"loc":{"start":{"line":56,"column":24},"end":{"line":99,"column":2}},"decl":{"start":{"line":56,"column":13},"end":{"line":56,"column":14}},"line":56,"name":"(anonymous_8)"},"9":{"loc":{"start":{"line":63,"column":69},"end":{"line":65,"column":3}},"decl":{"start":{"line":63,"column":58},"end":{"line":63,"column":59}},"line":63,"name":"(anonymous_9)"},"10":{"loc":{"start":{"line":67,"column":31},"end":{"line":96,"column":3}},"decl":{"start":{"line":67,"column":20},"end":{"line":67,"column":21}},"line":67,"name":"(anonymous_10)"},"11":{"loc":{"start":{"line":75,"column":22},"end":{"line":77,"column":6}},"decl":{"start":{"line":75,"column":11},"end":{"line":75,"column":12}},"line":75,"name":"(anonymous_11)"},"12":{"loc":{"start":{"line":80,"column":30},"end":{"line":82,"column":6}},"decl":{"start":{"line":80,"column":15},"end":{"line":80,"column":16}},"line":80,"name":"(anonymous_12)"}},"f":{"0":0,"1":14,"2":7,"3":0,"4":0,"5":7,"6":7,"7":7,"8":7,"9":7,"10":7,"11":0,"12":0},"branchMap":{"0":{"loc":{"start":{"line":24,"column":2},"end":{"line":35,"column":3}},"line":24,"locations":[{"start":{"line":24,"column":2},"end":{"line":35,"column":3}},{"start":{"line":24,"column":2},"end":{"line":35,"column":3}}],"type":"if"},"1":{"loc":{"start":{"line":24,"column":6},"end":{"line":24,"column":96}},"line":24,"locations":[{"start":{"line":24,"column":6},"end":{"line":24,"column":45}},{"start":{"line":24,"column":49},"end":{"line":24,"column":64}},{"start":{"line":24,"column":68},"end":{"line":24,"column":96}}],"type":"binary-expr"},"2":{"loc":{"start":{"line":41,"column":2},"end":{"line":52,"column":3}},"line":41,"locations":[{"start":{"line":41,"column":2},"end":{"line":52,"column":3}},{"start":{"line":41,"column":2},"end":{"line":52,"column":3}}],"type":"if"},"3":{"loc":{"start":{"line":45,"column":4},"end":{"line":50,"column":5}},"line":45,"locations":[{"start":{"line":45,"column":4},"end":{"line":50,"column":5}},{"start":{"line":45,"column":4},"end":{"line":50,"column":5}}],"type":"if"},"4":{"loc":{"start":{"line":45,"column":8},"end":{"line":45,"column":68}},"line":45,"locations":[{"start":{"line":45,"column":8},"end":{"line":45,"column":32}},{"start":{"line":45,"column":36},"end":{"line":45,"column":68}}],"type":"binary-expr"},"5":{"loc":{"start":{"line":58,"column":2},"end":{"line":59,"column":43}},"line":58,"locations":[{"start":{"line":58,"column":2},"end":{"line":59,"column":43}},{"start":{"line":58,"column":2},"end":{"line":59,"column":43}}],"type":"if"},"6":{"loc":{"start":{"line":58,"column":6},"end":{"line":58,"column":96}},"line":58,"locations":[{"start":{"line":58,"column":6},"end":{"line":58,"column":45}},{"start":{"line":58,"column":49},"end":{"line":58,"column":64}},{"start":{"line":58,"column":68},"end":{"line":58,"column":96}}],"type":"binary-expr"},"7":{"loc":{"start":{"line":89,"column":3},"end":{"line":95,"column":4}},"line":89,"locations":[{"start":{"line":89,"column":3},"end":{"line":95,"column":4}},{"start":{"line":89,"column":3},"end":{"line":95,"column":4}}],"type":"if"},"8":{"loc":{"start":{"line":89,"column":7},"end":{"line":89,"column":64}},"line":89,"locations":[{"start":{"line":89,"column":7},"end":{"line":89,"column":31}},{"start":{"line":89,"column":35},"end":{"line":89,"column":64}}],"type":"binary-expr"}},"_coverageSchema":"332fd63041d2c1bcb487cc26dd0d5f7d97098a6c","hash":"65a5911b1322caa9950455016a52e83f4af1e59e"},"app/views/dialogs/edit_wallet.js":{"path":"app/views/dialogs/edit_wallet.js","b":{"0":[3,0],"1":[0,1],"2":[0,1]},"statementMap":{"0":{"start":{"line":2,"column":0},"end":{"line":51,"column":3}},"1":{"start":{"line":10,"column":2},"end":{"line":13,"column":56}},"2":{"start":{"line":11,"column":3},"end":{"line":11,"column":27}},"3":{"start":{"line":13,"column":3},"end":{"line":13,"column":56}},"4":{"start":{"line":15,"column":2},"end":{"line":17,"column":5}},"5":{"start":{"line":20,"column":13},"end":{"line":20,"column":17}},"6":{"start":{"line":22,"column":2},"end":{"line":22,"column":43}},"7":{"start":{"line":23,"column":13},"end":{"line":23,"column":40}},"8":{"start":{"line":24,"column":17},"end":{"line":24,"column":48}},"9":{"start":{"line":25,"column":14},"end":{"line":25,"column":16}},"10":{"start":{"line":27,"column":2},"end":{"line":28,"column":43}},"11":{"start":{"line":28,"column":3},"end":{"line":28,"column":43}},"12":{"start":{"line":30,"column":2},"end":{"line":46,"column":3}},"13":{"start":{"line":31,"column":3},"end":{"line":31,"column":43}},"14":{"start":{"line":32,"column":3},"end":{"line":32,"column":43}},"15":{"start":{"line":34,"column":3},"end":{"line":34,"column":37}},"16":{"start":{"line":35,"column":3},"end":{"line":35,"column":42}},"17":{"start":{"line":36,"column":14},"end":{"line":36,"column":18}},"18":{"start":{"line":37,"column":3},"end":{"line":39,"column":12}},"19":{"start":{"line":38,"column":4},"end":{"line":38,"column":42}},"20":{"start":{"line":41,"column":3},"end":{"line":41,"column":31}},"21":{"start":{"line":42,"column":3},"end":{"line":42,"column":39}},"22":{"start":{"line":43,"column":3},"end":{"line":43,"column":20}},"23":{"start":{"line":45,"column":3},"end":{"line":45,"column":15}},"24":{"start":{"line":49,"column":2},"end":{"line":49,"column":15}}},"s":{"0":7,"1":3,"2":3,"3":0,"4":3,"5":1,"6":1,"7":1,"8":1,"9":1,"10":1,"11":0,"12":1,"13":0,"14":0,"15":0,"16":0,"17":0,"18":0,"19":0,"20":1,"21":1,"22":1,"23":1,"24":1},"fnMap":{"0":{"loc":{"start":{"line":9,"column":30},"end":{"line":18,"column":2}},"decl":{"start":{"line":9,"column":13},"end":{"line":9,"column":14}},"line":9,"name":"(anonymous_0)"},"1":{"loc":{"start":{"line":19,"column":22},"end":{"line":50,"column":2}},"decl":{"start":{"line":19,"column":11},"end":{"line":19,"column":12}},"line":19,"name":"(anonymous_1)"},"2":{"loc":{"start":{"line":37,"column":25},"end":{"line":39,"column":4}},"decl":{"start":{"line":37,"column":14},"end":{"line":37,"column":15}},"line":37,"name":"(anonymous_2)"}},"f":{"0":3,"1":1,"2":0},"branchMap":{"0":{"loc":{"start":{"line":10,"column":2},"end":{"line":13,"column":56}},"line":10,"locations":[{"start":{"line":10,"column":2},"end":{"line":13,"column":56}},{"start":{"line":10,"column":2},"end":{"line":13,"column":56}}],"type":"if"},"1":{"loc":{"start":{"line":27,"column":2},"end":{"line":28,"column":43}},"line":27,"locations":[{"start":{"line":27,"column":2},"end":{"line":28,"column":43}},{"start":{"line":27,"column":2},"end":{"line":28,"column":43}}],"type":"if"},"2":{"loc":{"start":{"line":30,"column":2},"end":{"line":46,"column":3}},"line":30,"locations":[{"start":{"line":30,"column":2},"end":{"line":46,"column":3}},{"start":{"line":30,"column":2},"end":{"line":46,"column":3}}],"type":"if"}},"_coverageSchema":"332fd63041d2c1bcb487cc26dd0d5f7d97098a6c","hash":"90ae453f9ff33fbc522d4a7aa2d5023e28b3eac5"},"app/views/dialogs/remove_plan.js":{"path":"app/views/dialogs/remove_plan.js","b":{"0":[0,0]},"statementMap":{"0":{"start":{"line":2,"column":0},"end":{"line":35,"column":3}},"1":{"start":{"line":10,"column":2},"end":{"line":13,"column":56}},"2":{"start":{"line":11,"column":3},"end":{"line":11,"column":27}},"3":{"start":{"line":13,"column":3},"end":{"line":13,"column":56}},"4":{"start":{"line":15,"column":2},"end":{"line":17,"column":5}},"5":{"start":{"line":20,"column":2},"end":{"line":20,"column":42}},"6":{"start":{"line":22,"column":2},"end":{"line":22,"column":60}},"7":{"start":{"line":23,"column":2},"end":{"line":23,"column":22}},"8":{"start":{"line":24,"column":2},"end":{"line":24,"column":20}},"9":{"start":{"line":26,"column":2},"end":{"line":26,"column":14}},"10":{"start":{"line":28,"column":2},"end":{"line":28,"column":15}},"11":{"start":{"line":32,"column":2},"end":{"line":32,"column":14}},"12":{"start":{"line":33,"column":2},"end":{"line":33,"column":15}}},"s":{"0":7,"1":0,"2":0,"3":0,"4":0,"5":0,"6":0,"7":0,"8":0,"9":0,"10":0,"11":0,"12":0},"fnMap":{"0":{"loc":{"start":{"line":9,"column":30},"end":{"line":18,"column":2}},"decl":{"start":{"line":9,"column":13},"end":{"line":9,"column":14}},"line":9,"name":"(anonymous_0)"},"1":{"loc":{"start":{"line":19,"column":23},"end":{"line":30,"column":2}},"decl":{"start":{"line":19,"column":12},"end":{"line":19,"column":13}},"line":19,"name":"(anonymous_1)"},"2":{"loc":{"start":{"line":31,"column":22},"end":{"line":34,"column":2}},"decl":{"start":{"line":31,"column":11},"end":{"line":31,"column":12}},"line":31,"name":"(anonymous_2)"}},"f":{"0":0,"1":0,"2":0},"branchMap":{"0":{"loc":{"start":{"line":10,"column":2},"end":{"line":13,"column":56}},"line":10,"locations":[{"start":{"line":10,"column":2},"end":{"line":13,"column":56}},{"start":{"line":10,"column":2},"end":{"line":13,"column":56}}],"type":"if"}},"_coverageSchema":"332fd63041d2c1bcb487cc26dd0d5f7d97098a6c","hash":"1d17508a0a52943b45190b085df539d57defa976"},"app/views/dialogs/hide_wallet.js":{"path":"app/views/dialogs/hide_wallet.js","b":{"0":[5,0]},"statementMap":{"0":{"start":{"line":2,"column":0},"end":{"line":28,"column":3}},"1":{"start":{"line":10,"column":2},"end":{"line":13,"column":56}},"2":{"start":{"line":11,"column":3},"end":{"line":11,"column":27}},"3":{"start":{"line":13,"column":3},"end":{"line":13,"column":56}},"4":{"start":{"line":15,"column":2},"end":{"line":17,"column":5}},"5":{"start":{"line":20,"column":2},"end":{"line":20,"column":42}},"6":{"start":{"line":21,"column":2},"end":{"line":21,"column":19}},"7":{"start":{"line":22,"column":2},"end":{"line":22,"column":14}},"8":{"start":{"line":25,"column":2},"end":{"line":25,"column":14}},"9":{"start":{"line":26,"column":2},"end":{"line":26,"column":15}}},"s":{"0":7,"1":5,"2":5,"3":0,"4":5,"5":1,"6":1,"7":1,"8":2,"9":2},"fnMap":{"0":{"loc":{"start":{"line":9,"column":30},"end":{"line":18,"column":2}},"decl":{"start":{"line":9,"column":13},"end":{"line":9,"column":14}},"line":9,"name":"(anonymous_0)"},"1":{"loc":{"start":{"line":19,"column":23},"end":{"line":23,"column":2}},"decl":{"start":{"line":19,"column":12},"end":{"line":19,"column":13}},"line":19,"name":"(anonymous_1)"},"2":{"loc":{"start":{"line":24,"column":22},"end":{"line":27,"column":2}},"decl":{"start":{"line":24,"column":11},"end":{"line":24,"column":12}},"line":24,"name":"(anonymous_2)"}},"f":{"0":5,"1":1,"2":2},"branchMap":{"0":{"loc":{"start":{"line":10,"column":2},"end":{"line":13,"column":56}},"line":10,"locations":[{"start":{"line":10,"column":2},"end":{"line":13,"column":56}},{"start":{"line":10,"column":2},"end":{"line":13,"column":56}}],"type":"if"}},"_coverageSchema":"332fd63041d2c1bcb487cc26dd0d5f7d97098a6c","hash":"049d25286a5bc4fd6b9441f30cf436c7ee505ce2"},"app/views/widgets/index.js":{"path":"app/views/widgets/index.js","b":{},"statementMap":{},"s":{},"fnMap":{},"f":{},"branchMap":{},"_coverageSchema":"332fd63041d2c1bcb487cc26dd0d5f7d97098a6c","hash":"53ff5803e3b47efae9d7f21cc96c5c2689083c79"}}